[  1598.426] _XSERVTransSocketUNIXCreateListener: ...SocketCreateListener() failed
[  1598.426] _XSERVTransMakeAllCOTSServerListeners: server already running
[  1598.427] (--) Log file renamed from "/home/level1/.local/share/xorg/Xorg.pid-4729.log" to "/home/level1/.local/share/xorg/Xorg.1.log"
[  1598.434] 
X.Org X Server 1.20.8
X Protocol Version 11, Revision 0
[  1598.435] Build Operating System: Linux 4.4.0-184-generic x86_64 Ubuntu
[  1598.435] Current Operating System: Linux ubuntu 5.4.0-42-generic #46-Ubuntu SMP Fri Jul 10 00:24:02 UTC 2020 x86_64
[  1598.435] Kernel command line: BOOT_IMAGE=/boot/vmlinuz-5.4.0-42-generic root=UUID=f455d465-f1c7-4718-a1c9-59e2a8e8e11d ro maybe-ubiquity
[  1598.435] Build Date: 24 June 2020  06:00:21AM
[  1598.435] xorg-server 2:1.20.8-2ubuntu2.2 (For technical support please see http://www.ubuntu.com/support) 
[  1598.435] Current version of pixman: 0.38.4
[  1598.435] 	Before reporting problems, check http://wiki.x.org
	to make sure that you have the latest version.
[  1598.435] Markers: (--) probed, (**) from config file, (==) default setting,
	(++) from command line, (!!) notice, (II) informational,
	(WW) warning, (EE) error, (NI) not implemented, (??) unknown.
[  1598.438] (==) Log file: "/home/level1/.local/share/xorg/Xorg.1.log", Time: Tue Jul 28 16:17:43 2020
[  1598.439] (==) Using system config directory "/usr/share/X11/xorg.conf.d"
[  1598.439] (==) No Layout section.  Using the first Screen section.
[  1598.439] (==) No screen section available. Using defaults.
[  1598.440] (**) |-->Screen "Default Screen Section" (0)
[  1598.440] (**) |   |-->Monitor "<default monitor>"
[  1598.441] (==) No monitor specified for screen "Default Screen Section".
	Using a default monitor configuration.
[  1598.442] (==) Automatically adding devices
[  1598.446] (==) Automatically enabling devices
[  1598.446] (==) Automatically adding GPU devices
[  1598.447] (==) Automatically binding GPU devices
[  1598.447] (==) Max clients allowed: 256, resource mask: 0x1fffff
[  1598.447] (WW) The directory "/usr/share/fonts/X11/cyrillic" does not exist.
[  1598.447] 	Entry deleted from font path.
[  1598.447] (WW) The directory "/usr/share/fonts/X11/100dpi/" does not exist.
[  1598.448] 	Entry deleted from font path.
[  1598.448] (WW) The directory "/usr/share/fonts/X11/75dpi/" does not exist.
[  1598.448] 	Entry deleted from font path.
[  1598.448] (WW) The directory "/usr/share/fonts/X11/100dpi" does not exist.
[  1598.448] 	Entry deleted from font path.
[  1598.448] (WW) The directory "/usr/share/fonts/X11/75dpi" does not exist.
[  1598.448] 	Entry deleted from font path.
[  1598.449] (==) FontPath set to:
	/usr/share/fonts/X11/misc,
	/usr/share/fonts/X11/Type1,
	built-ins
[  1598.449] (==) ModulePath set to "/usr/lib/xorg/modules"
[  1598.449] (II) The server relies on udev to provide the list of input devices.
	If no devices become available, reconfigure udev or disable AutoAddDevices.
[  1598.449] (II) Loader magic: 0x5557d21ec020
[  1598.449] (II) Module ABI versions:
[  1598.449] 	X.Org ANSI C Emulation: 0.4
[  1598.449] 	X.Org Video Driver: 24.1
[  1598.449] 	X.Org XInput driver : 24.1
[  1598.449] 	X.Org Server Extension : 10.0
[  1598.452] (++) using VT number 3

[  1598.463] (II) systemd-logind: took control of session /org/freedesktop/login1/session/_39
[  1598.467] (II) xfree86: Adding drm device (/dev/dri/card0)
[  1598.468] (II) systemd-logind: got fd for /dev/dri/card0 226:0 fd 13 paused 0
[  1598.483] (--) PCI:*(0@0:2:0) 15ad:0405:15ad:0405 rev 0, Mem @ 0xf0000000/16777216, 0xf1000000/2097152, I/O @ 0x0000d010/16, BIOS @ 0x????????/131072
[  1598.483] (II) LoadModule: "glx"
[  1598.483] (II) Loading /usr/lib/xorg/modules/extensions/libglx.so
[  1598.491] (II) Module glx: vendor="X.Org Foundation"
[  1598.491] 	compiled for 1.20.8, module version = 1.0.0
[  1598.491] 	ABI class: X.Org Server Extension, version 10.0
[  1598.491] (==) Matched vmware as autoconfigured driver 0
[  1598.491] (==) Matched modesetting as autoconfigured driver 1
[  1598.491] (==) Matched fbdev as autoconfigured driver 2
[  1598.493] (==) Matched vesa as autoconfigured driver 3
[  1598.493] (==) Assigned the driver to the xf86ConfigLayout
[  1598.493] (II) LoadModule: "vmware"
[  1598.493] (II) Loading /usr/lib/xorg/modules/drivers/vmware_drv.so
[  1598.555] (II) Module vmware: vendor="X.Org Foundation"
[  1598.555] 	compiled for 1.20.8, module version = 13.3.0
[  1598.555] 	Module class: X.Org Video Driver
[  1598.556] 	ABI class: X.Org Video Driver, version 24.1
[  1598.556] (II) LoadModule: "modesetting"
[  1598.556] (II) Loading /usr/lib/xorg/modules/drivers/modesetting_drv.so
[  1598.557] (II) Module modesetting: vendor="X.Org Foundation"
[  1598.557] 	compiled for 1.20.8, module version = 1.20.8
[  1598.558] 	Module class: X.Org Video Driver
[  1598.558] 	ABI class: X.Org Video Driver, version 24.1
[  1598.558] (II) LoadModule: "fbdev"
[  1598.563] (II) Loading /usr/lib/xorg/modules/drivers/fbdev_drv.so
[  1598.563] (II) Module fbdev: vendor="X.Org Foundation"
[  1598.563] 	compiled for 1.20.1, module version = 0.5.0
[  1598.563] 	Module class: X.Org Video Driver
[  1598.563] 	ABI class: X.Org Video Driver, version 24.0
[  1598.563] (II) LoadModule: "vesa"
[  1598.564] (II) Loading /usr/lib/xorg/modules/drivers/vesa_drv.so
[  1598.565] (II) Module vesa: vendor="X.Org Foundation"
[  1598.565] 	compiled for 1.20.4, module version = 2.4.0
[  1598.565] 	Module class: X.Org Video Driver
[  1598.565] 	ABI class: X.Org Video Driver, version 24.0
[  1598.565] (II) vmware: driver for VMware SVGA: vmware0405, vmware0710
[  1598.565] (II) modesetting: Driver for Modesetting Kernel Drivers: kms
[  1598.566] (II) FBDEV: driver for framebuffer: fbdev
[  1598.566] (II) VESA: driver for VESA chipsets: vesa
[  1598.570] xf86EnableIOPorts: failed to set IOPL for I/O (Operation not permitted)
[  1598.570] (WW) Falling back to old probe method for modesetting
[  1598.570] (WW) Falling back to old probe method for fbdev
[  1598.570] (II) Loading sub module "fbdevhw"
[  1598.570] (II) LoadModule: "fbdevhw"
[  1598.571] (II) Loading /usr/lib/xorg/modules/libfbdevhw.so
[  1598.572] (II) Module fbdevhw: vendor="X.Org Foundation"
[  1598.572] 	compiled for 1.20.8, module version = 0.0.2
[  1598.572] 	ABI class: X.Org Video Driver, version 24.1
[  1598.572] (EE) open /dev/fb0: Permission denied
[  1598.572] (WW) VGA arbiter: cannot open kernel arbiter, no multi-card support
[  1598.572] (II) vmware(0): Creating default Display subsection in Screen section
	"Default Screen Section" for depth/fbbpp 24/32
[  1598.572] (--) vmware(0): DRM driver version is 2.15.0
[  1598.572] (==) vmware(0): Depth 24, (--) framebuffer bpp 32
[  1598.573] (==) vmware(0): RGB weight 888
[  1598.573] (==) vmware(0): Default visual is TrueColor
[  1598.573] (--) vmware(0): Min width 1, Max Width 8192.
[  1598.573] (--) vmware(0): Min height 1, Max Height 8192.
[  1598.573] (II) vmware(0): Output Virtual1 has no monitor section
[  1598.573] (II) vmware(0): Output Virtual2 has no monitor section
[  1598.574] (II) vmware(0): Output Virtual3 has no monitor section
[  1598.574] (II) vmware(0): Output Virtual4 has no monitor section
[  1598.574] (II) vmware(0): Output Virtual5 has no monitor section
[  1598.575] (II) vmware(0): Output Virtual6 has no monitor section
[  1598.575] (II) vmware(0): Output Virtual7 has no monitor section
[  1598.575] (II) vmware(0): Output Virtual8 has no monitor section
[  1598.576] (II) vmware(0): Printing probed modes for output Virtual1
[  1598.576] (II) vmware(0): Modeline "800x600"x60.0   42.75  800 850 900 950  600 650 700 750 -hsync +vsync (45.0 kHz eP)
[  1598.576] (II) vmware(0): Modeline "2560x1600"x60.0  348.50  2560 2752 3032 3504  1600 1603 1609 1658 -hsync +vsync (99.5 kHz e)
[  1598.576] (II) vmware(0): Modeline "1920x1440"x60.0  234.00  1920 2048 2256 2600  1440 1441 1444 1500 -hsync +vsync (90.0 kHz e)
[  1598.576] (II) vmware(0): Modeline "1856x1392"x60.0  218.25  1856 1952 2176 2528  1392 1393 1396 1439 -hsync +vsync (86.3 kHz e)
[  1598.576] (II) vmware(0): Modeline "1792x1344"x60.0  204.75  1792 1920 2120 2448  1344 1345 1348 1394 -hsync +vsync (83.6 kHz e)
[  1598.577] (II) vmware(0): Modeline "1920x1200"x59.9  193.25  1920 2056 2256 2592  1200 1203 1209 1245 -hsync +vsync (74.6 kHz e)
[  1598.578] (II) vmware(0): Modeline "1600x1200"x60.0  162.00  1600 1664 1856 2160  1200 1201 1204 1250 +hsync +vsync (75.0 kHz e)
[  1598.578] (II) vmware(0): Modeline "1680x1050"x60.0  146.25  1680 1784 1960 2240  1050 1053 1059 1089 -hsync +vsync (65.3 kHz e)
[  1598.578] (II) vmware(0): Modeline "1400x1050"x60.0  121.75  1400 1488 1632 1864  1050 1053 1057 1089 -hsync +vsync (65.3 kHz e)
[  1598.579] (II) vmware(0): Modeline "1280x1024"x60.0  108.00  1280 1328 1440 1688  1024 1025 1028 1066 +hsync +vsync (64.0 kHz e)
[  1598.579] (II) vmware(0): Modeline "1440x900"x59.9  106.50  1440 1520 1672 1904  900 903 909 934 -hsync +vsync (55.9 kHz e)
[  1598.579] (II) vmware(0): Modeline "1280x960"x60.0  108.00  1280 1376 1488 1800  960 961 964 1000 +hsync +vsync (60.0 kHz e)
[  1598.579] (II) vmware(0): Modeline "1360x768"x60.0   85.50  1360 1424 1536 1792  768 771 777 795 +hsync +vsync (47.7 kHz e)
[  1598.579] (II) vmware(0): Modeline "1280x800"x59.8   83.50  1280 1352 1480 1680  800 803 809 831 +hsync -vsync (49.7 kHz e)
[  1598.579] (II) vmware(0): Modeline "1152x864"x75.0  108.00  1152 1216 1344 1600  864 865 868 900 +hsync +vsync (67.5 kHz e)
[  1598.586] (II) vmware(0): Modeline "1280x768"x59.9   79.50  1280 1344 1472 1664  768 771 778 798 -hsync +vsync (47.8 kHz e)
[  1598.586] (II) vmware(0): Modeline "1024x768"x60.0   65.00  1024 1048 1184 1344  768 771 777 806 -hsync -vsync (48.4 kHz e)
[  1598.586] (II) vmware(0): Modeline "800x600"x60.3   40.00  800 840 968 1056  600 601 605 628 +hsync +vsync (37.9 kHz e)
[  1598.586] (II) vmware(0): Modeline "640x480"x59.9   25.18  640 656 752 800  480 489 492 525 -hsync -vsync (31.5 kHz e)
[  1598.586] (II) vmware(0): EDID for output Virtual2
[  1598.586] (II) vmware(0): EDID for output Virtual3
[  1598.586] (II) vmware(0): EDID for output Virtual4
[  1598.586] (II) vmware(0): EDID for output Virtual5
[  1598.586] (II) vmware(0): EDID for output Virtual6
[  1598.586] (II) vmware(0): EDID for output Virtual7
[  1598.586] (II) vmware(0): EDID for output Virtual8
[  1598.587] (II) vmware(0): Output Virtual1 connected
[  1598.587] (II) vmware(0): Output Virtual2 disconnected
[  1598.587] (II) vmware(0): Output Virtual3 disconnected
[  1598.587] (II) vmware(0): Output Virtual4 disconnected
[  1598.587] (II) vmware(0): Output Virtual5 disconnected
[  1598.587] (II) vmware(0): Output Virtual6 disconnected
[  1598.587] (II) vmware(0): Output Virtual7 disconnected
[  1598.587] (II) vmware(0): Output Virtual8 disconnected
[  1598.587] (II) vmware(0): Using exact sizes for initial modes
[  1598.587] (II) vmware(0): Output Virtual1 using initial mode 800x600 +0+0
[  1598.587] (==) vmware(0): DPI set to (96, 96)
[  1598.587] (==) vmware(0): Using gamma correction (1.0, 1.0, 1.0)
[  1598.587] (II) Loading sub module "fb"
[  1598.587] (II) LoadModule: "fb"
[  1598.587] (II) Loading /usr/lib/xorg/modules/libfb.so
[  1598.587] (II) Module fb: vendor="X.Org Foundation"
[  1598.587] 	compiled for 1.20.8, module version = 1.0.0
[  1598.587] 	ABI class: X.Org ANSI C Emulation, version 0.4
[  1598.587] (II) Loading sub module "dri2"
[  1598.587] (II) LoadModule: "dri2"
[  1598.587] (II) Module "dri2" already built-in
[  1598.587] (II) Loading sub module "dri3"
[  1598.587] (II) LoadModule: "dri3"
[  1598.587] (II) Module "dri3" already built-in
[  1598.587] (II) UnloadModule: "modesetting"
[  1598.587] (II) Unloading modesetting
[  1598.587] (II) UnloadModule: "fbdev"
[  1598.587] (II) Unloading fbdev
[  1598.587] (II) UnloadSubModule: "fbdevhw"
[  1598.587] (II) Unloading fbdevhw
[  1598.587] (II) UnloadModule: "vesa"
[  1598.587] (II) Unloading vesa
[  1598.587] (II) vmware(0): Initialized VMWARE_CTRL extension version 0.2
[  1598.616] (WW) vmware(0): Failed to initialize Gallium3D Xa. No render acceleration available.
[  1598.616] (WW) vmware(0): Skipped initialization of direct rendering due to lack of render acceleration.
[  1598.616] (--) vmware(0): Render acceleration is disabled.
[  1598.616] (==) vmware(0): Rendercheck mode is disabled.
[  1598.616] (--) vmware(0): Direct rendering (DRI2 3D) is disabled.
[  1598.617] (--) vmware(0): Direct rendering (DRI3 3D) is disabled.
[  1598.618] (==) vmware(0): Backing store enabled
[  1598.618] (==) vmware(0): Silken mouse enabled
[  1598.622] (==) vmware(0): DPMS enabled
[  1598.622] (II) vmware(0): No 3D acceleration. Not setting up textured video.
[  1598.622] (WW) vmware(0): Disabling Xv because no adaptors could be initialized.
[  1598.623] (II) Initializing extension Generic Event Extension
[  1598.623] (II) Initializing extension SHAPE
[  1598.623] (II) Initializing extension MIT-SHM
[  1598.626] (II) Initializing extension XInputExtension
[  1598.630] (II) Initializing extension XTEST
[  1598.630] (II) Initializing extension BIG-REQUESTS
[  1598.634] (II) Initializing extension SYNC
[  1598.635] (II) Initializing extension XKEYBOARD
[  1598.636] (II) Initializing extension XC-MISC
[  1598.636] (II) Initializing extension SECURITY
[  1598.637] (II) Initializing extension XFIXES
[  1598.637] (II) Initializing extension RENDER
[  1598.642] (II) Initializing extension RANDR
[  1598.643] (II) Initializing extension COMPOSITE
[  1598.645] (II) Initializing extension DAMAGE
[  1598.645] (II) Initializing extension MIT-SCREEN-SAVER
[  1598.646] (II) Initializing extension DOUBLE-BUFFER
[  1598.646] (II) Initializing extension RECORD
[  1598.650] (II) Initializing extension DPMS
[  1598.651] (II) Initializing extension Present
[  1598.653] (II) Initializing extension DRI3
[  1598.654] (II) Initializing extension X-Resource
[  1598.654] (II) Initializing extension XVideo
[  1598.655] (II) Initializing extension XVideo-MotionCompensation
[  1598.656] (II) Initializing extension SELinux
[  1598.658] (II) SELinux: Disabled on system
[  1598.658] (II) Initializing extension GLX
[  1598.659] (II) AIGLX: Screen 0 is not DRI2 capable
[  1598.703] (II) IGLX: Loaded and initialized swrast
[  1598.703] (II) GLX: Initialized DRISWRAST GL provider for screen 0
[  1598.703] (II) Initializing extension XFree86-VidModeExtension
[  1598.705] (II) Initializing extension XFree86-DGA
[  1598.705] (II) Initializing extension XFree86-DRI
[  1598.706] (II) Initializing extension DRI2
[  1598.716] (II) vmware(0): Setting screen physical size to 211 x 158
[  1599.100] (II) config/udev: Adding input device Power Button (/dev/input/event0)
[  1599.100] (**) Power Button: Applying InputClass "libinput keyboard catchall"
[  1599.100] (II) LoadModule: "libinput"
[  1599.100] (II) Loading /usr/lib/xorg/modules/input/libinput_drv.so
[  1599.143] (II) Module libinput: vendor="X.Org Foundation"
[  1599.143] 	compiled for 1.20.4, module version = 0.29.0
[  1599.145] 	Module class: X.Org XInput Driver
[  1599.145] 	ABI class: X.Org XInput driver, version 24.1
[  1599.145] (II) Using input driver 'libinput' for 'Power Button'
[  1599.147] (II) systemd-logind: got fd for /dev/input/event0 13:64 fd 21 paused 0
[  1599.147] (**) Power Button: always reports core events
[  1599.147] (**) Option "Device" "/dev/input/event0"
[  1599.147] (**) Option "_source" "server/udev"
[  1599.162] (II) event0  - Power Button: is tagged by udev as: Keyboard
[  1599.163] (II) event0  - Power Button: device is a keyboard
[  1599.163] (II) event0  - Power Button: device removed
[  1599.163] (**) Option "config_info" "udev:/sys/devices/LNXSYSTM:00/LNXPWRBN:00/input/input0/event0"
[  1599.164] (II) XINPUT: Adding extended input device "Power Button" (type: KEYBOARD, id 6)
[  1599.166] (**) Option "xkb_model" "pc105"
[  1599.166] (**) Option "xkb_layout" "us"
[  1599.170] (II) event0  - Power Button: is tagged by udev as: Keyboard
[  1599.170] (II) event0  - Power Button: device is a keyboard
[  1599.174] (II) config/udev: Adding input device Sleep Button (/dev/input/event1)
[  1599.174] (**) Sleep Button: Applying InputClass "libinput keyboard catchall"
[  1599.174] (II) Using input driver 'libinput' for 'Sleep Button'
[  1599.177] (II) systemd-logind: got fd for /dev/input/event1 13:65 fd 24 paused 0
[  1599.177] (**) Sleep Button: always reports core events
[  1599.177] (**) Option "Device" "/dev/input/event1"
[  1599.177] (**) Option "_source" "server/udev"
[  1599.178] (II) event1  - Sleep Button: is tagged by udev as: Keyboard
[  1599.178] (II) event1  - Sleep Button: device is a keyboard
[  1599.178] (II) event1  - Sleep Button: device removed
[  1599.179] (**) Option "config_info" "udev:/sys/devices/LNXSYSTM:00/LNXSLPBN:00/input/input1/event1"
[  1599.179] (II) XINPUT: Adding extended input device "Sleep Button" (type: KEYBOARD, id 7)
[  1599.179] (**) Option "xkb_model" "pc105"
[  1599.179] (**) Option "xkb_layout" "us"
[  1599.182] (II) event1  - Sleep Button: is tagged by udev as: Keyboard
[  1599.182] (II) event1  - Sleep Button: device is a keyboard
[  1599.187] (II) config/udev: Adding input device Video Bus (/dev/input/event3)
[  1599.187] (**) Video Bus: Applying InputClass "libinput keyboard catchall"
[  1599.187] (II) Using input driver 'libinput' for 'Video Bus'
[  1599.189] (II) systemd-logind: got fd for /dev/input/event3 13:67 fd 25 paused 0
[  1599.189] (**) Video Bus: always reports core events
[  1599.189] (**) Option "Device" "/dev/input/event3"
[  1599.189] (**) Option "_source" "server/udev"
[  1599.192] (II) event3  - Video Bus: is tagged by udev as: Keyboard
[  1599.192] (II) event3  - Video Bus: device is a keyboard
[  1599.193] (II) event3  - Video Bus: device removed
[  1599.193] (**) Option "config_info" "udev:/sys/devices/LNXSYSTM:00/LNXSYBUS:00/PNP0A03:00/LNXVIDEO:00/input/input4/event3"
[  1599.193] (II) XINPUT: Adding extended input device "Video Bus" (type: KEYBOARD, id 8)
[  1599.194] (**) Option "xkb_model" "pc105"
[  1599.194] (**) Option "xkb_layout" "us"
[  1599.198] (II) event3  - Video Bus: is tagged by udev as: Keyboard
[  1599.198] (II) event3  - Video Bus: device is a keyboard
[  1599.206] (II) config/udev: Adding input device VirtualBox mouse integration (/dev/input/event6)
[  1599.206] (**) VirtualBox mouse integration: Applying InputClass "libinput pointer catchall"
[  1599.206] (II) Using input driver 'libinput' for 'VirtualBox mouse integration'
[  1599.208] (II) systemd-logind: got fd for /dev/input/event6 13:70 fd 26 paused 0
[  1599.208] (**) VirtualBox mouse integration: always reports core events
[  1599.208] (**) Option "Device" "/dev/input/event6"
[  1599.208] (**) Option "_source" "server/udev"
[  1599.209] (II) event6  - VirtualBox mouse integration: is tagged by udev as: Mouse
[  1599.209] (II) event6  - VirtualBox mouse integration: device is a pointer
[  1599.210] (II) event6  - VirtualBox mouse integration: device removed
[  1599.210] (**) Option "config_info" "udev:/sys/devices/pci0000:00/0000:00:04.0/input/input7/event6"
[  1599.210] (II) XINPUT: Adding extended input device "VirtualBox mouse integration" (type: MOUSE, id 9)
[  1599.210] (**) Option "AccelerationScheme" "none"
[  1599.210] (**) VirtualBox mouse integration: (accel) selected scheme none/0
[  1599.210] (**) VirtualBox mouse integration: (accel) acceleration factor: 2.000
[  1599.211] (**) VirtualBox mouse integration: (accel) acceleration threshold: 4
[  1599.213] (II) event6  - VirtualBox mouse integration: is tagged by udev as: Mouse
[  1599.213] (II) event6  - VirtualBox mouse integration: device is a pointer
[  1599.218] (II) config/udev: Adding input device VirtualBox mouse integration (/dev/input/js1)
[  1599.218] (II) No input driver specified, ignoring this device.
[  1599.218] (II) This device may have been added with another device file.
[  1599.226] (II) config/udev: Adding input device VirtualBox USB Tablet (/dev/input/event5)
[  1599.226] (**) VirtualBox USB Tablet: Applying InputClass "libinput pointer catchall"
[  1599.227] (II) Using input driver 'libinput' for 'VirtualBox USB Tablet'
[  1599.228] (II) systemd-logind: got fd for /dev/input/event5 13:69 fd 27 paused 0
[  1599.229] (**) VirtualBox USB Tablet: always reports core events
[  1599.229] (**) Option "Device" "/dev/input/event5"
[  1599.229] (**) Option "_source" "server/udev"
[  1599.239] (II) event5  - VirtualBox USB Tablet: is tagged by udev as: Mouse
[  1599.259] (II) event5  - VirtualBox USB Tablet: device is a pointer
[  1599.261] (II) event5  - VirtualBox USB Tablet: device removed
[  1599.274] (**) Option "config_info" "udev:/sys/devices/pci0000:00/0000:00:06.0/usb2/2-1/2-1:1.0/0003:80EE:0021.0001/input/input6/event5"
[  1599.275] (II) XINPUT: Adding extended input device "VirtualBox USB Tablet" (type: MOUSE, id 10)
[  1599.276] (**) Option "AccelerationScheme" "none"
[  1599.276] (**) VirtualBox USB Tablet: (accel) selected scheme none/0
[  1599.276] (**) VirtualBox USB Tablet: (accel) acceleration factor: 2.000
[  1599.276] (**) VirtualBox USB Tablet: (accel) acceleration threshold: 4
[  1599.283] (II) event5  - VirtualBox USB Tablet: is tagged by udev as: Mouse
[  1599.291] (II) event5  - VirtualBox USB Tablet: device is a pointer
[  1599.316] (II) config/udev: Adding input device VirtualBox USB Tablet (/dev/input/js0)
[  1599.316] (II) No input driver specified, ignoring this device.
[  1599.317] (II) This device may have been added with another device file.
[  1599.322] (II) config/udev: Adding input device VirtualBox USB Tablet (/dev/input/mouse1)
[  1599.326] (II) No input driver specified, ignoring this device.
[  1599.326] (II) This device may have been added with another device file.
[  1599.331] (II) config/udev: Adding input device AT Translated Set 2 keyboard (/dev/input/event2)
[  1599.335] (**) AT Translated Set 2 keyboard: Applying InputClass "libinput keyboard catchall"
[  1599.335] (II) Using input driver 'libinput' for 'AT Translated Set 2 keyboard'
[  1599.337] (II) systemd-logind: got fd for /dev/input/event2 13:66 fd 28 paused 0
[  1599.337] (**) AT Translated Set 2 keyboard: always reports core events
[  1599.337] (**) Option "Device" "/dev/input/event2"
[  1599.338] (**) Option "_source" "server/udev"
[  1599.347] (II) event2  - AT Translated Set 2 keyboard: is tagged by udev as: Keyboard
[  1599.347] (II) event2  - AT Translated Set 2 keyboard: device is a keyboard
[  1599.348] (II) event2  - AT Translated Set 2 keyboard: device removed
[  1599.351] (**) Option "config_info" "udev:/sys/devices/platform/i8042/serio0/input/input2/event2"
[  1599.351] (II) XINPUT: Adding extended input device "AT Translated Set 2 keyboard" (type: KEYBOARD, id 11)
[  1599.351] (**) Option "xkb_model" "pc105"
[  1599.351] (**) Option "xkb_layout" "us"
[  1599.354] (II) event2  - AT Translated Set 2 keyboard: is tagged by udev as: Keyboard
[  1599.354] (II) event2  - AT Translated Set 2 keyboard: device is a keyboard
[  1599.359] (II) config/udev: Adding input device ImExPS/2 Generic Explorer Mouse (/dev/input/event4)
[  1599.362] (**) ImExPS/2 Generic Explorer Mouse: Applying InputClass "libinput pointer catchall"
[  1599.362] (II) Using input driver 'libinput' for 'ImExPS/2 Generic Explorer Mouse'
[  1599.364] (II) systemd-logind: got fd for /dev/input/event4 13:68 fd 29 paused 0
[  1599.364] (**) ImExPS/2 Generic Explorer Mouse: always reports core events
[  1599.364] (**) Option "Device" "/dev/input/event4"
[  1599.364] (**) Option "_source" "server/udev"
[  1599.367] (II) event4  - ImExPS/2 Generic Explorer Mouse: is tagged by udev as: Mouse
[  1599.368] (II) event4  - ImExPS/2 Generic Explorer Mouse: device is a pointer
[  1599.368] (II) event4  - ImExPS/2 Generic Explorer Mouse: device removed
[  1599.369] (**) Option "config_info" "udev:/sys/devices/platform/i8042/serio1/input/input5/event4"
[  1599.369] (II) XINPUT: Adding extended input device "ImExPS/2 Generic Explorer Mouse" (type: MOUSE, id 12)
[  1599.370] (**) Option "AccelerationScheme" "none"
[  1599.370] (**) ImExPS/2 Generic Explorer Mouse: (accel) selected scheme none/0
[  1599.371] (**) ImExPS/2 Generic Explorer Mouse: (accel) acceleration factor: 2.000
[  1599.371] (**) ImExPS/2 Generic Explorer Mouse: (accel) acceleration threshold: 4
[  1599.378] (II) event4  - ImExPS/2 Generic Explorer Mouse: is tagged by udev as: Mouse
[  1599.379] (II) event4  - ImExPS/2 Generic Explorer Mouse: device is a pointer
[  1599.383] (II) config/udev: Adding input device ImExPS/2 Generic Explorer Mouse (/dev/input/mouse0)
[  1599.383] (II) No input driver specified, ignoring this device.
[  1599.384] (II) This device may have been added with another device file.
[  5346.612] (II) event4  - ImExPS/2 Generic Explorer Mouse: Enabling spurious button debouncing, see https://wayland.freedesktop.org/libinput/doc/1.15.5/button-debouncing.html for details
[  6066.253] (**) Option "fd" "21"
[  6066.254] (II) event0  - Power Button: device removed
[  6066.254] (**) Option "fd" "24"
[  6066.254] (II) event1  - Sleep Button: device removed
[  6066.254] (**) Option "fd" "25"
[  6066.254] (II) event3  - Video Bus: device removed
[  6066.254] (**) Option "fd" "26"
[  6066.254] (II) event6  - VirtualBox mouse integration: device removed
[  6066.254] (**) Option "fd" "27"
[  6066.254] (II) event5  - VirtualBox USB Tablet: device removed
[  6066.254] (**) Option "fd" "28"
[  6066.254] (II) event2  - AT Translated Set 2 keyboard: device removed
[  6066.255] (**) Option "fd" "29"
[  6066.255] (II) event4  - ImExPS/2 Generic Explorer Mouse: device removed
[  6066.255] (II) UnloadModule: "libinput"
[  6066.255] (II) systemd-logind: releasing fd for 13:68
[  6066.294] (II) UnloadModule: "libinput"
[  6066.294] (II) systemd-logind: releasing fd for 13:66
[  6066.296] (II) UnloadModule: "libinput"
[  6066.296] (II) systemd-logind: releasing fd for 13:69
[  6066.299] (II) UnloadModule: "libinput"
[  6066.299] (II) systemd-logind: releasing fd for 13:70
[  6066.306] (II) UnloadModule: "libinput"
[  6066.306] (II) systemd-logind: releasing fd for 13:67
[  6066.309] (II) UnloadModule: "libinput"
[  6066.309] (II) systemd-logind: releasing fd for 13:65
[  6066.316] (II) UnloadModule: "libinput"
[  6066.316] (II) systemd-logind: releasing fd for 13:64
[  6066.364] (II) Server terminated successfully (0). Closing log file.
