[   891.103] (--) Log file renamed from "/home/level0/.local/share/xorg/Xorg.pid-5310.log" to "/home/level0/.local/share/xorg/Xorg.0.log"
[   891.109] 
X.Org X Server 1.20.8
X Protocol Version 11, Revision 0
[   891.109] Build Operating System: Linux 4.4.0-184-generic x86_64 Ubuntu
[   891.109] Current Operating System: Linux ubuntu 5.4.0-42-generic #46-Ubuntu SMP Fri Jul 10 00:24:02 UTC 2020 x86_64
[   891.110] Kernel command line: BOOT_IMAGE=/boot/vmlinuz-5.4.0-42-generic root=UUID=f455d465-f1c7-4718-a1c9-59e2a8e8e11d ro maybe-ubiquity
[   891.110] Build Date: 24 June 2020  06:00:21AM
[   891.110] xorg-server 2:1.20.8-2ubuntu2.2 (For technical support please see http://www.ubuntu.com/support) 
[   891.110] Current version of pixman: 0.38.4
[   891.110] 	Before reporting problems, check http://wiki.x.org
	to make sure that you have the latest version.
[   891.111] Markers: (--) probed, (**) from config file, (==) default setting,
	(++) from command line, (!!) notice, (II) informational,
	(WW) warning, (EE) error, (NI) not implemented, (??) unknown.
[   891.113] (==) Log file: "/home/level0/.local/share/xorg/Xorg.0.log", Time: Tue Sep 29 05:10:03 2020
[   891.114] (==) Using system config directory "/usr/share/X11/xorg.conf.d"
[   891.115] (==) No Layout section.  Using the first Screen section.
[   891.115] (==) No screen section available. Using defaults.
[   891.115] (**) |-->Screen "Default Screen Section" (0)
[   891.115] (**) |   |-->Monitor "<default monitor>"
[   891.119] (==) No monitor specified for screen "Default Screen Section".
	Using a default monitor configuration.
[   891.119] (==) Automatically adding devices
[   891.119] (==) Automatically enabling devices
[   891.119] (==) Automatically adding GPU devices
[   891.119] (==) Automatically binding GPU devices
[   891.119] (==) Max clients allowed: 256, resource mask: 0x1fffff
[   891.120] (WW) The directory "/usr/share/fonts/X11/cyrillic" does not exist.
[   891.120] 	Entry deleted from font path.
[   891.120] (WW) The directory "/usr/share/fonts/X11/100dpi/" does not exist.
[   891.120] 	Entry deleted from font path.
[   891.120] (WW) The directory "/usr/share/fonts/X11/75dpi/" does not exist.
[   891.120] 	Entry deleted from font path.
[   891.121] (WW) The directory "/usr/share/fonts/X11/100dpi" does not exist.
[   891.121] 	Entry deleted from font path.
[   891.121] (WW) The directory "/usr/share/fonts/X11/75dpi" does not exist.
[   891.121] 	Entry deleted from font path.
[   891.126] (==) FontPath set to:
	/usr/share/fonts/X11/misc,
	/usr/share/fonts/X11/Type1,
	built-ins
[   891.126] (==) ModulePath set to "/usr/lib/xorg/modules"
[   891.126] (II) The server relies on udev to provide the list of input devices.
	If no devices become available, reconfigure udev or disable AutoAddDevices.
[   891.126] (II) Loader magic: 0x558d337f8020
[   891.126] (II) Module ABI versions:
[   891.126] 	X.Org ANSI C Emulation: 0.4
[   891.126] 	X.Org Video Driver: 24.1
[   891.127] 	X.Org XInput driver : 24.1
[   891.127] 	X.Org Server Extension : 10.0
[   891.161] (++) using VT number 2

[   891.228] (II) systemd-logind: took control of session /org/freedesktop/login1/session/_311
[   891.229] (II) xfree86: Adding drm device (/dev/dri/card0)
[   891.241] (II) systemd-logind: got fd for /dev/dri/card0 226:0 fd 12 paused 0
[   891.244] (--) PCI:*(0@0:2:0) 15ad:0405:15ad:0405 rev 0, Mem @ 0xf0000000/16777216, 0xf1000000/2097152, I/O @ 0x0000d000/16, BIOS @ 0x????????/131072
[   891.244] (II) LoadModule: "glx"
[   891.244] (II) Loading /usr/lib/xorg/modules/extensions/libglx.so
[   891.248] (II) Module glx: vendor="X.Org Foundation"
[   891.248] 	compiled for 1.20.8, module version = 1.0.0
[   891.249] 	ABI class: X.Org Server Extension, version 10.0
[   891.249] (==) Matched vmware as autoconfigured driver 0
[   891.249] (==) Matched modesetting as autoconfigured driver 1
[   891.249] (==) Matched fbdev as autoconfigured driver 2
[   891.250] (==) Matched vesa as autoconfigured driver 3
[   891.250] (==) Assigned the driver to the xf86ConfigLayout
[   891.250] (II) LoadModule: "vmware"
[   891.252] (II) Loading /usr/lib/xorg/modules/drivers/vmware_drv.so
[   891.345] (II) Module vmware: vendor="X.Org Foundation"
[   891.345] 	compiled for 1.20.8, module version = 13.3.0
[   891.345] 	Module class: X.Org Video Driver
[   891.345] 	ABI class: X.Org Video Driver, version 24.1
[   891.345] (II) LoadModule: "modesetting"
[   891.345] (II) Loading /usr/lib/xorg/modules/drivers/modesetting_drv.so
[   891.345] (II) Module modesetting: vendor="X.Org Foundation"
[   891.346] 	compiled for 1.20.8, module version = 1.20.8
[   891.346] 	Module class: X.Org Video Driver
[   891.346] 	ABI class: X.Org Video Driver, version 24.1
[   891.346] (II) LoadModule: "fbdev"
[   891.346] (II) Loading /usr/lib/xorg/modules/drivers/fbdev_drv.so
[   891.346] (II) Module fbdev: vendor="X.Org Foundation"
[   891.346] 	compiled for 1.20.1, module version = 0.5.0
[   891.346] 	Module class: X.Org Video Driver
[   891.347] 	ABI class: X.Org Video Driver, version 24.0
[   891.347] (II) LoadModule: "vesa"
[   891.347] (II) Loading /usr/lib/xorg/modules/drivers/vesa_drv.so
[   891.347] (II) Module vesa: vendor="X.Org Foundation"
[   891.347] 	compiled for 1.20.4, module version = 2.4.0
[   891.347] 	Module class: X.Org Video Driver
[   891.347] 	ABI class: X.Org Video Driver, version 24.0
[   891.347] (II) vmware: driver for VMware SVGA: vmware0405, vmware0710
[   891.348] (II) modesetting: Driver for Modesetting Kernel Drivers: kms
[   891.348] (II) FBDEV: driver for framebuffer: fbdev
[   891.348] (II) VESA: driver for VESA chipsets: vesa
[   891.348] xf86EnableIOPorts: failed to set IOPL for I/O (Operation not permitted)
[   891.348] (WW) Falling back to old probe method for modesetting
[   891.348] (WW) Falling back to old probe method for fbdev
[   891.348] (II) Loading sub module "fbdevhw"
[   891.348] (II) LoadModule: "fbdevhw"
[   891.349] (II) Loading /usr/lib/xorg/modules/libfbdevhw.so
[   891.350] (II) Module fbdevhw: vendor="X.Org Foundation"
[   891.350] 	compiled for 1.20.8, module version = 0.0.2
[   891.351] 	ABI class: X.Org Video Driver, version 24.1
[   891.352] (EE) open /dev/fb0: Permission denied
[   891.352] (WW) VGA arbiter: cannot open kernel arbiter, no multi-card support
[   891.352] (II) vmware(0): Creating default Display subsection in Screen section
	"Default Screen Section" for depth/fbbpp 24/32
[   891.355] (--) vmware(0): DRM driver version is 2.15.0
[   891.355] (==) vmware(0): Depth 24, (--) framebuffer bpp 32
[   891.355] (==) vmware(0): RGB weight 888
[   891.355] (==) vmware(0): Default visual is TrueColor
[   891.355] (--) vmware(0): Min width 1, Max Width 8192.
[   891.355] (--) vmware(0): Min height 1, Max Height 8192.
[   891.356] (II) vmware(0): Output Virtual1 has no monitor section
[   891.356] (II) vmware(0): Output Virtual2 has no monitor section
[   891.356] (II) vmware(0): Output Virtual3 has no monitor section
[   891.356] (II) vmware(0): Output Virtual4 has no monitor section
[   891.356] (II) vmware(0): Output Virtual5 has no monitor section
[   891.356] (II) vmware(0): Output Virtual6 has no monitor section
[   891.356] (II) vmware(0): Output Virtual7 has no monitor section
[   891.357] (II) vmware(0): Output Virtual8 has no monitor section
[   891.357] (II) vmware(0): Printing probed modes for output Virtual1
[   891.357] (II) vmware(0): Modeline "800x600"x60.0   42.75  800 850 900 950  600 650 700 750 -hsync +vsync (45.0 kHz eP)
[   891.357] (II) vmware(0): Modeline "2560x1600"x60.0  348.50  2560 2752 3032 3504  1600 1603 1609 1658 -hsync +vsync (99.5 kHz e)
[   891.357] (II) vmware(0): Modeline "1920x1440"x60.0  234.00  1920 2048 2256 2600  1440 1441 1444 1500 -hsync +vsync (90.0 kHz e)
[   891.357] (II) vmware(0): Modeline "1856x1392"x60.0  218.25  1856 1952 2176 2528  1392 1393 1396 1439 -hsync +vsync (86.3 kHz e)
[   891.357] (II) vmware(0): Modeline "1792x1344"x60.0  204.75  1792 1920 2120 2448  1344 1345 1348 1394 -hsync +vsync (83.6 kHz e)
[   891.357] (II) vmware(0): Modeline "1920x1200"x59.9  193.25  1920 2056 2256 2592  1200 1203 1209 1245 -hsync +vsync (74.6 kHz e)
[   891.357] (II) vmware(0): Modeline "1600x1200"x60.0  162.00  1600 1664 1856 2160  1200 1201 1204 1250 +hsync +vsync (75.0 kHz e)
[   891.358] (II) vmware(0): Modeline "1680x1050"x60.0  146.25  1680 1784 1960 2240  1050 1053 1059 1089 -hsync +vsync (65.3 kHz e)
[   891.358] (II) vmware(0): Modeline "1400x1050"x60.0  121.75  1400 1488 1632 1864  1050 1053 1057 1089 -hsync +vsync (65.3 kHz e)
[   891.358] (II) vmware(0): Modeline "1280x1024"x60.0  108.00  1280 1328 1440 1688  1024 1025 1028 1066 +hsync +vsync (64.0 kHz e)
[   891.358] (II) vmware(0): Modeline "1440x900"x59.9  106.50  1440 1520 1672 1904  900 903 909 934 -hsync +vsync (55.9 kHz e)
[   891.358] (II) vmware(0): Modeline "1280x960"x60.0  108.00  1280 1376 1488 1800  960 961 964 1000 +hsync +vsync (60.0 kHz e)
[   891.358] (II) vmware(0): Modeline "1360x768"x60.0   85.50  1360 1424 1536 1792  768 771 777 795 +hsync +vsync (47.7 kHz e)
[   891.358] (II) vmware(0): Modeline "1280x800"x59.8   83.50  1280 1352 1480 1680  800 803 809 831 +hsync -vsync (49.7 kHz e)
[   891.358] (II) vmware(0): Modeline "1152x864"x75.0  108.00  1152 1216 1344 1600  864 865 868 900 +hsync +vsync (67.5 kHz e)
[   891.359] (II) vmware(0): Modeline "1280x768"x59.9   79.50  1280 1344 1472 1664  768 771 778 798 -hsync +vsync (47.8 kHz e)
[   891.359] (II) vmware(0): Modeline "1024x768"x60.0   65.00  1024 1048 1184 1344  768 771 777 806 -hsync -vsync (48.4 kHz e)
[   891.359] (II) vmware(0): Modeline "800x600"x60.3   40.00  800 840 968 1056  600 601 605 628 +hsync +vsync (37.9 kHz e)
[   891.359] (II) vmware(0): Modeline "640x480"x59.9   25.18  640 656 752 800  480 489 492 525 -hsync -vsync (31.5 kHz e)
[   891.359] (II) vmware(0): EDID for output Virtual2
[   891.359] (II) vmware(0): EDID for output Virtual3
[   891.359] (II) vmware(0): EDID for output Virtual4
[   891.359] (II) vmware(0): EDID for output Virtual5
[   891.359] (II) vmware(0): EDID for output Virtual6
[   891.359] (II) vmware(0): EDID for output Virtual7
[   891.359] (II) vmware(0): EDID for output Virtual8
[   891.359] (II) vmware(0): Output Virtual1 connected
[   891.359] (II) vmware(0): Output Virtual2 disconnected
[   891.359] (II) vmware(0): Output Virtual3 disconnected
[   891.359] (II) vmware(0): Output Virtual4 disconnected
[   891.359] (II) vmware(0): Output Virtual5 disconnected
[   891.359] (II) vmware(0): Output Virtual6 disconnected
[   891.359] (II) vmware(0): Output Virtual7 disconnected
[   891.359] (II) vmware(0): Output Virtual8 disconnected
[   891.359] (II) vmware(0): Using exact sizes for initial modes
[   891.359] (II) vmware(0): Output Virtual1 using initial mode 800x600 +0+0
[   891.359] (==) vmware(0): DPI set to (96, 96)
[   891.359] (==) vmware(0): Using gamma correction (1.0, 1.0, 1.0)
[   891.359] (II) Loading sub module "fb"
[   891.359] (II) LoadModule: "fb"
[   891.359] (II) Loading /usr/lib/xorg/modules/libfb.so
[   891.359] (II) Module fb: vendor="X.Org Foundation"
[   891.359] 	compiled for 1.20.8, module version = 1.0.0
[   891.359] 	ABI class: X.Org ANSI C Emulation, version 0.4
[   891.359] (II) Loading sub module "dri2"
[   891.359] (II) LoadModule: "dri2"
[   891.359] (II) Module "dri2" already built-in
[   891.359] (II) Loading sub module "dri3"
[   891.359] (II) LoadModule: "dri3"
[   891.359] (II) Module "dri3" already built-in
[   891.359] (II) UnloadModule: "modesetting"
[   891.359] (II) Unloading modesetting
[   891.360] (II) UnloadModule: "fbdev"
[   891.360] (II) Unloading fbdev
[   891.360] (II) UnloadSubModule: "fbdevhw"
[   891.360] (II) Unloading fbdevhw
[   891.360] (II) UnloadModule: "vesa"
[   891.360] (II) Unloading vesa
[   891.360] (II) vmware(0): Initialized VMWARE_CTRL extension version 0.2
[   891.385] (WW) vmware(0): Failed to initialize Gallium3D Xa. No render acceleration available.
[   891.385] (WW) vmware(0): Skipped initialization of direct rendering due to lack of render acceleration.
[   891.385] (--) vmware(0): Render acceleration is disabled.
[   891.385] (==) vmware(0): Rendercheck mode is disabled.
[   891.385] (--) vmware(0): Direct rendering (DRI2 3D) is disabled.
[   891.385] (--) vmware(0): Direct rendering (DRI3 3D) is disabled.
[   891.385] (==) vmware(0): Backing store enabled
[   891.385] (==) vmware(0): Silken mouse enabled
[   891.386] (==) vmware(0): DPMS enabled
[   891.386] (II) vmware(0): No 3D acceleration. Not setting up textured video.
[   891.388] (WW) vmware(0): Disabling Xv because no adaptors could be initialized.
[   891.388] (II) Initializing extension Generic Event Extension
[   891.389] (II) Initializing extension SHAPE
[   891.390] (II) Initializing extension MIT-SHM
[   891.390] (II) Initializing extension XInputExtension
[   891.392] (II) Initializing extension XTEST
[   891.393] (II) Initializing extension BIG-REQUESTS
[   891.393] (II) Initializing extension SYNC
[   891.393] (II) Initializing extension XKEYBOARD
[   891.394] (II) Initializing extension XC-MISC
[   891.395] (II) Initializing extension SECURITY
[   891.395] (II) Initializing extension XFIXES
[   891.395] (II) Initializing extension RENDER
[   891.396] (II) Initializing extension RANDR
[   891.402] (II) Initializing extension COMPOSITE
[   891.402] (II) Initializing extension DAMAGE
[   891.403] (II) Initializing extension MIT-SCREEN-SAVER
[   891.403] (II) Initializing extension DOUBLE-BUFFER
[   891.403] (II) Initializing extension RECORD
[   891.404] (II) Initializing extension DPMS
[   891.405] (II) Initializing extension Present
[   891.406] (II) Initializing extension DRI3
[   891.406] (II) Initializing extension X-Resource
[   891.406] (II) Initializing extension XVideo
[   891.406] (II) Initializing extension XVideo-MotionCompensation
[   891.406] (II) Initializing extension SELinux
[   891.407] (II) SELinux: Disabled on system
[   891.407] (II) Initializing extension GLX
[   891.408] (II) AIGLX: Screen 0 is not DRI2 capable
[   891.430] (II) IGLX: Loaded and initialized swrast
[   891.430] (II) GLX: Initialized DRISWRAST GL provider for screen 0
[   891.431] (II) Initializing extension XFree86-VidModeExtension
[   891.431] (II) Initializing extension XFree86-DGA
[   891.431] (II) Initializing extension XFree86-DRI
[   891.431] (II) Initializing extension DRI2
[   891.436] (II) vmware(0): Setting screen physical size to 211 x 158
[   891.616] (II) config/udev: Adding input device Power Button (/dev/input/event0)
[   891.616] (**) Power Button: Applying InputClass "libinput keyboard catchall"
[   891.616] (II) LoadModule: "libinput"
[   891.617] (II) Loading /usr/lib/xorg/modules/input/libinput_drv.so
[   891.620] (II) Module libinput: vendor="X.Org Foundation"
[   891.620] 	compiled for 1.20.4, module version = 0.29.0
[   891.620] 	Module class: X.Org XInput Driver
[   891.621] 	ABI class: X.Org XInput driver, version 24.1
[   891.621] (II) Using input driver 'libinput' for 'Power Button'
[   891.624] (II) systemd-logind: got fd for /dev/input/event0 13:64 fd 20 paused 0
[   891.624] (**) Power Button: always reports core events
[   891.624] (**) Option "Device" "/dev/input/event0"
[   891.624] (**) Option "_source" "server/udev"
[   891.628] (II) event0  - Power Button: is tagged by udev as: Keyboard
[   891.629] (II) event0  - Power Button: device is a keyboard
[   891.633] (II) event0  - Power Button: device removed
[   891.633] (**) Option "config_info" "udev:/sys/devices/LNXSYSTM:00/LNXPWRBN:00/input/input0/event0"
[   891.633] (II) XINPUT: Adding extended input device "Power Button" (type: KEYBOARD, id 6)
[   891.633] (**) Option "xkb_model" "pc105"
[   891.634] (**) Option "xkb_layout" "us"
[   891.636] (II) event0  - Power Button: is tagged by udev as: Keyboard
[   891.636] (II) event0  - Power Button: device is a keyboard
[   891.637] (II) config/udev: Adding input device Sleep Button (/dev/input/event1)
[   891.638] (**) Sleep Button: Applying InputClass "libinput keyboard catchall"
[   891.638] (II) Using input driver 'libinput' for 'Sleep Button'
[   891.640] (II) systemd-logind: got fd for /dev/input/event1 13:65 fd 23 paused 0
[   891.640] (**) Sleep Button: always reports core events
[   891.640] (**) Option "Device" "/dev/input/event1"
[   891.640] (**) Option "_source" "server/udev"
[   891.642] (II) event1  - Sleep Button: is tagged by udev as: Keyboard
[   891.642] (II) event1  - Sleep Button: device is a keyboard
[   891.643] (II) event1  - Sleep Button: device removed
[   891.643] (**) Option "config_info" "udev:/sys/devices/LNXSYSTM:00/LNXSLPBN:00/input/input1/event1"
[   891.644] (II) XINPUT: Adding extended input device "Sleep Button" (type: KEYBOARD, id 7)
[   891.644] (**) Option "xkb_model" "pc105"
[   891.644] (**) Option "xkb_layout" "us"
[   891.653] (II) event1  - Sleep Button: is tagged by udev as: Keyboard
[   891.654] (II) event1  - Sleep Button: device is a keyboard
[   891.656] (II) config/udev: Adding input device Video Bus (/dev/input/event3)
[   891.657] (**) Video Bus: Applying InputClass "libinput keyboard catchall"
[   891.657] (II) Using input driver 'libinput' for 'Video Bus'
[   891.659] (II) systemd-logind: got fd for /dev/input/event3 13:67 fd 24 paused 0
[   891.659] (**) Video Bus: always reports core events
[   891.659] (**) Option "Device" "/dev/input/event3"
[   891.659] (**) Option "_source" "server/udev"
[   891.668] (II) event3  - Video Bus: is tagged by udev as: Keyboard
[   891.668] (II) event3  - Video Bus: device is a keyboard
[   891.668] (II) event3  - Video Bus: device removed
[   891.668] (**) Option "config_info" "udev:/sys/devices/LNXSYSTM:00/LNXSYBUS:00/PNP0A03:00/LNXVIDEO:00/input/input4/event3"
[   891.669] (II) XINPUT: Adding extended input device "Video Bus" (type: KEYBOARD, id 8)
[   891.669] (**) Option "xkb_model" "pc105"
[   891.669] (**) Option "xkb_layout" "us"
[   891.674] (II) event3  - Video Bus: is tagged by udev as: Keyboard
[   891.674] (II) event3  - Video Bus: device is a keyboard
[   891.679] (II) config/udev: Adding input device VirtualBox mouse integration (/dev/input/event6)
[   891.679] (**) VirtualBox mouse integration: Applying InputClass "libinput pointer catchall"
[   891.679] (II) Using input driver 'libinput' for 'VirtualBox mouse integration'
[   891.681] (II) systemd-logind: got fd for /dev/input/event6 13:70 fd 25 paused 0
[   891.681] (**) VirtualBox mouse integration: always reports core events
[   891.681] (**) Option "Device" "/dev/input/event6"
[   891.682] (**) Option "_source" "server/udev"
[   891.685] (II) event6  - VirtualBox mouse integration: is tagged by udev as: Mouse
[   891.686] (II) event6  - VirtualBox mouse integration: device is a pointer
[   891.687] (II) event6  - VirtualBox mouse integration: device removed
[   891.688] (**) Option "config_info" "udev:/sys/devices/pci0000:00/0000:00:04.0/input/input7/event6"
[   891.688] (II) XINPUT: Adding extended input device "VirtualBox mouse integration" (type: MOUSE, id 9)
[   891.689] (**) Option "AccelerationScheme" "none"
[   891.689] (**) VirtualBox mouse integration: (accel) selected scheme none/0
[   891.690] (**) VirtualBox mouse integration: (accel) acceleration factor: 2.000
[   891.690] (**) VirtualBox mouse integration: (accel) acceleration threshold: 4
[   891.694] (II) event6  - VirtualBox mouse integration: is tagged by udev as: Mouse
[   891.695] (II) event6  - VirtualBox mouse integration: device is a pointer
[   891.698] (II) config/udev: Adding input device VirtualBox mouse integration (/dev/input/js1)
[   891.699] (II) No input driver specified, ignoring this device.
[   891.699] (II) This device may have been added with another device file.
[   891.705] (II) config/udev: Adding input device VirtualBox USB Tablet (/dev/input/event5)
[   891.705] (**) VirtualBox USB Tablet: Applying InputClass "libinput pointer catchall"
[   891.705] (II) Using input driver 'libinput' for 'VirtualBox USB Tablet'
[   891.765] (II) systemd-logind: got fd for /dev/input/event5 13:69 fd 26 paused 0
[   891.765] (**) VirtualBox USB Tablet: always reports core events
[   891.765] (**) Option "Device" "/dev/input/event5"
[   891.765] (**) Option "_source" "server/udev"
[   891.767] (II) event5  - VirtualBox USB Tablet: is tagged by udev as: Mouse
[   891.767] (II) event5  - VirtualBox USB Tablet: device is a pointer
[   891.767] (II) event5  - VirtualBox USB Tablet: device removed
[   891.767] (**) Option "config_info" "udev:/sys/devices/pci0000:00/0000:00:06.0/usb2/2-1/2-1:1.0/0003:80EE:0021.0001/input/input6/event5"
[   891.767] (II) XINPUT: Adding extended input device "VirtualBox USB Tablet" (type: MOUSE, id 10)
[   891.767] (**) Option "AccelerationScheme" "none"
[   891.767] (**) VirtualBox USB Tablet: (accel) selected scheme none/0
[   891.767] (**) VirtualBox USB Tablet: (accel) acceleration factor: 2.000
[   891.767] (**) VirtualBox USB Tablet: (accel) acceleration threshold: 4
[   891.773] (II) event5  - VirtualBox USB Tablet: is tagged by udev as: Mouse
[   891.774] (II) event5  - VirtualBox USB Tablet: device is a pointer
[   891.777] (II) config/udev: Adding input device VirtualBox USB Tablet (/dev/input/js0)
[   891.777] (II) No input driver specified, ignoring this device.
[   891.777] (II) This device may have been added with another device file.
[   891.782] (II) config/udev: Adding input device VirtualBox USB Tablet (/dev/input/mouse1)
[   891.782] (II) No input driver specified, ignoring this device.
[   891.782] (II) This device may have been added with another device file.
[   891.784] (II) config/udev: Adding input device AT Translated Set 2 keyboard (/dev/input/event2)
[   891.784] (**) AT Translated Set 2 keyboard: Applying InputClass "libinput keyboard catchall"
[   891.784] (II) Using input driver 'libinput' for 'AT Translated Set 2 keyboard'
[   891.787] (II) systemd-logind: got fd for /dev/input/event2 13:66 fd 27 paused 0
[   891.787] (**) AT Translated Set 2 keyboard: always reports core events
[   891.787] (**) Option "Device" "/dev/input/event2"
[   891.788] (**) Option "_source" "server/udev"
[   891.792] (II) event2  - AT Translated Set 2 keyboard: is tagged by udev as: Keyboard
[   891.793] (II) event2  - AT Translated Set 2 keyboard: device is a keyboard
[   891.794] (II) event2  - AT Translated Set 2 keyboard: device removed
[   891.797] (**) Option "config_info" "udev:/sys/devices/platform/i8042/serio0/input/input2/event2"
[   891.797] (II) XINPUT: Adding extended input device "AT Translated Set 2 keyboard" (type: KEYBOARD, id 11)
[   891.797] (**) Option "xkb_model" "pc105"
[   891.797] (**) Option "xkb_layout" "us"
[   891.800] (II) event2  - AT Translated Set 2 keyboard: is tagged by udev as: Keyboard
[   891.801] (II) event2  - AT Translated Set 2 keyboard: device is a keyboard
[   891.804] (II) config/udev: Adding input device ImExPS/2 Generic Explorer Mouse (/dev/input/event4)
[   891.805] (**) ImExPS/2 Generic Explorer Mouse: Applying InputClass "libinput pointer catchall"
[   891.805] (II) Using input driver 'libinput' for 'ImExPS/2 Generic Explorer Mouse'
[   891.806] (II) systemd-logind: got fd for /dev/input/event4 13:68 fd 28 paused 0
[   891.806] (**) ImExPS/2 Generic Explorer Mouse: always reports core events
[   891.806] (**) Option "Device" "/dev/input/event4"
[   891.807] (**) Option "_source" "server/udev"
[   891.812] (II) event4  - ImExPS/2 Generic Explorer Mouse: is tagged by udev as: Mouse
[   891.813] (II) event4  - ImExPS/2 Generic Explorer Mouse: device is a pointer
[   891.814] (II) event4  - ImExPS/2 Generic Explorer Mouse: device removed
[   891.814] (**) Option "config_info" "udev:/sys/devices/platform/i8042/serio1/input/input5/event4"
[   891.814] (II) XINPUT: Adding extended input device "ImExPS/2 Generic Explorer Mouse" (type: MOUSE, id 12)
[   891.815] (**) Option "AccelerationScheme" "none"
[   891.816] (**) ImExPS/2 Generic Explorer Mouse: (accel) selected scheme none/0
[   891.816] (**) ImExPS/2 Generic Explorer Mouse: (accel) acceleration factor: 2.000
[   891.816] (**) ImExPS/2 Generic Explorer Mouse: (accel) acceleration threshold: 4
[   891.824] (II) event4  - ImExPS/2 Generic Explorer Mouse: is tagged by udev as: Mouse
[   891.825] (II) event4  - ImExPS/2 Generic Explorer Mouse: device is a pointer
[   891.828] (II) config/udev: Adding input device ImExPS/2 Generic Explorer Mouse (/dev/input/mouse0)
[   891.828] (II) No input driver specified, ignoring this device.
[   891.832] (II) This device may have been added with another device file.
[   922.410] (II) event4  - ImExPS/2 Generic Explorer Mouse: Enabling spurious button debouncing, see https://wayland.freedesktop.org/libinput/doc/1.15.5/button-debouncing.html for details
[  2084.649] (**) Option "fd" "20"
[  2084.650] (II) event0  - Power Button: device removed
[  2084.650] (**) Option "fd" "23"
[  2084.650] (II) event1  - Sleep Button: device removed
[  2084.650] (**) Option "fd" "24"
[  2084.650] (II) event3  - Video Bus: device removed
[  2084.651] (**) Option "fd" "25"
[  2084.651] (II) event6  - VirtualBox mouse integration: device removed
[  2084.651] (**) Option "fd" "26"
[  2084.651] (II) event5  - VirtualBox USB Tablet: device removed
[  2084.651] (**) Option "fd" "27"
[  2084.651] (II) event2  - AT Translated Set 2 keyboard: device removed
[  2084.651] (**) Option "fd" "28"
[  2084.652] (II) event4  - ImExPS/2 Generic Explorer Mouse: device removed
[  2084.656] (II) UnloadModule: "libinput"
[  2084.656] (II) systemd-logind: releasing fd for 13:68
[  2084.662] (II) UnloadModule: "libinput"
[  2084.662] (II) systemd-logind: releasing fd for 13:66
[  2084.677] (II) UnloadModule: "libinput"
[  2084.677] (II) systemd-logind: releasing fd for 13:69
[  2084.700] (II) UnloadModule: "libinput"
[  2084.700] (II) systemd-logind: releasing fd for 13:70
[  2084.701] (II) UnloadModule: "libinput"
[  2084.701] (II) systemd-logind: releasing fd for 13:67
[  2084.708] (II) UnloadModule: "libinput"
[  2084.708] (II) systemd-logind: releasing fd for 13:65
[  2084.712] (II) UnloadModule: "libinput"
[  2084.712] (II) systemd-logind: releasing fd for 13:64
[  2084.729] (II) Server terminated successfully (0). Closing log file.
