[   245.440] (--) Log file renamed from "/home/level3/.local/share/xorg/Xorg.pid-1686.log" to "/home/level3/.local/share/xorg/Xorg.0.log"
[   245.441] 
X.Org X Server 1.20.8
X Protocol Version 11, Revision 0
[   245.441] Build Operating System: Linux 4.4.0-184-generic x86_64 Ubuntu
[   245.441] Current Operating System: Linux ubuntu 5.4.0-42-generic #46-Ubuntu SMP Fri Jul 10 00:24:02 UTC 2020 x86_64
[   245.441] Kernel command line: BOOT_IMAGE=/boot/vmlinuz-5.4.0-42-generic root=UUID=f455d465-f1c7-4718-a1c9-59e2a8e8e11d ro maybe-ubiquity
[   245.441] Build Date: 24 June 2020  06:00:21AM
[   245.441] xorg-server 2:1.20.8-2ubuntu2.2 (For technical support please see http://www.ubuntu.com/support) 
[   245.441] Current version of pixman: 0.38.4
[   245.441] 	Before reporting problems, check http://wiki.x.org
	to make sure that you have the latest version.
[   245.441] Markers: (--) probed, (**) from config file, (==) default setting,
	(++) from command line, (!!) notice, (II) informational,
	(WW) warning, (EE) error, (NI) not implemented, (??) unknown.
[   245.441] (==) Log file: "/home/level3/.local/share/xorg/Xorg.0.log", Time: Sun Sep 27 02:23:51 2020
[   245.507] (==) Using system config directory "/usr/share/X11/xorg.conf.d"
[   245.529] (==) No Layout section.  Using the first Screen section.
[   245.529] (==) No screen section available. Using defaults.
[   245.529] (**) |-->Screen "Default Screen Section" (0)
[   245.529] (**) |   |-->Monitor "<default monitor>"
[   245.538] (==) No monitor specified for screen "Default Screen Section".
	Using a default monitor configuration.
[   245.538] (==) Automatically adding devices
[   245.538] (==) Automatically enabling devices
[   245.538] (==) Automatically adding GPU devices
[   245.538] (==) Automatically binding GPU devices
[   245.538] (==) Max clients allowed: 256, resource mask: 0x1fffff
[   245.538] (WW) The directory "/usr/share/fonts/X11/cyrillic" does not exist.
[   245.538] 	Entry deleted from font path.
[   245.539] (WW) The directory "/usr/share/fonts/X11/100dpi/" does not exist.
[   245.539] 	Entry deleted from font path.
[   245.539] (WW) The directory "/usr/share/fonts/X11/75dpi/" does not exist.
[   245.539] 	Entry deleted from font path.
[   245.539] (WW) The directory "/usr/share/fonts/X11/100dpi" does not exist.
[   245.539] 	Entry deleted from font path.
[   245.539] (WW) The directory "/usr/share/fonts/X11/75dpi" does not exist.
[   245.539] 	Entry deleted from font path.
[   245.539] (==) FontPath set to:
	/usr/share/fonts/X11/misc,
	/usr/share/fonts/X11/Type1,
	built-ins
[   245.539] (==) ModulePath set to "/usr/lib/xorg/modules"
[   245.539] (II) The server relies on udev to provide the list of input devices.
	If no devices become available, reconfigure udev or disable AutoAddDevices.
[   245.539] (II) Loader magic: 0x55fca9541020
[   245.539] (II) Module ABI versions:
[   245.539] 	X.Org ANSI C Emulation: 0.4
[   245.540] 	X.Org Video Driver: 24.1
[   245.540] 	X.Org XInput driver : 24.1
[   245.540] 	X.Org Server Extension : 10.0
[   245.550] (++) using VT number 2

[   245.599] (II) systemd-logind: took control of session /org/freedesktop/login1/session/_32
[   245.600] (II) xfree86: Adding drm device (/dev/dri/card0)
[   245.626] (II) systemd-logind: got fd for /dev/dri/card0 226:0 fd 12 paused 0
[   245.628] (--) PCI:*(0@0:2:0) 15ad:0405:15ad:0405 rev 0, Mem @ 0xf0000000/16777216, 0xf1000000/2097152, I/O @ 0x0000d000/16, BIOS @ 0x????????/131072
[   245.629] (II) LoadModule: "glx"
[   245.682] (II) Loading /usr/lib/xorg/modules/extensions/libglx.so
[   245.693] (II) Module glx: vendor="X.Org Foundation"
[   245.693] 	compiled for 1.20.8, module version = 1.0.0
[   245.693] 	ABI class: X.Org Server Extension, version 10.0
[   245.693] (==) Matched vmware as autoconfigured driver 0
[   245.694] (==) Matched modesetting as autoconfigured driver 1
[   245.694] (==) Matched fbdev as autoconfigured driver 2
[   245.694] (==) Matched vesa as autoconfigured driver 3
[   245.694] (==) Assigned the driver to the xf86ConfigLayout
[   245.694] (II) LoadModule: "vmware"
[   245.694] (II) Loading /usr/lib/xorg/modules/drivers/vmware_drv.so
[   246.258] (II) Module vmware: vendor="X.Org Foundation"
[   246.258] 	compiled for 1.20.8, module version = 13.3.0
[   246.258] 	Module class: X.Org Video Driver
[   246.258] 	ABI class: X.Org Video Driver, version 24.1
[   246.258] (II) LoadModule: "modesetting"
[   246.258] (II) Loading /usr/lib/xorg/modules/drivers/modesetting_drv.so
[   246.338] (II) Module modesetting: vendor="X.Org Foundation"
[   246.338] 	compiled for 1.20.8, module version = 1.20.8
[   246.338] 	Module class: X.Org Video Driver
[   246.338] 	ABI class: X.Org Video Driver, version 24.1
[   246.338] (II) LoadModule: "fbdev"
[   246.339] (II) Loading /usr/lib/xorg/modules/drivers/fbdev_drv.so
[   246.342] (II) Module fbdev: vendor="X.Org Foundation"
[   246.342] 	compiled for 1.20.1, module version = 0.5.0
[   246.342] 	Module class: X.Org Video Driver
[   246.342] 	ABI class: X.Org Video Driver, version 24.0
[   246.342] (II) LoadModule: "vesa"
[   246.342] (II) Loading /usr/lib/xorg/modules/drivers/vesa_drv.so
[   246.343] (II) Module vesa: vendor="X.Org Foundation"
[   246.343] 	compiled for 1.20.4, module version = 2.4.0
[   246.343] 	Module class: X.Org Video Driver
[   246.343] 	ABI class: X.Org Video Driver, version 24.0
[   246.343] (II) vmware: driver for VMware SVGA: vmware0405, vmware0710
[   246.343] (II) modesetting: Driver for Modesetting Kernel Drivers: kms
[   246.343] (II) FBDEV: driver for framebuffer: fbdev
[   246.343] (II) VESA: driver for VESA chipsets: vesa
[   246.343] xf86EnableIOPorts: failed to set IOPL for I/O (Operation not permitted)
[   246.343] (WW) Falling back to old probe method for modesetting
[   246.343] (WW) Falling back to old probe method for fbdev
[   246.343] (II) Loading sub module "fbdevhw"
[   246.343] (II) LoadModule: "fbdevhw"
[   246.344] (II) Loading /usr/lib/xorg/modules/libfbdevhw.so
[   246.345] (II) Module fbdevhw: vendor="X.Org Foundation"
[   246.345] 	compiled for 1.20.8, module version = 0.0.2
[   246.345] 	ABI class: X.Org Video Driver, version 24.1
[   246.345] (EE) open /dev/fb0: Permission denied
[   246.345] (WW) VGA arbiter: cannot open kernel arbiter, no multi-card support
[   246.346] (II) vmware(0): Creating default Display subsection in Screen section
	"Default Screen Section" for depth/fbbpp 24/32
[   246.346] (--) vmware(0): DRM driver version is 2.15.0
[   246.346] (==) vmware(0): Depth 24, (--) framebuffer bpp 32
[   246.346] (==) vmware(0): RGB weight 888
[   246.346] (==) vmware(0): Default visual is TrueColor
[   246.346] (--) vmware(0): Min width 1, Max Width 8192.
[   246.346] (--) vmware(0): Min height 1, Max Height 8192.
[   246.346] (II) vmware(0): Output Virtual1 has no monitor section
[   246.346] (II) vmware(0): Output Virtual2 has no monitor section
[   246.346] (II) vmware(0): Output Virtual3 has no monitor section
[   246.346] (II) vmware(0): Output Virtual4 has no monitor section
[   246.346] (II) vmware(0): Output Virtual5 has no monitor section
[   246.346] (II) vmware(0): Output Virtual6 has no monitor section
[   246.346] (II) vmware(0): Output Virtual7 has no monitor section
[   246.346] (II) vmware(0): Output Virtual8 has no monitor section
[   246.346] (II) vmware(0): Printing probed modes for output Virtual1
[   246.346] (II) vmware(0): Modeline "800x600"x60.0   42.75  800 850 900 950  600 650 700 750 -hsync +vsync (45.0 kHz eP)
[   246.346] (II) vmware(0): Modeline "2560x1600"x60.0  348.50  2560 2752 3032 3504  1600 1603 1609 1658 -hsync +vsync (99.5 kHz e)
[   246.346] (II) vmware(0): Modeline "1920x1440"x60.0  234.00  1920 2048 2256 2600  1440 1441 1444 1500 -hsync +vsync (90.0 kHz e)
[   246.346] (II) vmware(0): Modeline "1856x1392"x60.0  218.25  1856 1952 2176 2528  1392 1393 1396 1439 -hsync +vsync (86.3 kHz e)
[   246.346] (II) vmware(0): Modeline "1792x1344"x60.0  204.75  1792 1920 2120 2448  1344 1345 1348 1394 -hsync +vsync (83.6 kHz e)
[   246.346] (II) vmware(0): Modeline "1920x1200"x59.9  193.25  1920 2056 2256 2592  1200 1203 1209 1245 -hsync +vsync (74.6 kHz e)
[   246.346] (II) vmware(0): Modeline "1600x1200"x60.0  162.00  1600 1664 1856 2160  1200 1201 1204 1250 +hsync +vsync (75.0 kHz e)
[   246.346] (II) vmware(0): Modeline "1680x1050"x60.0  146.25  1680 1784 1960 2240  1050 1053 1059 1089 -hsync +vsync (65.3 kHz e)
[   246.346] (II) vmware(0): Modeline "1400x1050"x60.0  121.75  1400 1488 1632 1864  1050 1053 1057 1089 -hsync +vsync (65.3 kHz e)
[   246.346] (II) vmware(0): Modeline "1280x1024"x60.0  108.00  1280 1328 1440 1688  1024 1025 1028 1066 +hsync +vsync (64.0 kHz e)
[   246.346] (II) vmware(0): Modeline "1440x900"x59.9  106.50  1440 1520 1672 1904  900 903 909 934 -hsync +vsync (55.9 kHz e)
[   246.346] (II) vmware(0): Modeline "1280x960"x60.0  108.00  1280 1376 1488 1800  960 961 964 1000 +hsync +vsync (60.0 kHz e)
[   246.346] (II) vmware(0): Modeline "1360x768"x60.0   85.50  1360 1424 1536 1792  768 771 777 795 +hsync +vsync (47.7 kHz e)
[   246.346] (II) vmware(0): Modeline "1280x800"x59.8   83.50  1280 1352 1480 1680  800 803 809 831 +hsync -vsync (49.7 kHz e)
[   246.346] (II) vmware(0): Modeline "1152x864"x75.0  108.00  1152 1216 1344 1600  864 865 868 900 +hsync +vsync (67.5 kHz e)
[   246.346] (II) vmware(0): Modeline "1280x768"x59.9   79.50  1280 1344 1472 1664  768 771 778 798 -hsync +vsync (47.8 kHz e)
[   246.346] (II) vmware(0): Modeline "1024x768"x60.0   65.00  1024 1048 1184 1344  768 771 777 806 -hsync -vsync (48.4 kHz e)
[   246.346] (II) vmware(0): Modeline "800x600"x60.3   40.00  800 840 968 1056  600 601 605 628 +hsync +vsync (37.9 kHz e)
[   246.346] (II) vmware(0): Modeline "640x480"x59.9   25.18  640 656 752 800  480 489 492 525 -hsync -vsync (31.5 kHz e)
[   246.346] (II) vmware(0): EDID for output Virtual2
[   246.351] (II) vmware(0): EDID for output Virtual3
[   246.351] (II) vmware(0): EDID for output Virtual4
[   246.351] (II) vmware(0): EDID for output Virtual5
[   246.351] (II) vmware(0): EDID for output Virtual6
[   246.351] (II) vmware(0): EDID for output Virtual7
[   246.351] (II) vmware(0): EDID for output Virtual8
[   246.351] (II) vmware(0): Output Virtual1 connected
[   246.351] (II) vmware(0): Output Virtual2 disconnected
[   246.351] (II) vmware(0): Output Virtual3 disconnected
[   246.351] (II) vmware(0): Output Virtual4 disconnected
[   246.351] (II) vmware(0): Output Virtual5 disconnected
[   246.351] (II) vmware(0): Output Virtual6 disconnected
[   246.351] (II) vmware(0): Output Virtual7 disconnected
[   246.351] (II) vmware(0): Output Virtual8 disconnected
[   246.351] (II) vmware(0): Using exact sizes for initial modes
[   246.351] (II) vmware(0): Output Virtual1 using initial mode 800x600 +0+0
[   246.351] (==) vmware(0): DPI set to (96, 96)
[   246.351] (==) vmware(0): Using gamma correction (1.0, 1.0, 1.0)
[   246.351] (II) Loading sub module "fb"
[   246.351] (II) LoadModule: "fb"
[   246.352] (II) Loading /usr/lib/xorg/modules/libfb.so
[   246.356] (II) Module fb: vendor="X.Org Foundation"
[   246.356] 	compiled for 1.20.8, module version = 1.0.0
[   246.356] 	ABI class: X.Org ANSI C Emulation, version 0.4
[   246.356] (II) Loading sub module "dri2"
[   246.356] (II) LoadModule: "dri2"
[   246.356] (II) Module "dri2" already built-in
[   246.356] (II) Loading sub module "dri3"
[   246.356] (II) LoadModule: "dri3"
[   246.356] (II) Module "dri3" already built-in
[   246.356] (II) UnloadModule: "modesetting"
[   246.356] (II) Unloading modesetting
[   246.356] (II) UnloadModule: "fbdev"
[   246.356] (II) Unloading fbdev
[   246.356] (II) UnloadSubModule: "fbdevhw"
[   246.356] (II) Unloading fbdevhw
[   246.356] (II) UnloadModule: "vesa"
[   246.356] (II) Unloading vesa
[   246.361] (II) vmware(0): Initialized VMWARE_CTRL extension version 0.2
[   246.453] (WW) vmware(0): Failed to initialize Gallium3D Xa. No render acceleration available.
[   246.453] (WW) vmware(0): Skipped initialization of direct rendering due to lack of render acceleration.
[   246.453] (--) vmware(0): Render acceleration is disabled.
[   246.453] (==) vmware(0): Rendercheck mode is disabled.
[   246.453] (--) vmware(0): Direct rendering (DRI2 3D) is disabled.
[   246.453] (--) vmware(0): Direct rendering (DRI3 3D) is disabled.
[   246.453] (==) vmware(0): Backing store enabled
[   246.453] (==) vmware(0): Silken mouse enabled
[   246.457] (==) vmware(0): DPMS enabled
[   246.457] (II) vmware(0): No 3D acceleration. Not setting up textured video.
[   246.457] (WW) vmware(0): Disabling Xv because no adaptors could be initialized.
[   246.457] (II) Initializing extension Generic Event Extension
[   246.457] (II) Initializing extension SHAPE
[   246.457] (II) Initializing extension MIT-SHM
[   246.457] (II) Initializing extension XInputExtension
[   246.458] (II) Initializing extension XTEST
[   246.459] (II) Initializing extension BIG-REQUESTS
[   246.459] (II) Initializing extension SYNC
[   246.459] (II) Initializing extension XKEYBOARD
[   246.459] (II) Initializing extension XC-MISC
[   246.459] (II) Initializing extension SECURITY
[   246.460] (II) Initializing extension XFIXES
[   246.460] (II) Initializing extension RENDER
[   246.460] (II) Initializing extension RANDR
[   246.460] (II) Initializing extension COMPOSITE
[   246.460] (II) Initializing extension DAMAGE
[   246.461] (II) Initializing extension MIT-SCREEN-SAVER
[   246.461] (II) Initializing extension DOUBLE-BUFFER
[   246.461] (II) Initializing extension RECORD
[   246.461] (II) Initializing extension DPMS
[   246.462] (II) Initializing extension Present
[   246.462] (II) Initializing extension DRI3
[   246.462] (II) Initializing extension X-Resource
[   246.462] (II) Initializing extension XVideo
[   246.462] (II) Initializing extension XVideo-MotionCompensation
[   246.462] (II) Initializing extension SELinux
[   246.462] (II) SELinux: Disabled on system
[   246.462] (II) Initializing extension GLX
[   246.479] (II) AIGLX: Screen 0 is not DRI2 capable
[   246.566] (II) IGLX: Loaded and initialized swrast
[   246.567] (II) GLX: Initialized DRISWRAST GL provider for screen 0
[   246.567] (II) Initializing extension XFree86-VidModeExtension
[   246.570] (II) Initializing extension XFree86-DGA
[   246.596] (II) Initializing extension XFree86-DRI
[   246.600] (II) Initializing extension DRI2
[   246.610] (II) vmware(0): Setting screen physical size to 211 x 158
[   246.819] (II) config/udev: Adding input device Power Button (/dev/input/event0)
[   246.819] (**) Power Button: Applying InputClass "libinput keyboard catchall"
[   246.819] (II) LoadModule: "libinput"
[   246.819] (II) Loading /usr/lib/xorg/modules/input/libinput_drv.so
[   246.850] (II) Module libinput: vendor="X.Org Foundation"
[   246.850] 	compiled for 1.20.4, module version = 0.29.0
[   246.850] 	Module class: X.Org XInput Driver
[   246.850] 	ABI class: X.Org XInput driver, version 24.1
[   246.850] (II) Using input driver 'libinput' for 'Power Button'
[   246.858] (II) systemd-logind: got fd for /dev/input/event0 13:64 fd 20 paused 0
[   246.858] (**) Power Button: always reports core events
[   246.858] (**) Option "Device" "/dev/input/event0"
[   246.858] (**) Option "_source" "server/udev"
[   246.867] (II) event0  - Power Button: is tagged by udev as: Keyboard
[   246.869] (II) event0  - Power Button: device is a keyboard
[   246.869] (II) event0  - Power Button: device removed
[   246.869] (**) Option "config_info" "udev:/sys/devices/LNXSYSTM:00/LNXPWRBN:00/input/input0/event0"
[   246.869] (II) XINPUT: Adding extended input device "Power Button" (type: KEYBOARD, id 6)
[   246.869] (**) Option "xkb_model" "pc105"
[   246.870] (**) Option "xkb_layout" "us"
[   246.878] (II) event0  - Power Button: is tagged by udev as: Keyboard
[   246.878] (II) event0  - Power Button: device is a keyboard
[   246.879] (II) config/udev: Adding input device Sleep Button (/dev/input/event1)
[   246.879] (**) Sleep Button: Applying InputClass "libinput keyboard catchall"
[   246.879] (II) Using input driver 'libinput' for 'Sleep Button'
[   246.880] (II) systemd-logind: got fd for /dev/input/event1 13:65 fd 23 paused 0
[   246.880] (**) Sleep Button: always reports core events
[   246.880] (**) Option "Device" "/dev/input/event1"
[   246.880] (**) Option "_source" "server/udev"
[   246.889] (II) event1  - Sleep Button: is tagged by udev as: Keyboard
[   246.889] (II) event1  - Sleep Button: device is a keyboard
[   246.890] (II) event1  - Sleep Button: device removed
[   246.890] (**) Option "config_info" "udev:/sys/devices/LNXSYSTM:00/LNXSLPBN:00/input/input1/event1"
[   246.890] (II) XINPUT: Adding extended input device "Sleep Button" (type: KEYBOARD, id 7)
[   246.890] (**) Option "xkb_model" "pc105"
[   246.890] (**) Option "xkb_layout" "us"
[   246.944] (II) event1  - Sleep Button: is tagged by udev as: Keyboard
[   246.949] (II) event1  - Sleep Button: device is a keyboard
[   246.955] (II) config/udev: Adding input device Video Bus (/dev/input/event3)
[   246.957] (**) Video Bus: Applying InputClass "libinput keyboard catchall"
[   246.957] (II) Using input driver 'libinput' for 'Video Bus'
[   246.959] (II) systemd-logind: got fd for /dev/input/event3 13:67 fd 24 paused 0
[   246.959] (**) Video Bus: always reports core events
[   246.959] (**) Option "Device" "/dev/input/event3"
[   246.959] (**) Option "_source" "server/udev"
[   246.968] (II) event3  - Video Bus: is tagged by udev as: Keyboard
[   246.968] (II) event3  - Video Bus: device is a keyboard
[   246.977] (II) event3  - Video Bus: device removed
[   246.977] (**) Option "config_info" "udev:/sys/devices/LNXSYSTM:00/LNXSYBUS:00/PNP0A03:00/LNXVIDEO:00/input/input4/event3"
[   246.978] (II) XINPUT: Adding extended input device "Video Bus" (type: KEYBOARD, id 8)
[   246.978] (**) Option "xkb_model" "pc105"
[   246.978] (**) Option "xkb_layout" "us"
[   246.986] (II) event3  - Video Bus: is tagged by udev as: Keyboard
[   246.987] (II) event3  - Video Bus: device is a keyboard
[   246.992] (II) config/udev: Adding input device VirtualBox mouse integration (/dev/input/event6)
[   246.992] (**) VirtualBox mouse integration: Applying InputClass "libinput pointer catchall"
[   246.992] (II) Using input driver 'libinput' for 'VirtualBox mouse integration'
[   246.999] (II) systemd-logind: got fd for /dev/input/event6 13:70 fd 25 paused 0
[   246.999] (**) VirtualBox mouse integration: always reports core events
[   246.999] (**) Option "Device" "/dev/input/event6"
[   246.999] (**) Option "_source" "server/udev"
[   247.000] (II) event6  - VirtualBox mouse integration: is tagged by udev as: Mouse
[   247.000] (II) event6  - VirtualBox mouse integration: device is a pointer
[   247.000] (II) event6  - VirtualBox mouse integration: device removed
[   247.001] (**) Option "config_info" "udev:/sys/devices/pci0000:00/0000:00:04.0/input/input7/event6"
[   247.001] (II) XINPUT: Adding extended input device "VirtualBox mouse integration" (type: MOUSE, id 9)
[   247.008] (**) Option "AccelerationScheme" "none"
[   247.008] (**) VirtualBox mouse integration: (accel) selected scheme none/0
[   247.008] (**) VirtualBox mouse integration: (accel) acceleration factor: 2.000
[   247.008] (**) VirtualBox mouse integration: (accel) acceleration threshold: 4
[   247.008] (II) event6  - VirtualBox mouse integration: is tagged by udev as: Mouse
[   247.008] (II) event6  - VirtualBox mouse integration: device is a pointer
[   247.009] (II) config/udev: Adding input device VirtualBox mouse integration (/dev/input/js1)
[   247.009] (II) No input driver specified, ignoring this device.
[   247.009] (II) This device may have been added with another device file.
[   247.010] (II) config/udev: Adding input device VirtualBox USB Tablet (/dev/input/event5)
[   247.010] (**) VirtualBox USB Tablet: Applying InputClass "libinput pointer catchall"
[   247.010] (II) Using input driver 'libinput' for 'VirtualBox USB Tablet'
[   247.071] (II) systemd-logind: got fd for /dev/input/event5 13:69 fd 26 paused 0
[   247.071] (**) VirtualBox USB Tablet: always reports core events
[   247.071] (**) Option "Device" "/dev/input/event5"
[   247.071] (**) Option "_source" "server/udev"
[   247.073] (II) event5  - VirtualBox USB Tablet: is tagged by udev as: Mouse
[   247.073] (II) event5  - VirtualBox USB Tablet: device is a pointer
[   247.073] (II) event5  - VirtualBox USB Tablet: device removed
[   247.073] (**) Option "config_info" "udev:/sys/devices/pci0000:00/0000:00:06.0/usb2/2-1/2-1:1.0/0003:80EE:0021.0001/input/input6/event5"
[   247.073] (II) XINPUT: Adding extended input device "VirtualBox USB Tablet" (type: MOUSE, id 10)
[   247.073] (**) Option "AccelerationScheme" "none"
[   247.073] (**) VirtualBox USB Tablet: (accel) selected scheme none/0
[   247.074] (**) VirtualBox USB Tablet: (accel) acceleration factor: 2.000
[   247.074] (**) VirtualBox USB Tablet: (accel) acceleration threshold: 4
[   247.078] (II) event5  - VirtualBox USB Tablet: is tagged by udev as: Mouse
[   247.079] (II) event5  - VirtualBox USB Tablet: device is a pointer
[   247.082] (II) config/udev: Adding input device VirtualBox USB Tablet (/dev/input/js0)
[   247.082] (II) No input driver specified, ignoring this device.
[   247.082] (II) This device may have been added with another device file.
[   247.085] (II) config/udev: Adding input device VirtualBox USB Tablet (/dev/input/mouse1)
[   247.085] (II) No input driver specified, ignoring this device.
[   247.085] (II) This device may have been added with another device file.
[   247.086] (II) config/udev: Adding input device AT Translated Set 2 keyboard (/dev/input/event2)
[   247.087] (**) AT Translated Set 2 keyboard: Applying InputClass "libinput keyboard catchall"
[   247.087] (II) Using input driver 'libinput' for 'AT Translated Set 2 keyboard'
[   247.088] (II) systemd-logind: got fd for /dev/input/event2 13:66 fd 27 paused 0
[   247.088] (**) AT Translated Set 2 keyboard: always reports core events
[   247.089] (**) Option "Device" "/dev/input/event2"
[   247.089] (**) Option "_source" "server/udev"
[   247.092] (II) event2  - AT Translated Set 2 keyboard: is tagged by udev as: Keyboard
[   247.092] (II) event2  - AT Translated Set 2 keyboard: device is a keyboard
[   247.093] (II) event2  - AT Translated Set 2 keyboard: device removed
[   247.093] (**) Option "config_info" "udev:/sys/devices/platform/i8042/serio0/input/input2/event2"
[   247.093] (II) XINPUT: Adding extended input device "AT Translated Set 2 keyboard" (type: KEYBOARD, id 11)
[   247.094] (**) Option "xkb_model" "pc105"
[   247.094] (**) Option "xkb_layout" "us"
[   247.098] (II) event2  - AT Translated Set 2 keyboard: is tagged by udev as: Keyboard
[   247.098] (II) event2  - AT Translated Set 2 keyboard: device is a keyboard
[   247.105] (II) config/udev: Adding input device ImExPS/2 Generic Explorer Mouse (/dev/input/event4)
[   247.119] (**) ImExPS/2 Generic Explorer Mouse: Applying InputClass "libinput pointer catchall"
[   247.120] (II) Using input driver 'libinput' for 'ImExPS/2 Generic Explorer Mouse'
[   247.193] (II) systemd-logind: got fd for /dev/input/event4 13:68 fd 28 paused 0
[   247.193] (**) ImExPS/2 Generic Explorer Mouse: always reports core events
[   247.193] (**) Option "Device" "/dev/input/event4"
[   247.193] (**) Option "_source" "server/udev"
[   247.194] (II) event4  - ImExPS/2 Generic Explorer Mouse: is tagged by udev as: Mouse
[   247.194] (II) event4  - ImExPS/2 Generic Explorer Mouse: device is a pointer
[   247.195] (II) event4  - ImExPS/2 Generic Explorer Mouse: device removed
[   247.195] (**) Option "config_info" "udev:/sys/devices/platform/i8042/serio1/input/input5/event4"
[   247.195] (II) XINPUT: Adding extended input device "ImExPS/2 Generic Explorer Mouse" (type: MOUSE, id 12)
[   247.195] (**) Option "AccelerationScheme" "none"
[   247.195] (**) ImExPS/2 Generic Explorer Mouse: (accel) selected scheme none/0
[   247.195] (**) ImExPS/2 Generic Explorer Mouse: (accel) acceleration factor: 2.000
[   247.195] (**) ImExPS/2 Generic Explorer Mouse: (accel) acceleration threshold: 4
[   247.196] (II) event4  - ImExPS/2 Generic Explorer Mouse: is tagged by udev as: Mouse
[   247.196] (II) event4  - ImExPS/2 Generic Explorer Mouse: device is a pointer
[   247.197] (II) config/udev: Adding input device ImExPS/2 Generic Explorer Mouse (/dev/input/mouse0)
[   247.197] (II) No input driver specified, ignoring this device.
[   247.197] (II) This device may have been added with another device file.
