[   724.355] (--) Log file renamed from "/home/level5/.local/share/xorg/Xorg.pid-4130.log" to "/home/level5/.local/share/xorg/Xorg.0.log"
[   724.355] 
X.Org X Server 1.20.8
X Protocol Version 11, Revision 0
[   724.355] Build Operating System: Linux 4.4.0-184-generic x86_64 Ubuntu
[   724.355] Current Operating System: Linux ubuntu 5.4.0-42-generic #46-Ubuntu SMP Fri Jul 10 00:24:02 UTC 2020 x86_64
[   724.355] Kernel command line: BOOT_IMAGE=/boot/vmlinuz-5.4.0-42-generic root=UUID=f455d465-f1c7-4718-a1c9-59e2a8e8e11d ro maybe-ubiquity
[   724.355] Build Date: 24 June 2020  06:00:21AM
[   724.355] xorg-server 2:1.20.8-2ubuntu2.2 (For technical support please see http://www.ubuntu.com/support) 
[   724.355] Current version of pixman: 0.38.4
[   724.355] 	Before reporting problems, check http://wiki.x.org
	to make sure that you have the latest version.
[   724.355] Markers: (--) probed, (**) from config file, (==) default setting,
	(++) from command line, (!!) notice, (II) informational,
	(WW) warning, (EE) error, (NI) not implemented, (??) unknown.
[   724.355] (==) Log file: "/home/level5/.local/share/xorg/Xorg.0.log", Time: Tue Sep 29 05:07:16 2020
[   724.355] (==) Using system config directory "/usr/share/X11/xorg.conf.d"
[   724.355] (==) No Layout section.  Using the first Screen section.
[   724.355] (==) No screen section available. Using defaults.
[   724.355] (**) |-->Screen "Default Screen Section" (0)
[   724.355] (**) |   |-->Monitor "<default monitor>"
[   724.356] (==) No monitor specified for screen "Default Screen Section".
	Using a default monitor configuration.
[   724.356] (==) Automatically adding devices
[   724.356] (==) Automatically enabling devices
[   724.356] (==) Automatically adding GPU devices
[   724.356] (==) Automatically binding GPU devices
[   724.356] (==) Max clients allowed: 256, resource mask: 0x1fffff
[   724.356] (WW) The directory "/usr/share/fonts/X11/cyrillic" does not exist.
[   724.356] 	Entry deleted from font path.
[   724.356] (WW) The directory "/usr/share/fonts/X11/100dpi/" does not exist.
[   724.356] 	Entry deleted from font path.
[   724.356] (WW) The directory "/usr/share/fonts/X11/75dpi/" does not exist.
[   724.356] 	Entry deleted from font path.
[   724.356] (WW) The directory "/usr/share/fonts/X11/100dpi" does not exist.
[   724.356] 	Entry deleted from font path.
[   724.356] (WW) The directory "/usr/share/fonts/X11/75dpi" does not exist.
[   724.356] 	Entry deleted from font path.
[   724.356] (==) FontPath set to:
	/usr/share/fonts/X11/misc,
	/usr/share/fonts/X11/Type1,
	built-ins
[   724.356] (==) ModulePath set to "/usr/lib/xorg/modules"
[   724.356] (II) The server relies on udev to provide the list of input devices.
	If no devices become available, reconfigure udev or disable AutoAddDevices.
[   724.356] (II) Loader magic: 0x561f01989020
[   724.356] (II) Module ABI versions:
[   724.356] 	X.Org ANSI C Emulation: 0.4
[   724.356] 	X.Org Video Driver: 24.1
[   724.356] 	X.Org XInput driver : 24.1
[   724.356] 	X.Org Server Extension : 10.0
[   724.381] (++) using VT number 2

[   724.428] (II) systemd-logind: took control of session /org/freedesktop/login1/session/_38
[   724.429] (II) xfree86: Adding drm device (/dev/dri/card0)
[   724.489] (II) systemd-logind: got fd for /dev/dri/card0 226:0 fd 12 paused 0
[   724.491] (--) PCI:*(0@0:2:0) 15ad:0405:15ad:0405 rev 0, Mem @ 0xf0000000/16777216, 0xf1000000/2097152, I/O @ 0x0000d000/16, BIOS @ 0x????????/131072
[   724.491] (II) LoadModule: "glx"
[   724.491] (II) Loading /usr/lib/xorg/modules/extensions/libglx.so
[   724.492] (II) Module glx: vendor="X.Org Foundation"
[   724.492] 	compiled for 1.20.8, module version = 1.0.0
[   724.492] 	ABI class: X.Org Server Extension, version 10.0
[   724.492] (==) Matched vmware as autoconfigured driver 0
[   724.492] (==) Matched modesetting as autoconfigured driver 1
[   724.492] (==) Matched fbdev as autoconfigured driver 2
[   724.492] (==) Matched vesa as autoconfigured driver 3
[   724.492] (==) Assigned the driver to the xf86ConfigLayout
[   724.492] (II) LoadModule: "vmware"
[   724.495] (II) Loading /usr/lib/xorg/modules/drivers/vmware_drv.so
[   724.573] (II) Module vmware: vendor="X.Org Foundation"
[   724.575] 	compiled for 1.20.8, module version = 13.3.0
[   724.575] 	Module class: X.Org Video Driver
[   724.575] 	ABI class: X.Org Video Driver, version 24.1
[   724.575] (II) LoadModule: "modesetting"
[   724.576] (II) Loading /usr/lib/xorg/modules/drivers/modesetting_drv.so
[   724.576] (II) Module modesetting: vendor="X.Org Foundation"
[   724.576] 	compiled for 1.20.8, module version = 1.20.8
[   724.577] 	Module class: X.Org Video Driver
[   724.578] 	ABI class: X.Org Video Driver, version 24.1
[   724.578] (II) LoadModule: "fbdev"
[   724.579] (II) Loading /usr/lib/xorg/modules/drivers/fbdev_drv.so
[   724.580] (II) Module fbdev: vendor="X.Org Foundation"
[   724.580] 	compiled for 1.20.1, module version = 0.5.0
[   724.580] 	Module class: X.Org Video Driver
[   724.580] 	ABI class: X.Org Video Driver, version 24.0
[   724.580] (II) LoadModule: "vesa"
[   724.580] (II) Loading /usr/lib/xorg/modules/drivers/vesa_drv.so
[   724.580] (II) Module vesa: vendor="X.Org Foundation"
[   724.580] 	compiled for 1.20.4, module version = 2.4.0
[   724.581] 	Module class: X.Org Video Driver
[   724.581] 	ABI class: X.Org Video Driver, version 24.0
[   724.581] (II) vmware: driver for VMware SVGA: vmware0405, vmware0710
[   724.582] (II) modesetting: Driver for Modesetting Kernel Drivers: kms
[   724.582] (II) FBDEV: driver for framebuffer: fbdev
[   724.583] (II) VESA: driver for VESA chipsets: vesa
[   724.583] xf86EnableIOPorts: failed to set IOPL for I/O (Operation not permitted)
[   724.583] (WW) Falling back to old probe method for modesetting
[   724.583] (WW) Falling back to old probe method for fbdev
[   724.583] (II) Loading sub module "fbdevhw"
[   724.583] (II) LoadModule: "fbdevhw"
[   724.585] (II) Loading /usr/lib/xorg/modules/libfbdevhw.so
[   724.585] (II) Module fbdevhw: vendor="X.Org Foundation"
[   724.585] 	compiled for 1.20.8, module version = 0.0.2
[   724.586] 	ABI class: X.Org Video Driver, version 24.1
[   724.588] (EE) open /dev/fb0: Permission denied
[   724.588] (WW) VGA arbiter: cannot open kernel arbiter, no multi-card support
[   724.588] (II) vmware(0): Creating default Display subsection in Screen section
	"Default Screen Section" for depth/fbbpp 24/32
[   724.588] (--) vmware(0): DRM driver version is 2.15.0
[   724.588] (==) vmware(0): Depth 24, (--) framebuffer bpp 32
[   724.588] (==) vmware(0): RGB weight 888
[   724.589] (==) vmware(0): Default visual is TrueColor
[   724.589] (--) vmware(0): Min width 1, Max Width 8192.
[   724.589] (--) vmware(0): Min height 1, Max Height 8192.
[   724.589] (II) vmware(0): Output Virtual1 has no monitor section
[   724.589] (II) vmware(0): Output Virtual2 has no monitor section
[   724.589] (II) vmware(0): Output Virtual3 has no monitor section
[   724.590] (II) vmware(0): Output Virtual4 has no monitor section
[   724.590] (II) vmware(0): Output Virtual5 has no monitor section
[   724.590] (II) vmware(0): Output Virtual6 has no monitor section
[   724.590] (II) vmware(0): Output Virtual7 has no monitor section
[   724.590] (II) vmware(0): Output Virtual8 has no monitor section
[   724.590] (II) vmware(0): Printing probed modes for output Virtual1
[   724.591] (II) vmware(0): Modeline "800x600"x60.0   42.75  800 850 900 950  600 650 700 750 -hsync +vsync (45.0 kHz eP)
[   724.591] (II) vmware(0): Modeline "2560x1600"x60.0  348.50  2560 2752 3032 3504  1600 1603 1609 1658 -hsync +vsync (99.5 kHz e)
[   724.593] (II) vmware(0): Modeline "1920x1440"x60.0  234.00  1920 2048 2256 2600  1440 1441 1444 1500 -hsync +vsync (90.0 kHz e)
[   724.594] (II) vmware(0): Modeline "1856x1392"x60.0  218.25  1856 1952 2176 2528  1392 1393 1396 1439 -hsync +vsync (86.3 kHz e)
[   724.594] (II) vmware(0): Modeline "1792x1344"x60.0  204.75  1792 1920 2120 2448  1344 1345 1348 1394 -hsync +vsync (83.6 kHz e)
[   724.594] (II) vmware(0): Modeline "1920x1200"x59.9  193.25  1920 2056 2256 2592  1200 1203 1209 1245 -hsync +vsync (74.6 kHz e)
[   724.594] (II) vmware(0): Modeline "1600x1200"x60.0  162.00  1600 1664 1856 2160  1200 1201 1204 1250 +hsync +vsync (75.0 kHz e)
[   724.594] (II) vmware(0): Modeline "1680x1050"x60.0  146.25  1680 1784 1960 2240  1050 1053 1059 1089 -hsync +vsync (65.3 kHz e)
[   724.594] (II) vmware(0): Modeline "1400x1050"x60.0  121.75  1400 1488 1632 1864  1050 1053 1057 1089 -hsync +vsync (65.3 kHz e)
[   724.594] (II) vmware(0): Modeline "1280x1024"x60.0  108.00  1280 1328 1440 1688  1024 1025 1028 1066 +hsync +vsync (64.0 kHz e)
[   724.595] (II) vmware(0): Modeline "1440x900"x59.9  106.50  1440 1520 1672 1904  900 903 909 934 -hsync +vsync (55.9 kHz e)
[   724.595] (II) vmware(0): Modeline "1280x960"x60.0  108.00  1280 1376 1488 1800  960 961 964 1000 +hsync +vsync (60.0 kHz e)
[   724.595] (II) vmware(0): Modeline "1360x768"x60.0   85.50  1360 1424 1536 1792  768 771 777 795 +hsync +vsync (47.7 kHz e)
[   724.595] (II) vmware(0): Modeline "1280x800"x59.8   83.50  1280 1352 1480 1680  800 803 809 831 +hsync -vsync (49.7 kHz e)
[   724.596] (II) vmware(0): Modeline "1152x864"x75.0  108.00  1152 1216 1344 1600  864 865 868 900 +hsync +vsync (67.5 kHz e)
[   724.596] (II) vmware(0): Modeline "1280x768"x59.9   79.50  1280 1344 1472 1664  768 771 778 798 -hsync +vsync (47.8 kHz e)
[   724.596] (II) vmware(0): Modeline "1024x768"x60.0   65.00  1024 1048 1184 1344  768 771 777 806 -hsync -vsync (48.4 kHz e)
[   724.596] (II) vmware(0): Modeline "800x600"x60.3   40.00  800 840 968 1056  600 601 605 628 +hsync +vsync (37.9 kHz e)
[   724.597] (II) vmware(0): Modeline "640x480"x59.9   25.18  640 656 752 800  480 489 492 525 -hsync -vsync (31.5 kHz e)
[   724.597] (II) vmware(0): EDID for output Virtual2
[   724.597] (II) vmware(0): EDID for output Virtual3
[   724.597] (II) vmware(0): EDID for output Virtual4
[   724.597] (II) vmware(0): EDID for output Virtual5
[   724.597] (II) vmware(0): EDID for output Virtual6
[   724.597] (II) vmware(0): EDID for output Virtual7
[   724.597] (II) vmware(0): EDID for output Virtual8
[   724.597] (II) vmware(0): Output Virtual1 connected
[   724.597] (II) vmware(0): Output Virtual2 disconnected
[   724.597] (II) vmware(0): Output Virtual3 disconnected
[   724.597] (II) vmware(0): Output Virtual4 disconnected
[   724.597] (II) vmware(0): Output Virtual5 disconnected
[   724.597] (II) vmware(0): Output Virtual6 disconnected
[   724.597] (II) vmware(0): Output Virtual7 disconnected
[   724.597] (II) vmware(0): Output Virtual8 disconnected
[   724.597] (II) vmware(0): Using exact sizes for initial modes
[   724.597] (II) vmware(0): Output Virtual1 using initial mode 800x600 +0+0
[   724.597] (==) vmware(0): DPI set to (96, 96)
[   724.597] (==) vmware(0): Using gamma correction (1.0, 1.0, 1.0)
[   724.597] (II) Loading sub module "fb"
[   724.597] (II) LoadModule: "fb"
[   724.597] (II) Loading /usr/lib/xorg/modules/libfb.so
[   724.597] (II) Module fb: vendor="X.Org Foundation"
[   724.597] 	compiled for 1.20.8, module version = 1.0.0
[   724.597] 	ABI class: X.Org ANSI C Emulation, version 0.4
[   724.597] (II) Loading sub module "dri2"
[   724.597] (II) LoadModule: "dri2"
[   724.597] (II) Module "dri2" already built-in
[   724.597] (II) Loading sub module "dri3"
[   724.597] (II) LoadModule: "dri3"
[   724.597] (II) Module "dri3" already built-in
[   724.597] (II) UnloadModule: "modesetting"
[   724.597] (II) Unloading modesetting
[   724.597] (II) UnloadModule: "fbdev"
[   724.597] (II) Unloading fbdev
[   724.598] (II) UnloadSubModule: "fbdevhw"
[   724.598] (II) Unloading fbdevhw
[   724.598] (II) UnloadModule: "vesa"
[   724.598] (II) Unloading vesa
[   724.598] (II) vmware(0): Initialized VMWARE_CTRL extension version 0.2
[   724.621] (WW) vmware(0): Failed to initialize Gallium3D Xa. No render acceleration available.
[   724.621] (WW) vmware(0): Skipped initialization of direct rendering due to lack of render acceleration.
[   724.622] (--) vmware(0): Render acceleration is disabled.
[   724.622] (==) vmware(0): Rendercheck mode is disabled.
[   724.622] (--) vmware(0): Direct rendering (DRI2 3D) is disabled.
[   724.622] (--) vmware(0): Direct rendering (DRI3 3D) is disabled.
[   724.622] (==) vmware(0): Backing store enabled
[   724.622] (==) vmware(0): Silken mouse enabled
[   724.623] (==) vmware(0): DPMS enabled
[   724.623] (II) vmware(0): No 3D acceleration. Not setting up textured video.
[   724.623] (WW) vmware(0): Disabling Xv because no adaptors could be initialized.
[   724.623] (II) Initializing extension Generic Event Extension
[   724.626] (II) Initializing extension SHAPE
[   724.626] (II) Initializing extension MIT-SHM
[   724.626] (II) Initializing extension XInputExtension
[   724.645] (II) Initializing extension XTEST
[   724.645] (II) Initializing extension BIG-REQUESTS
[   724.645] (II) Initializing extension SYNC
[   724.646] (II) Initializing extension XKEYBOARD
[   724.646] (II) Initializing extension XC-MISC
[   724.650] (II) Initializing extension SECURITY
[   724.651] (II) Initializing extension XFIXES
[   724.651] (II) Initializing extension RENDER
[   724.651] (II) Initializing extension RANDR
[   724.652] (II) Initializing extension COMPOSITE
[   724.656] (II) Initializing extension DAMAGE
[   724.674] (II) Initializing extension MIT-SCREEN-SAVER
[   724.676] (II) Initializing extension DOUBLE-BUFFER
[   724.676] (II) Initializing extension RECORD
[   724.680] (II) Initializing extension DPMS
[   724.683] (II) Initializing extension Present
[   724.684] (II) Initializing extension DRI3
[   724.684] (II) Initializing extension X-Resource
[   724.685] (II) Initializing extension XVideo
[   724.685] (II) Initializing extension XVideo-MotionCompensation
[   724.685] (II) Initializing extension SELinux
[   724.685] (II) SELinux: Disabled on system
[   724.685] (II) Initializing extension GLX
[   724.699] (II) AIGLX: Screen 0 is not DRI2 capable
[   724.742] (II) IGLX: Loaded and initialized swrast
[   724.742] (II) GLX: Initialized DRISWRAST GL provider for screen 0
[   724.742] (II) Initializing extension XFree86-VidModeExtension
[   724.743] (II) Initializing extension XFree86-DGA
[   724.743] (II) Initializing extension XFree86-DRI
[   724.744] (II) Initializing extension DRI2
[   724.753] (II) vmware(0): Setting screen physical size to 211 x 158
[   724.927] (II) config/udev: Adding input device Power Button (/dev/input/event0)
[   724.927] (**) Power Button: Applying InputClass "libinput keyboard catchall"
[   724.927] (II) LoadModule: "libinput"
[   724.928] (II) Loading /usr/lib/xorg/modules/input/libinput_drv.so
[   724.935] (II) Module libinput: vendor="X.Org Foundation"
[   724.935] 	compiled for 1.20.4, module version = 0.29.0
[   724.936] 	Module class: X.Org XInput Driver
[   724.936] 	ABI class: X.Org XInput driver, version 24.1
[   724.936] (II) Using input driver 'libinput' for 'Power Button'
[   724.938] (II) systemd-logind: got fd for /dev/input/event0 13:64 fd 20 paused 0
[   724.938] (**) Power Button: always reports core events
[   724.938] (**) Option "Device" "/dev/input/event0"
[   724.938] (**) Option "_source" "server/udev"
[   724.944] (II) event0  - Power Button: is tagged by udev as: Keyboard
[   724.944] (II) event0  - Power Button: device is a keyboard
[   724.945] (II) event0  - Power Button: device removed
[   724.946] (**) Option "config_info" "udev:/sys/devices/LNXSYSTM:00/LNXPWRBN:00/input/input0/event0"
[   724.946] (II) XINPUT: Adding extended input device "Power Button" (type: KEYBOARD, id 6)
[   724.946] (**) Option "xkb_model" "pc105"
[   724.947] (**) Option "xkb_layout" "us"
[   724.954] (II) event0  - Power Button: is tagged by udev as: Keyboard
[   724.954] (II) event0  - Power Button: device is a keyboard
[   724.956] (II) config/udev: Adding input device Sleep Button (/dev/input/event1)
[   724.956] (**) Sleep Button: Applying InputClass "libinput keyboard catchall"
[   724.956] (II) Using input driver 'libinput' for 'Sleep Button'
[   724.958] (II) systemd-logind: got fd for /dev/input/event1 13:65 fd 23 paused 0
[   724.958] (**) Sleep Button: always reports core events
[   724.959] (**) Option "Device" "/dev/input/event1"
[   724.959] (**) Option "_source" "server/udev"
[   724.961] (II) event1  - Sleep Button: is tagged by udev as: Keyboard
[   724.962] (II) event1  - Sleep Button: device is a keyboard
[   724.962] (II) event1  - Sleep Button: device removed
[   724.962] (**) Option "config_info" "udev:/sys/devices/LNXSYSTM:00/LNXSLPBN:00/input/input1/event1"
[   724.962] (II) XINPUT: Adding extended input device "Sleep Button" (type: KEYBOARD, id 7)
[   724.962] (**) Option "xkb_model" "pc105"
[   724.962] (**) Option "xkb_layout" "us"
[   724.964] (II) event1  - Sleep Button: is tagged by udev as: Keyboard
[   724.964] (II) event1  - Sleep Button: device is a keyboard
[   724.969] (II) config/udev: Adding input device Video Bus (/dev/input/event3)
[   724.969] (**) Video Bus: Applying InputClass "libinput keyboard catchall"
[   724.969] (II) Using input driver 'libinput' for 'Video Bus'
[   724.972] (II) systemd-logind: got fd for /dev/input/event3 13:67 fd 24 paused 0
[   724.972] (**) Video Bus: always reports core events
[   724.972] (**) Option "Device" "/dev/input/event3"
[   724.972] (**) Option "_source" "server/udev"
[   724.974] (II) event3  - Video Bus: is tagged by udev as: Keyboard
[   724.974] (II) event3  - Video Bus: device is a keyboard
[   724.975] (II) event3  - Video Bus: device removed
[   724.975] (**) Option "config_info" "udev:/sys/devices/LNXSYSTM:00/LNXSYBUS:00/PNP0A03:00/LNXVIDEO:00/input/input4/event3"
[   724.975] (II) XINPUT: Adding extended input device "Video Bus" (type: KEYBOARD, id 8)
[   724.975] (**) Option "xkb_model" "pc105"
[   724.976] (**) Option "xkb_layout" "us"
[   724.980] (II) event3  - Video Bus: is tagged by udev as: Keyboard
[   724.980] (II) event3  - Video Bus: device is a keyboard
[   724.984] (II) config/udev: Adding input device VirtualBox mouse integration (/dev/input/event6)
[   724.985] (**) VirtualBox mouse integration: Applying InputClass "libinput pointer catchall"
[   724.985] (II) Using input driver 'libinput' for 'VirtualBox mouse integration'
[   724.986] (II) systemd-logind: got fd for /dev/input/event6 13:70 fd 25 paused 0
[   724.986] (**) VirtualBox mouse integration: always reports core events
[   724.986] (**) Option "Device" "/dev/input/event6"
[   724.986] (**) Option "_source" "server/udev"
[   724.991] (II) event6  - VirtualBox mouse integration: is tagged by udev as: Mouse
[   724.992] (II) event6  - VirtualBox mouse integration: device is a pointer
[   724.992] (II) event6  - VirtualBox mouse integration: device removed
[   724.992] (**) Option "config_info" "udev:/sys/devices/pci0000:00/0000:00:04.0/input/input7/event6"
[   724.992] (II) XINPUT: Adding extended input device "VirtualBox mouse integration" (type: MOUSE, id 9)
[   724.993] (**) Option "AccelerationScheme" "none"
[   724.993] (**) VirtualBox mouse integration: (accel) selected scheme none/0
[   724.993] (**) VirtualBox mouse integration: (accel) acceleration factor: 2.000
[   724.994] (**) VirtualBox mouse integration: (accel) acceleration threshold: 4
[   724.996] (II) event6  - VirtualBox mouse integration: is tagged by udev as: Mouse
[   724.997] (II) event6  - VirtualBox mouse integration: device is a pointer
[   724.998] (II) config/udev: Adding input device VirtualBox mouse integration (/dev/input/js1)
[   724.998] (II) No input driver specified, ignoring this device.
[   724.998] (II) This device may have been added with another device file.
[   725.001] (II) config/udev: Adding input device VirtualBox USB Tablet (/dev/input/event5)
[   725.001] (**) VirtualBox USB Tablet: Applying InputClass "libinput pointer catchall"
[   725.001] (II) Using input driver 'libinput' for 'VirtualBox USB Tablet'
[   725.062] (II) systemd-logind: got fd for /dev/input/event5 13:69 fd 26 paused 0
[   725.062] (**) VirtualBox USB Tablet: always reports core events
[   725.062] (**) Option "Device" "/dev/input/event5"
[   725.062] (**) Option "_source" "server/udev"
[   725.063] (II) event5  - VirtualBox USB Tablet: is tagged by udev as: Mouse
[   725.063] (II) event5  - VirtualBox USB Tablet: device is a pointer
[   725.063] (II) event5  - VirtualBox USB Tablet: device removed
[   725.064] (**) Option "config_info" "udev:/sys/devices/pci0000:00/0000:00:06.0/usb2/2-1/2-1:1.0/0003:80EE:0021.0001/input/input6/event5"
[   725.064] (II) XINPUT: Adding extended input device "VirtualBox USB Tablet" (type: MOUSE, id 10)
[   725.064] (**) Option "AccelerationScheme" "none"
[   725.064] (**) VirtualBox USB Tablet: (accel) selected scheme none/0
[   725.064] (**) VirtualBox USB Tablet: (accel) acceleration factor: 2.000
[   725.064] (**) VirtualBox USB Tablet: (accel) acceleration threshold: 4
[   725.074] (II) event5  - VirtualBox USB Tablet: is tagged by udev as: Mouse
[   725.076] (II) event5  - VirtualBox USB Tablet: device is a pointer
[   725.080] (II) config/udev: Adding input device VirtualBox USB Tablet (/dev/input/js0)
[   725.081] (II) No input driver specified, ignoring this device.
[   725.081] (II) This device may have been added with another device file.
[   725.086] (II) config/udev: Adding input device VirtualBox USB Tablet (/dev/input/mouse1)
[   725.086] (II) No input driver specified, ignoring this device.
[   725.086] (II) This device may have been added with another device file.
[   725.089] (II) config/udev: Adding input device AT Translated Set 2 keyboard (/dev/input/event2)
[   725.089] (**) AT Translated Set 2 keyboard: Applying InputClass "libinput keyboard catchall"
[   725.089] (II) Using input driver 'libinput' for 'AT Translated Set 2 keyboard'
[   725.091] (II) systemd-logind: got fd for /dev/input/event2 13:66 fd 27 paused 0
[   725.091] (**) AT Translated Set 2 keyboard: always reports core events
[   725.091] (**) Option "Device" "/dev/input/event2"
[   725.092] (**) Option "_source" "server/udev"
[   725.095] (II) event2  - AT Translated Set 2 keyboard: is tagged by udev as: Keyboard
[   725.096] (II) event2  - AT Translated Set 2 keyboard: device is a keyboard
[   725.103] (II) event2  - AT Translated Set 2 keyboard: device removed
[   725.103] (**) Option "config_info" "udev:/sys/devices/platform/i8042/serio0/input/input2/event2"
[   725.103] (II) XINPUT: Adding extended input device "AT Translated Set 2 keyboard" (type: KEYBOARD, id 11)
[   725.103] (**) Option "xkb_model" "pc105"
[   725.103] (**) Option "xkb_layout" "us"
[   725.107] (II) event2  - AT Translated Set 2 keyboard: is tagged by udev as: Keyboard
[   725.107] (II) event2  - AT Translated Set 2 keyboard: device is a keyboard
[   725.111] (II) config/udev: Adding input device ImExPS/2 Generic Explorer Mouse (/dev/input/event4)
[   725.111] (**) ImExPS/2 Generic Explorer Mouse: Applying InputClass "libinput pointer catchall"
[   725.111] (II) Using input driver 'libinput' for 'ImExPS/2 Generic Explorer Mouse'
[   725.113] (II) systemd-logind: got fd for /dev/input/event4 13:68 fd 28 paused 0
[   725.113] (**) ImExPS/2 Generic Explorer Mouse: always reports core events
[   725.113] (**) Option "Device" "/dev/input/event4"
[   725.113] (**) Option "_source" "server/udev"
[   725.120] (II) event4  - ImExPS/2 Generic Explorer Mouse: is tagged by udev as: Mouse
[   725.122] (II) event4  - ImExPS/2 Generic Explorer Mouse: device is a pointer
[   725.123] (II) event4  - ImExPS/2 Generic Explorer Mouse: device removed
[   725.123] (**) Option "config_info" "udev:/sys/devices/platform/i8042/serio1/input/input5/event4"
[   725.124] (II) XINPUT: Adding extended input device "ImExPS/2 Generic Explorer Mouse" (type: MOUSE, id 12)
[   725.124] (**) Option "AccelerationScheme" "none"
[   725.124] (**) ImExPS/2 Generic Explorer Mouse: (accel) selected scheme none/0
[   725.124] (**) ImExPS/2 Generic Explorer Mouse: (accel) acceleration factor: 2.000
[   725.124] (**) ImExPS/2 Generic Explorer Mouse: (accel) acceleration threshold: 4
[   725.137] (II) event4  - ImExPS/2 Generic Explorer Mouse: is tagged by udev as: Mouse
[   725.138] (II) event4  - ImExPS/2 Generic Explorer Mouse: device is a pointer
[   725.138] (II) config/udev: Adding input device ImExPS/2 Generic Explorer Mouse (/dev/input/mouse0)
[   725.138] (II) No input driver specified, ignoring this device.
[   725.139] (II) This device may have been added with another device file.
[   750.175] (II) event4  - ImExPS/2 Generic Explorer Mouse: Enabling spurious button debouncing, see https://wayland.freedesktop.org/libinput/doc/1.15.5/button-debouncing.html for details
[   871.166] (**) Option "fd" "20"
[   871.167] (II) event0  - Power Button: device removed
[   871.167] (**) Option "fd" "23"
[   871.167] (II) event1  - Sleep Button: device removed
[   871.167] (**) Option "fd" "24"
[   871.167] (II) event3  - Video Bus: device removed
[   871.167] (**) Option "fd" "25"
[   871.167] (II) event6  - VirtualBox mouse integration: device removed
[   871.167] (**) Option "fd" "26"
[   871.168] (II) event5  - VirtualBox USB Tablet: device removed
[   871.168] (**) Option "fd" "27"
[   871.168] (II) event2  - AT Translated Set 2 keyboard: device removed
[   871.168] (**) Option "fd" "28"
[   871.168] (II) event4  - ImExPS/2 Generic Explorer Mouse: device removed
[   871.169] (II) UnloadModule: "libinput"
[   871.169] (II) systemd-logind: releasing fd for 13:68
[   871.173] (II) UnloadModule: "libinput"
[   871.174] (II) systemd-logind: releasing fd for 13:66
[   871.176] (II) UnloadModule: "libinput"
[   871.177] (II) systemd-logind: releasing fd for 13:69
[   871.194] (II) UnloadModule: "libinput"
[   871.194] (II) systemd-logind: releasing fd for 13:70
[   871.196] (II) UnloadModule: "libinput"
[   871.196] (II) systemd-logind: releasing fd for 13:67
[   871.201] (II) UnloadModule: "libinput"
[   871.201] (II) systemd-logind: releasing fd for 13:65
[   871.204] (II) UnloadModule: "libinput"
[   871.204] (II) systemd-logind: releasing fd for 13:64
[   871.218] (II) Server terminated successfully (0). Closing log file.
