[   647.253] (--) Log file renamed from "/home/level2/.local/share/xorg/Xorg.pid-2805.log" to "/home/level2/.local/share/xorg/Xorg.0.log"
[   647.281] 
X.Org X Server 1.20.8
X Protocol Version 11, Revision 0
[   647.281] Build Operating System: Linux 4.4.0-184-generic x86_64 Ubuntu
[   647.281] Current Operating System: Linux ubuntu 5.4.0-42-generic #46-Ubuntu SMP Fri Jul 10 00:24:02 UTC 2020 x86_64
[   647.281] Kernel command line: BOOT_IMAGE=/boot/vmlinuz-5.4.0-42-generic root=UUID=f455d465-f1c7-4718-a1c9-59e2a8e8e11d ro maybe-ubiquity
[   647.281] Build Date: 24 June 2020  06:00:21AM
[   647.281] xorg-server 2:1.20.8-2ubuntu2.2 (For technical support please see http://www.ubuntu.com/support) 
[   647.281] Current version of pixman: 0.38.4
[   647.281] 	Before reporting problems, check http://wiki.x.org
	to make sure that you have the latest version.
[   647.281] Markers: (--) probed, (**) from config file, (==) default setting,
	(++) from command line, (!!) notice, (II) informational,
	(WW) warning, (EE) error, (NI) not implemented, (??) unknown.
[   647.281] (==) Log file: "/home/level2/.local/share/xorg/Xorg.0.log", Time: Thu Jul 30 04:14:04 2020
[   647.281] (==) Using system config directory "/usr/share/X11/xorg.conf.d"
[   647.281] (==) No Layout section.  Using the first Screen section.
[   647.281] (==) No screen section available. Using defaults.
[   647.281] (**) |-->Screen "Default Screen Section" (0)
[   647.281] (**) |   |-->Monitor "<default monitor>"
[   647.282] (==) No monitor specified for screen "Default Screen Section".
	Using a default monitor configuration.
[   647.282] (==) Automatically adding devices
[   647.282] (==) Automatically enabling devices
[   647.282] (==) Automatically adding GPU devices
[   647.282] (==) Automatically binding GPU devices
[   647.282] (==) Max clients allowed: 256, resource mask: 0x1fffff
[   647.282] (WW) The directory "/usr/share/fonts/X11/cyrillic" does not exist.
[   647.282] 	Entry deleted from font path.
[   647.282] (WW) The directory "/usr/share/fonts/X11/100dpi/" does not exist.
[   647.282] 	Entry deleted from font path.
[   647.282] (WW) The directory "/usr/share/fonts/X11/75dpi/" does not exist.
[   647.282] 	Entry deleted from font path.
[   647.282] (WW) The directory "/usr/share/fonts/X11/100dpi" does not exist.
[   647.282] 	Entry deleted from font path.
[   647.282] (WW) The directory "/usr/share/fonts/X11/75dpi" does not exist.
[   647.282] 	Entry deleted from font path.
[   647.282] (==) FontPath set to:
	/usr/share/fonts/X11/misc,
	/usr/share/fonts/X11/Type1,
	built-ins
[   647.282] (==) ModulePath set to "/usr/lib/xorg/modules"
[   647.282] (II) The server relies on udev to provide the list of input devices.
	If no devices become available, reconfigure udev or disable AutoAddDevices.
[   647.282] (II) Loader magic: 0x5569b5185020
[   647.282] (II) Module ABI versions:
[   647.282] 	X.Org ANSI C Emulation: 0.4
[   647.282] 	X.Org Video Driver: 24.1
[   647.282] 	X.Org XInput driver : 24.1
[   647.282] 	X.Org Server Extension : 10.0
[   647.298] (++) using VT number 2

[   647.340] (II) systemd-logind: took control of session /org/freedesktop/login1/session/_35
[   647.342] (II) xfree86: Adding drm device (/dev/dri/card0)
[   647.353] (II) systemd-logind: got fd for /dev/dri/card0 226:0 fd 12 paused 0
[   647.355] (--) PCI:*(0@0:2:0) 15ad:0405:15ad:0405 rev 0, Mem @ 0xf0000000/16777216, 0xf1000000/2097152, I/O @ 0x0000d000/16, BIOS @ 0x????????/131072
[   647.355] (II) LoadModule: "glx"
[   647.355] (II) Loading /usr/lib/xorg/modules/extensions/libglx.so
[   647.356] (II) Module glx: vendor="X.Org Foundation"
[   647.356] 	compiled for 1.20.8, module version = 1.0.0
[   647.356] 	ABI class: X.Org Server Extension, version 10.0
[   647.356] (==) Matched vmware as autoconfigured driver 0
[   647.356] (==) Matched modesetting as autoconfigured driver 1
[   647.356] (==) Matched fbdev as autoconfigured driver 2
[   647.356] (==) Matched vesa as autoconfigured driver 3
[   647.356] (==) Assigned the driver to the xf86ConfigLayout
[   647.356] (II) LoadModule: "vmware"
[   647.357] (II) Loading /usr/lib/xorg/modules/drivers/vmware_drv.so
[   647.497] (II) Module vmware: vendor="X.Org Foundation"
[   647.497] 	compiled for 1.20.8, module version = 13.3.0
[   647.497] 	Module class: X.Org Video Driver
[   647.498] 	ABI class: X.Org Video Driver, version 24.1
[   647.498] (II) LoadModule: "modesetting"
[   647.499] (II) Loading /usr/lib/xorg/modules/drivers/modesetting_drv.so
[   647.499] (II) Module modesetting: vendor="X.Org Foundation"
[   647.499] 	compiled for 1.20.8, module version = 1.20.8
[   647.499] 	Module class: X.Org Video Driver
[   647.499] 	ABI class: X.Org Video Driver, version 24.1
[   647.499] (II) LoadModule: "fbdev"
[   647.499] (II) Loading /usr/lib/xorg/modules/drivers/fbdev_drv.so
[   647.499] (II) Module fbdev: vendor="X.Org Foundation"
[   647.499] 	compiled for 1.20.1, module version = 0.5.0
[   647.500] 	Module class: X.Org Video Driver
[   647.500] 	ABI class: X.Org Video Driver, version 24.0
[   647.500] (II) LoadModule: "vesa"
[   647.500] (II) Loading /usr/lib/xorg/modules/drivers/vesa_drv.so
[   647.500] (II) Module vesa: vendor="X.Org Foundation"
[   647.500] 	compiled for 1.20.4, module version = 2.4.0
[   647.500] 	Module class: X.Org Video Driver
[   647.500] 	ABI class: X.Org Video Driver, version 24.0
[   647.502] (II) vmware: driver for VMware SVGA: vmware0405, vmware0710
[   647.502] (II) modesetting: Driver for Modesetting Kernel Drivers: kms
[   647.502] (II) FBDEV: driver for framebuffer: fbdev
[   647.502] (II) VESA: driver for VESA chipsets: vesa
[   647.502] xf86EnableIOPorts: failed to set IOPL for I/O (Operation not permitted)
[   647.503] (WW) Falling back to old probe method for modesetting
[   647.503] (WW) Falling back to old probe method for fbdev
[   647.503] (II) Loading sub module "fbdevhw"
[   647.503] (II) LoadModule: "fbdevhw"
[   647.503] (II) Loading /usr/lib/xorg/modules/libfbdevhw.so
[   647.503] (II) Module fbdevhw: vendor="X.Org Foundation"
[   647.503] 	compiled for 1.20.8, module version = 0.0.2
[   647.503] 	ABI class: X.Org Video Driver, version 24.1
[   647.504] (EE) open /dev/fb0: Permission denied
[   647.504] (WW) VGA arbiter: cannot open kernel arbiter, no multi-card support
[   647.504] (II) vmware(0): Creating default Display subsection in Screen section
	"Default Screen Section" for depth/fbbpp 24/32
[   647.504] (--) vmware(0): DRM driver version is 2.15.0
[   647.504] (==) vmware(0): Depth 24, (--) framebuffer bpp 32
[   647.504] (==) vmware(0): RGB weight 888
[   647.504] (==) vmware(0): Default visual is TrueColor
[   647.504] (--) vmware(0): Min width 1, Max Width 8192.
[   647.504] (--) vmware(0): Min height 1, Max Height 8192.
[   647.504] (II) vmware(0): Output Virtual1 has no monitor section
[   647.505] (II) vmware(0): Output Virtual2 has no monitor section
[   647.505] (II) vmware(0): Output Virtual3 has no monitor section
[   647.506] (II) vmware(0): Output Virtual4 has no monitor section
[   647.506] (II) vmware(0): Output Virtual5 has no monitor section
[   647.506] (II) vmware(0): Output Virtual6 has no monitor section
[   647.506] (II) vmware(0): Output Virtual7 has no monitor section
[   647.507] (II) vmware(0): Output Virtual8 has no monitor section
[   647.507] (II) vmware(0): Printing probed modes for output Virtual1
[   647.507] (II) vmware(0): Modeline "800x600"x60.0   42.75  800 850 900 950  600 650 700 750 -hsync +vsync (45.0 kHz eP)
[   647.510] (II) vmware(0): Modeline "2560x1600"x60.0  348.50  2560 2752 3032 3504  1600 1603 1609 1658 -hsync +vsync (99.5 kHz e)
[   647.510] (II) vmware(0): Modeline "1920x1440"x60.0  234.00  1920 2048 2256 2600  1440 1441 1444 1500 -hsync +vsync (90.0 kHz e)
[   647.511] (II) vmware(0): Modeline "1856x1392"x60.0  218.25  1856 1952 2176 2528  1392 1393 1396 1439 -hsync +vsync (86.3 kHz e)
[   647.511] (II) vmware(0): Modeline "1792x1344"x60.0  204.75  1792 1920 2120 2448  1344 1345 1348 1394 -hsync +vsync (83.6 kHz e)
[   647.511] (II) vmware(0): Modeline "1920x1200"x59.9  193.25  1920 2056 2256 2592  1200 1203 1209 1245 -hsync +vsync (74.6 kHz e)
[   647.511] (II) vmware(0): Modeline "1600x1200"x60.0  162.00  1600 1664 1856 2160  1200 1201 1204 1250 +hsync +vsync (75.0 kHz e)
[   647.514] (II) vmware(0): Modeline "1680x1050"x60.0  146.25  1680 1784 1960 2240  1050 1053 1059 1089 -hsync +vsync (65.3 kHz e)
[   647.514] (II) vmware(0): Modeline "1400x1050"x60.0  121.75  1400 1488 1632 1864  1050 1053 1057 1089 -hsync +vsync (65.3 kHz e)
[   647.514] (II) vmware(0): Modeline "1280x1024"x60.0  108.00  1280 1328 1440 1688  1024 1025 1028 1066 +hsync +vsync (64.0 kHz e)
[   647.515] (II) vmware(0): Modeline "1440x900"x59.9  106.50  1440 1520 1672 1904  900 903 909 934 -hsync +vsync (55.9 kHz e)
[   647.516] (II) vmware(0): Modeline "1280x960"x60.0  108.00  1280 1376 1488 1800  960 961 964 1000 +hsync +vsync (60.0 kHz e)
[   647.516] (II) vmware(0): Modeline "1360x768"x60.0   85.50  1360 1424 1536 1792  768 771 777 795 +hsync +vsync (47.7 kHz e)
[   647.516] (II) vmware(0): Modeline "1280x800"x59.8   83.50  1280 1352 1480 1680  800 803 809 831 +hsync -vsync (49.7 kHz e)
[   647.516] (II) vmware(0): Modeline "1152x864"x75.0  108.00  1152 1216 1344 1600  864 865 868 900 +hsync +vsync (67.5 kHz e)
[   647.516] (II) vmware(0): Modeline "1280x768"x59.9   79.50  1280 1344 1472 1664  768 771 778 798 -hsync +vsync (47.8 kHz e)
[   647.516] (II) vmware(0): Modeline "1024x768"x60.0   65.00  1024 1048 1184 1344  768 771 777 806 -hsync -vsync (48.4 kHz e)
[   647.517] (II) vmware(0): Modeline "800x600"x60.3   40.00  800 840 968 1056  600 601 605 628 +hsync +vsync (37.9 kHz e)
[   647.517] (II) vmware(0): Modeline "640x480"x59.9   25.18  640 656 752 800  480 489 492 525 -hsync -vsync (31.5 kHz e)
[   647.518] (II) vmware(0): EDID for output Virtual2
[   647.519] (II) vmware(0): EDID for output Virtual3
[   647.519] (II) vmware(0): EDID for output Virtual4
[   647.519] (II) vmware(0): EDID for output Virtual5
[   647.519] (II) vmware(0): EDID for output Virtual6
[   647.519] (II) vmware(0): EDID for output Virtual7
[   647.519] (II) vmware(0): EDID for output Virtual8
[   647.519] (II) vmware(0): Output Virtual1 connected
[   647.519] (II) vmware(0): Output Virtual2 disconnected
[   647.519] (II) vmware(0): Output Virtual3 disconnected
[   647.519] (II) vmware(0): Output Virtual4 disconnected
[   647.519] (II) vmware(0): Output Virtual5 disconnected
[   647.519] (II) vmware(0): Output Virtual6 disconnected
[   647.519] (II) vmware(0): Output Virtual7 disconnected
[   647.519] (II) vmware(0): Output Virtual8 disconnected
[   647.519] (II) vmware(0): Using exact sizes for initial modes
[   647.519] (II) vmware(0): Output Virtual1 using initial mode 800x600 +0+0
[   647.519] (==) vmware(0): DPI set to (96, 96)
[   647.519] (==) vmware(0): Using gamma correction (1.0, 1.0, 1.0)
[   647.519] (II) Loading sub module "fb"
[   647.519] (II) LoadModule: "fb"
[   647.519] (II) Loading /usr/lib/xorg/modules/libfb.so
[   647.519] (II) Module fb: vendor="X.Org Foundation"
[   647.519] 	compiled for 1.20.8, module version = 1.0.0
[   647.519] 	ABI class: X.Org ANSI C Emulation, version 0.4
[   647.519] (II) Loading sub module "dri2"
[   647.519] (II) LoadModule: "dri2"
[   647.519] (II) Module "dri2" already built-in
[   647.519] (II) Loading sub module "dri3"
[   647.519] (II) LoadModule: "dri3"
[   647.519] (II) Module "dri3" already built-in
[   647.519] (II) UnloadModule: "modesetting"
[   647.519] (II) Unloading modesetting
[   647.519] (II) UnloadModule: "fbdev"
[   647.519] (II) Unloading fbdev
[   647.519] (II) UnloadSubModule: "fbdevhw"
[   647.519] (II) Unloading fbdevhw
[   647.519] (II) UnloadModule: "vesa"
[   647.519] (II) Unloading vesa
[   647.520] (II) vmware(0): Initialized VMWARE_CTRL extension version 0.2
[   647.547] (WW) vmware(0): Failed to initialize Gallium3D Xa. No render acceleration available.
[   647.547] (WW) vmware(0): Skipped initialization of direct rendering due to lack of render acceleration.
[   647.547] (--) vmware(0): Render acceleration is disabled.
[   647.548] (==) vmware(0): Rendercheck mode is disabled.
[   647.548] (--) vmware(0): Direct rendering (DRI2 3D) is disabled.
[   647.548] (--) vmware(0): Direct rendering (DRI3 3D) is disabled.
[   647.548] (==) vmware(0): Backing store enabled
[   647.548] (==) vmware(0): Silken mouse enabled
[   647.555] (==) vmware(0): DPMS enabled
[   647.555] (II) vmware(0): No 3D acceleration. Not setting up textured video.
[   647.555] (WW) vmware(0): Disabling Xv because no adaptors could be initialized.
[   647.555] (II) Initializing extension Generic Event Extension
[   647.558] (II) Initializing extension SHAPE
[   647.563] (II) Initializing extension MIT-SHM
[   647.566] (II) Initializing extension XInputExtension
[   647.566] (II) Initializing extension XTEST
[   647.566] (II) Initializing extension BIG-REQUESTS
[   647.567] (II) Initializing extension SYNC
[   647.568] (II) Initializing extension XKEYBOARD
[   647.568] (II) Initializing extension XC-MISC
[   647.569] (II) Initializing extension SECURITY
[   647.570] (II) Initializing extension XFIXES
[   647.572] (II) Initializing extension RENDER
[   647.572] (II) Initializing extension RANDR
[   647.573] (II) Initializing extension COMPOSITE
[   647.574] (II) Initializing extension DAMAGE
[   647.576] (II) Initializing extension MIT-SCREEN-SAVER
[   647.576] (II) Initializing extension DOUBLE-BUFFER
[   647.586] (II) Initializing extension RECORD
[   647.590] (II) Initializing extension DPMS
[   647.591] (II) Initializing extension Present
[   647.592] (II) Initializing extension DRI3
[   647.592] (II) Initializing extension X-Resource
[   647.592] (II) Initializing extension XVideo
[   647.592] (II) Initializing extension XVideo-MotionCompensation
[   647.592] (II) Initializing extension SELinux
[   647.592] (II) SELinux: Disabled on system
[   647.593] (II) Initializing extension GLX
[   647.594] (II) AIGLX: Screen 0 is not DRI2 capable
[   647.630] (II) IGLX: Loaded and initialized swrast
[   647.630] (II) GLX: Initialized DRISWRAST GL provider for screen 0
[   647.630] (II) Initializing extension XFree86-VidModeExtension
[   647.633] (II) Initializing extension XFree86-DGA
[   647.635] (II) Initializing extension XFree86-DRI
[   647.635] (II) Initializing extension DRI2
[   647.677] (II) vmware(0): Setting screen physical size to 211 x 158
[   647.911] (II) config/udev: Adding input device Power Button (/dev/input/event0)
[   647.911] (**) Power Button: Applying InputClass "libinput keyboard catchall"
[   647.911] (II) LoadModule: "libinput"
[   647.911] (II) Loading /usr/lib/xorg/modules/input/libinput_drv.so
[   647.918] (II) Module libinput: vendor="X.Org Foundation"
[   647.918] 	compiled for 1.20.4, module version = 0.29.0
[   647.918] 	Module class: X.Org XInput Driver
[   647.919] 	ABI class: X.Org XInput driver, version 24.1
[   647.920] (II) Using input driver 'libinput' for 'Power Button'
[   647.921] (II) systemd-logind: got fd for /dev/input/event0 13:64 fd 20 paused 0
[   647.922] (**) Power Button: always reports core events
[   647.922] (**) Option "Device" "/dev/input/event0"
[   647.922] (**) Option "_source" "server/udev"
[   647.925] (II) event0  - Power Button: is tagged by udev as: Keyboard
[   647.925] (II) event0  - Power Button: device is a keyboard
[   647.927] (II) event0  - Power Button: device removed
[   647.927] (**) Option "config_info" "udev:/sys/devices/LNXSYSTM:00/LNXPWRBN:00/input/input0/event0"
[   647.927] (II) XINPUT: Adding extended input device "Power Button" (type: KEYBOARD, id 6)
[   647.927] (**) Option "xkb_model" "pc105"
[   647.927] (**) Option "xkb_layout" "us"
[   647.930] (II) event0  - Power Button: is tagged by udev as: Keyboard
[   647.933] (II) event0  - Power Button: device is a keyboard
[   647.935] (II) config/udev: Adding input device Sleep Button (/dev/input/event1)
[   647.935] (**) Sleep Button: Applying InputClass "libinput keyboard catchall"
[   647.935] (II) Using input driver 'libinput' for 'Sleep Button'
[   647.937] (II) systemd-logind: got fd for /dev/input/event1 13:65 fd 23 paused 0
[   647.937] (**) Sleep Button: always reports core events
[   647.937] (**) Option "Device" "/dev/input/event1"
[   647.937] (**) Option "_source" "server/udev"
[   647.940] (II) event1  - Sleep Button: is tagged by udev as: Keyboard
[   647.940] (II) event1  - Sleep Button: device is a keyboard
[   647.941] (II) event1  - Sleep Button: device removed
[   647.941] (**) Option "config_info" "udev:/sys/devices/LNXSYSTM:00/LNXSLPBN:00/input/input1/event1"
[   647.941] (II) XINPUT: Adding extended input device "Sleep Button" (type: KEYBOARD, id 7)
[   647.941] (**) Option "xkb_model" "pc105"
[   647.941] (**) Option "xkb_layout" "us"
[   647.944] (II) event1  - Sleep Button: is tagged by udev as: Keyboard
[   647.944] (II) event1  - Sleep Button: device is a keyboard
[   647.946] (II) config/udev: Adding input device Video Bus (/dev/input/event3)
[   647.946] (**) Video Bus: Applying InputClass "libinput keyboard catchall"
[   647.946] (II) Using input driver 'libinput' for 'Video Bus'
[   647.947] (II) systemd-logind: got fd for /dev/input/event3 13:67 fd 24 paused 0
[   647.948] (**) Video Bus: always reports core events
[   647.948] (**) Option "Device" "/dev/input/event3"
[   647.949] (**) Option "_source" "server/udev"
[   647.955] (II) event3  - Video Bus: is tagged by udev as: Keyboard
[   647.956] (II) event3  - Video Bus: device is a keyboard
[   647.956] (II) event3  - Video Bus: device removed
[   647.957] (**) Option "config_info" "udev:/sys/devices/LNXSYSTM:00/LNXSYBUS:00/PNP0A03:00/LNXVIDEO:00/input/input4/event3"
[   647.957] (II) XINPUT: Adding extended input device "Video Bus" (type: KEYBOARD, id 8)
[   647.957] (**) Option "xkb_model" "pc105"
[   647.957] (**) Option "xkb_layout" "us"
[   647.960] (II) event3  - Video Bus: is tagged by udev as: Keyboard
[   647.960] (II) event3  - Video Bus: device is a keyboard
[   647.966] (II) config/udev: Adding input device VirtualBox mouse integration (/dev/input/event6)
[   647.966] (**) VirtualBox mouse integration: Applying InputClass "libinput pointer catchall"
[   647.966] (II) Using input driver 'libinput' for 'VirtualBox mouse integration'
[   647.968] (II) systemd-logind: got fd for /dev/input/event6 13:70 fd 25 paused 0
[   647.969] (**) VirtualBox mouse integration: always reports core events
[   647.969] (**) Option "Device" "/dev/input/event6"
[   647.969] (**) Option "_source" "server/udev"
[   647.972] (II) event6  - VirtualBox mouse integration: is tagged by udev as: Mouse
[   647.973] (II) event6  - VirtualBox mouse integration: device is a pointer
[   647.974] (II) event6  - VirtualBox mouse integration: device removed
[   647.974] (**) Option "config_info" "udev:/sys/devices/pci0000:00/0000:00:04.0/input/input7/event6"
[   647.974] (II) XINPUT: Adding extended input device "VirtualBox mouse integration" (type: MOUSE, id 9)
[   647.975] (**) Option "AccelerationScheme" "none"
[   647.975] (**) VirtualBox mouse integration: (accel) selected scheme none/0
[   647.975] (**) VirtualBox mouse integration: (accel) acceleration factor: 2.000
[   647.975] (**) VirtualBox mouse integration: (accel) acceleration threshold: 4
[   647.979] (II) event6  - VirtualBox mouse integration: is tagged by udev as: Mouse
[   647.980] (II) event6  - VirtualBox mouse integration: device is a pointer
[   647.983] (II) config/udev: Adding input device VirtualBox mouse integration (/dev/input/js1)
[   647.983] (II) No input driver specified, ignoring this device.
[   647.983] (II) This device may have been added with another device file.
[   647.984] (II) config/udev: Adding input device VirtualBox USB Tablet (/dev/input/event5)
[   647.984] (**) VirtualBox USB Tablet: Applying InputClass "libinput pointer catchall"
[   647.985] (II) Using input driver 'libinput' for 'VirtualBox USB Tablet'
[   648.042] (II) systemd-logind: got fd for /dev/input/event5 13:69 fd 26 paused 0
[   648.042] (**) VirtualBox USB Tablet: always reports core events
[   648.042] (**) Option "Device" "/dev/input/event5"
[   648.042] (**) Option "_source" "server/udev"
[   648.044] (II) event5  - VirtualBox USB Tablet: is tagged by udev as: Mouse
[   648.044] (II) event5  - VirtualBox USB Tablet: device is a pointer
[   648.044] (II) event5  - VirtualBox USB Tablet: device removed
[   648.044] (**) Option "config_info" "udev:/sys/devices/pci0000:00/0000:00:06.0/usb2/2-1/2-1:1.0/0003:80EE:0021.0001/input/input6/event5"
[   648.044] (II) XINPUT: Adding extended input device "VirtualBox USB Tablet" (type: MOUSE, id 10)
[   648.044] (**) Option "AccelerationScheme" "none"
[   648.044] (**) VirtualBox USB Tablet: (accel) selected scheme none/0
[   648.044] (**) VirtualBox USB Tablet: (accel) acceleration factor: 2.000
[   648.044] (**) VirtualBox USB Tablet: (accel) acceleration threshold: 4
[   648.046] (II) event5  - VirtualBox USB Tablet: is tagged by udev as: Mouse
[   648.046] (II) event5  - VirtualBox USB Tablet: device is a pointer
[   648.055] (II) config/udev: Adding input device VirtualBox USB Tablet (/dev/input/js0)
[   648.055] (II) No input driver specified, ignoring this device.
[   648.055] (II) This device may have been added with another device file.
[   648.056] (II) config/udev: Adding input device VirtualBox USB Tablet (/dev/input/mouse1)
[   648.057] (II) No input driver specified, ignoring this device.
[   648.057] (II) This device may have been added with another device file.
[   648.062] (II) config/udev: Adding input device AT Translated Set 2 keyboard (/dev/input/event2)
[   648.063] (**) AT Translated Set 2 keyboard: Applying InputClass "libinput keyboard catchall"
[   648.063] (II) Using input driver 'libinput' for 'AT Translated Set 2 keyboard'
[   648.065] (II) systemd-logind: got fd for /dev/input/event2 13:66 fd 27 paused 0
[   648.065] (**) AT Translated Set 2 keyboard: always reports core events
[   648.065] (**) Option "Device" "/dev/input/event2"
[   648.065] (**) Option "_source" "server/udev"
[   648.072] (II) event2  - AT Translated Set 2 keyboard: is tagged by udev as: Keyboard
[   648.072] (II) event2  - AT Translated Set 2 keyboard: device is a keyboard
[   648.072] (II) event2  - AT Translated Set 2 keyboard: device removed
[   648.072] (**) Option "config_info" "udev:/sys/devices/platform/i8042/serio0/input/input2/event2"
[   648.073] (II) XINPUT: Adding extended input device "AT Translated Set 2 keyboard" (type: KEYBOARD, id 11)
[   648.073] (**) Option "xkb_model" "pc105"
[   648.073] (**) Option "xkb_layout" "us"
[   648.076] (II) event2  - AT Translated Set 2 keyboard: is tagged by udev as: Keyboard
[   648.076] (II) event2  - AT Translated Set 2 keyboard: device is a keyboard
[   648.079] (II) config/udev: Adding input device ImExPS/2 Generic Explorer Mouse (/dev/input/event4)
[   648.090] (**) ImExPS/2 Generic Explorer Mouse: Applying InputClass "libinput pointer catchall"
[   648.091] (II) Using input driver 'libinput' for 'ImExPS/2 Generic Explorer Mouse'
[   648.093] (II) systemd-logind: got fd for /dev/input/event4 13:68 fd 28 paused 0
[   648.093] (**) ImExPS/2 Generic Explorer Mouse: always reports core events
[   648.093] (**) Option "Device" "/dev/input/event4"
[   648.093] (**) Option "_source" "server/udev"
[   648.094] (II) event4  - ImExPS/2 Generic Explorer Mouse: is tagged by udev as: Mouse
[   648.094] (II) event4  - ImExPS/2 Generic Explorer Mouse: device is a pointer
[   648.094] (II) event4  - ImExPS/2 Generic Explorer Mouse: device removed
[   648.095] (**) Option "config_info" "udev:/sys/devices/platform/i8042/serio1/input/input5/event4"
[   648.095] (II) XINPUT: Adding extended input device "ImExPS/2 Generic Explorer Mouse" (type: MOUSE, id 12)
[   648.095] (**) Option "AccelerationScheme" "none"
[   648.095] (**) ImExPS/2 Generic Explorer Mouse: (accel) selected scheme none/0
[   648.095] (**) ImExPS/2 Generic Explorer Mouse: (accel) acceleration factor: 2.000
[   648.095] (**) ImExPS/2 Generic Explorer Mouse: (accel) acceleration threshold: 4
[   648.102] (II) event4  - ImExPS/2 Generic Explorer Mouse: is tagged by udev as: Mouse
[   648.102] (II) event4  - ImExPS/2 Generic Explorer Mouse: device is a pointer
[   648.103] (II) config/udev: Adding input device ImExPS/2 Generic Explorer Mouse (/dev/input/mouse0)
[   648.103] (II) No input driver specified, ignoring this device.
[   648.103] (II) This device may have been added with another device file.
[  2177.586] (EE) No surface to present from.
[  2190.694] (EE) No surface to present from.
[  2202.051] (EE) No surface to present from.
[  2207.507] (EE) No surface to present from.
[  2226.701] (EE) No surface to present from.
[  2321.549] (II) event4  - ImExPS/2 Generic Explorer Mouse: Enabling spurious button debouncing, see https://wayland.freedesktop.org/libinput/doc/1.15.5/button-debouncing.html for details
[  4750.132] (**) Option "fd" "20"
[  4750.133] (II) event0  - Power Button: device removed
[  4750.135] (**) Option "fd" "23"
[  4750.135] (II) event1  - Sleep Button: device removed
[  4750.136] (**) Option "fd" "24"
[  4750.136] (II) event3  - Video Bus: device removed
[  4750.146] (**) Option "fd" "25"
[  4750.146] (II) event6  - VirtualBox mouse integration: device removed
[  4750.147] (**) Option "fd" "26"
[  4750.147] (II) event5  - VirtualBox USB Tablet: device removed
[  4750.148] (**) Option "fd" "27"
[  4750.148] (II) event2  - AT Translated Set 2 keyboard: device removed
[  4750.149] (**) Option "fd" "28"
[  4750.149] (II) event4  - ImExPS/2 Generic Explorer Mouse: device removed
[  4750.180] (II) systemd-logind: got pause for 13:70
[  4750.180] (II) systemd-logind: got pause for 13:67
[  4750.180] (II) systemd-logind: got pause for 13:68
[  4750.180] (II) systemd-logind: got pause for 13:69
[  4750.180] (II) systemd-logind: got pause for 13:66
[  4750.180] (II) systemd-logind: got pause for 226:0
[  4750.180] (II) systemd-logind: got pause for 13:64
[  4750.180] (II) systemd-logind: got pause for 13:65
[  5705.902] (II) systemd-logind: got resume for 13:70
[  5705.902] (II) systemd-logind: got resume for 13:67
[  5705.902] (II) systemd-logind: got resume for 13:68
[  5705.903] (II) systemd-logind: got resume for 13:69
[  5705.903] (II) systemd-logind: got resume for 13:66
[  5705.906] (II) systemd-logind: got resume for 226:0
[  5705.909] (II) event3  - Video Bus: is tagged by udev as: Keyboard
[  5705.910] (II) event3  - Video Bus: device is a keyboard
[  5705.959] (II) event6  - VirtualBox mouse integration: is tagged by udev as: Mouse
[  5705.960] (II) event6  - VirtualBox mouse integration: device is a pointer
[  5705.979] (II) event5  - VirtualBox USB Tablet: is tagged by udev as: Mouse
[  5705.983] (II) event5  - VirtualBox USB Tablet: device is a pointer
[  5706.001] (II) event2  - AT Translated Set 2 keyboard: is tagged by udev as: Keyboard
[  5706.002] (II) event2  - AT Translated Set 2 keyboard: device is a keyboard
[  5706.012] (II) event4  - ImExPS/2 Generic Explorer Mouse: is tagged by udev as: Mouse
[  5706.012] (II) event4  - ImExPS/2 Generic Explorer Mouse: device is a pointer
[  5706.016] (II) systemd-logind: got resume for 13:64
[  5706.025] (II) event0  - Power Button: is tagged by udev as: Keyboard
[  5706.025] (II) event0  - Power Button: device is a keyboard
[  5706.026] (II) systemd-logind: got resume for 13:65
[  5706.030] (II) event1  - Sleep Button: is tagged by udev as: Keyboard
[  5706.030] (II) event1  - Sleep Button: device is a keyboard
[  5706.031] (!!) vmware(0): New layout.
[  5706.031] (!!) vmware(0): 0: 0 0 800 600
[  5706.034] (!!) vmware(0): 
[  5723.229] (II) event4  - ImExPS/2 Generic Explorer Mouse: Enabling spurious button debouncing, see https://wayland.freedesktop.org/libinput/doc/1.15.5/button-debouncing.html for details
[  5963.277] (**) Option "fd" "24"
[  5963.278] (II) event3  - Video Bus: device removed
[  5963.278] (**) Option "fd" "23"
[  5963.278] (II) event6  - VirtualBox mouse integration: device removed
[  5963.278] (**) Option "fd" "26"
[  5963.278] (II) event5  - VirtualBox USB Tablet: device removed
[  5963.278] (**) Option "fd" "27"
[  5963.278] (II) event2  - AT Translated Set 2 keyboard: device removed
[  5963.278] (**) Option "fd" "25"
[  5963.278] (II) event4  - ImExPS/2 Generic Explorer Mouse: device removed
[  5963.278] (**) Option "fd" "42"
[  5963.278] (II) event0  - Power Button: device removed
[  5963.279] (**) Option "fd" "20"
[  5963.279] (II) event1  - Sleep Button: device removed
[  5963.280] (II) UnloadModule: "libinput"
[  5963.280] (II) systemd-logind: releasing fd for 13:65
[  5963.284] (II) UnloadModule: "libinput"
[  5963.285] (II) systemd-logind: releasing fd for 13:64
[  5963.289] (II) UnloadModule: "libinput"
[  5963.290] (II) systemd-logind: releasing fd for 13:68
[  5963.292] (II) UnloadModule: "libinput"
[  5963.292] (II) systemd-logind: releasing fd for 13:66
[  5963.302] (II) UnloadModule: "libinput"
[  5963.302] (II) systemd-logind: releasing fd for 13:69
[  5963.320] (II) UnloadModule: "libinput"
[  5963.320] (II) systemd-logind: releasing fd for 13:70
[  5963.330] (II) UnloadModule: "libinput"
[  5963.330] (II) systemd-logind: releasing fd for 13:67
[  5963.359] (II) Server terminated successfully (0). Closing log file.
