[  7587.219] _XSERVTransSocketUNIXCreateListener: ...SocketCreateListener() failed
[  7587.225] _XSERVTransMakeAllCOTSServerListeners: server already running
[  7587.225] (--) Log file renamed from "/home/level2/.local/share/xorg/Xorg.pid-10230.log" to "/home/level2/.local/share/xorg/Xorg.1.log"
[  7587.231] 
X.Org X Server 1.20.8
X Protocol Version 11, Revision 0
[  7587.234] Build Operating System: Linux 4.4.0-184-generic x86_64 Ubuntu
[  7587.234] Current Operating System: Linux ubuntu 5.4.0-42-generic #46-Ubuntu SMP Fri Jul 10 00:24:02 UTC 2020 x86_64
[  7587.234] Kernel command line: BOOT_IMAGE=/boot/vmlinuz-5.4.0-42-generic root=UUID=f455d465-f1c7-4718-a1c9-59e2a8e8e11d ro maybe-ubiquity
[  7587.235] Build Date: 24 June 2020  06:00:21AM
[  7587.235] xorg-server 2:1.20.8-2ubuntu2.2 (For technical support please see http://www.ubuntu.com/support) 
[  7587.235] Current version of pixman: 0.38.4
[  7587.235] 	Before reporting problems, check http://wiki.x.org
	to make sure that you have the latest version.
[  7587.235] Markers: (--) probed, (**) from config file, (==) default setting,
	(++) from command line, (!!) notice, (II) informational,
	(WW) warning, (EE) error, (NI) not implemented, (??) unknown.
[  7587.235] (==) Log file: "/home/level2/.local/share/xorg/Xorg.1.log", Time: Tue Jul 28 17:57:32 2020
[  7587.236] (==) Using system config directory "/usr/share/X11/xorg.conf.d"
[  7587.236] (==) No Layout section.  Using the first Screen section.
[  7587.236] (==) No screen section available. Using defaults.
[  7587.236] (**) |-->Screen "Default Screen Section" (0)
[  7587.237] (**) |   |-->Monitor "<default monitor>"
[  7587.239] (==) No monitor specified for screen "Default Screen Section".
	Using a default monitor configuration.
[  7587.239] (==) Automatically adding devices
[  7587.239] (==) Automatically enabling devices
[  7587.240] (==) Automatically adding GPU devices
[  7587.240] (==) Automatically binding GPU devices
[  7587.240] (==) Max clients allowed: 256, resource mask: 0x1fffff
[  7587.240] (WW) The directory "/usr/share/fonts/X11/cyrillic" does not exist.
[  7587.240] 	Entry deleted from font path.
[  7587.240] (WW) The directory "/usr/share/fonts/X11/100dpi/" does not exist.
[  7587.240] 	Entry deleted from font path.
[  7587.240] (WW) The directory "/usr/share/fonts/X11/75dpi/" does not exist.
[  7587.240] 	Entry deleted from font path.
[  7587.241] (WW) The directory "/usr/share/fonts/X11/100dpi" does not exist.
[  7587.241] 	Entry deleted from font path.
[  7587.241] (WW) The directory "/usr/share/fonts/X11/75dpi" does not exist.
[  7587.241] 	Entry deleted from font path.
[  7587.241] (==) FontPath set to:
	/usr/share/fonts/X11/misc,
	/usr/share/fonts/X11/Type1,
	built-ins
[  7587.241] (==) ModulePath set to "/usr/lib/xorg/modules"
[  7587.242] (II) The server relies on udev to provide the list of input devices.
	If no devices become available, reconfigure udev or disable AutoAddDevices.
[  7587.242] (II) Loader magic: 0x55f62215f020
[  7587.242] (II) Module ABI versions:
[  7587.242] 	X.Org ANSI C Emulation: 0.4
[  7587.242] 	X.Org Video Driver: 24.1
[  7587.242] 	X.Org XInput driver : 24.1
[  7587.242] 	X.Org Server Extension : 10.0
[  7587.248] (++) using VT number 3

[  7587.251] (II) systemd-logind: took control of session /org/freedesktop/login1/session/_325
[  7587.262] (II) xfree86: Adding drm device (/dev/dri/card0)
[  7587.263] (II) systemd-logind: got fd for /dev/dri/card0 226:0 fd 13 paused 0
[  7587.272] (--) PCI:*(0@0:2:0) 15ad:0405:15ad:0405 rev 0, Mem @ 0xf0000000/16777216, 0xf1000000/2097152, I/O @ 0x0000d010/16, BIOS @ 0x????????/131072
[  7587.272] (II) LoadModule: "glx"
[  7587.273] (II) Loading /usr/lib/xorg/modules/extensions/libglx.so
[  7587.275] (II) Module glx: vendor="X.Org Foundation"
[  7587.275] 	compiled for 1.20.8, module version = 1.0.0
[  7587.275] 	ABI class: X.Org Server Extension, version 10.0
[  7587.276] (==) Matched vmware as autoconfigured driver 0
[  7587.276] (==) Matched modesetting as autoconfigured driver 1
[  7587.277] (==) Matched fbdev as autoconfigured driver 2
[  7587.278] (==) Matched vesa as autoconfigured driver 3
[  7587.278] (==) Assigned the driver to the xf86ConfigLayout
[  7587.278] (II) LoadModule: "vmware"
[  7587.279] (II) Loading /usr/lib/xorg/modules/drivers/vmware_drv.so
[  7587.346] (II) Module vmware: vendor="X.Org Foundation"
[  7587.346] 	compiled for 1.20.8, module version = 13.3.0
[  7587.347] 	Module class: X.Org Video Driver
[  7587.347] 	ABI class: X.Org Video Driver, version 24.1
[  7587.347] (II) LoadModule: "modesetting"
[  7587.347] (II) Loading /usr/lib/xorg/modules/drivers/modesetting_drv.so
[  7587.347] (II) Module modesetting: vendor="X.Org Foundation"
[  7587.347] 	compiled for 1.20.8, module version = 1.20.8
[  7587.349] 	Module class: X.Org Video Driver
[  7587.349] 	ABI class: X.Org Video Driver, version 24.1
[  7587.349] (II) LoadModule: "fbdev"
[  7587.349] (II) Loading /usr/lib/xorg/modules/drivers/fbdev_drv.so
[  7587.349] (II) Module fbdev: vendor="X.Org Foundation"
[  7587.349] 	compiled for 1.20.1, module version = 0.5.0
[  7587.350] 	Module class: X.Org Video Driver
[  7587.350] 	ABI class: X.Org Video Driver, version 24.0
[  7587.350] (II) LoadModule: "vesa"
[  7587.350] (II) Loading /usr/lib/xorg/modules/drivers/vesa_drv.so
[  7587.350] (II) Module vesa: vendor="X.Org Foundation"
[  7587.350] 	compiled for 1.20.4, module version = 2.4.0
[  7587.350] 	Module class: X.Org Video Driver
[  7587.350] 	ABI class: X.Org Video Driver, version 24.0
[  7587.351] (II) vmware: driver for VMware SVGA: vmware0405, vmware0710
[  7587.351] (II) modesetting: Driver for Modesetting Kernel Drivers: kms
[  7587.351] (II) FBDEV: driver for framebuffer: fbdev
[  7587.351] (II) VESA: driver for VESA chipsets: vesa
[  7587.351] xf86EnableIOPorts: failed to set IOPL for I/O (Operation not permitted)
[  7587.351] (WW) Falling back to old probe method for modesetting
[  7587.351] (WW) Falling back to old probe method for fbdev
[  7587.352] (II) Loading sub module "fbdevhw"
[  7587.352] (II) LoadModule: "fbdevhw"
[  7587.352] (II) Loading /usr/lib/xorg/modules/libfbdevhw.so
[  7587.352] (II) Module fbdevhw: vendor="X.Org Foundation"
[  7587.353] 	compiled for 1.20.8, module version = 0.0.2
[  7587.353] 	ABI class: X.Org Video Driver, version 24.1
[  7587.353] (EE) open /dev/fb0: Permission denied
[  7587.353] (WW) VGA arbiter: cannot open kernel arbiter, no multi-card support
[  7587.353] (II) vmware(0): Creating default Display subsection in Screen section
	"Default Screen Section" for depth/fbbpp 24/32
[  7587.353] (--) vmware(0): DRM driver version is 2.15.0
[  7587.353] (==) vmware(0): Depth 24, (--) framebuffer bpp 32
[  7587.354] (==) vmware(0): RGB weight 888
[  7587.354] (==) vmware(0): Default visual is TrueColor
[  7587.354] (--) vmware(0): Min width 1, Max Width 8192.
[  7587.354] (--) vmware(0): Min height 1, Max Height 8192.
[  7587.355] (II) vmware(0): Output Virtual1 has no monitor section
[  7587.355] (II) vmware(0): Output Virtual2 has no monitor section
[  7587.355] (II) vmware(0): Output Virtual3 has no monitor section
[  7587.355] (II) vmware(0): Output Virtual4 has no monitor section
[  7587.356] (II) vmware(0): Output Virtual5 has no monitor section
[  7587.356] (II) vmware(0): Output Virtual6 has no monitor section
[  7587.356] (II) vmware(0): Output Virtual7 has no monitor section
[  7587.356] (II) vmware(0): Output Virtual8 has no monitor section
[  7587.356] (II) vmware(0): Printing probed modes for output Virtual1
[  7587.356] (II) vmware(0): Modeline "800x600"x60.0   42.75  800 850 900 950  600 650 700 750 -hsync +vsync (45.0 kHz eP)
[  7587.356] (II) vmware(0): Modeline "2560x1600"x60.0  348.50  2560 2752 3032 3504  1600 1603 1609 1658 -hsync +vsync (99.5 kHz e)
[  7587.356] (II) vmware(0): Modeline "1920x1440"x60.0  234.00  1920 2048 2256 2600  1440 1441 1444 1500 -hsync +vsync (90.0 kHz e)
[  7587.356] (II) vmware(0): Modeline "1856x1392"x60.0  218.25  1856 1952 2176 2528  1392 1393 1396 1439 -hsync +vsync (86.3 kHz e)
[  7587.357] (II) vmware(0): Modeline "1792x1344"x60.0  204.75  1792 1920 2120 2448  1344 1345 1348 1394 -hsync +vsync (83.6 kHz e)
[  7587.357] (II) vmware(0): Modeline "1920x1200"x59.9  193.25  1920 2056 2256 2592  1200 1203 1209 1245 -hsync +vsync (74.6 kHz e)
[  7587.357] (II) vmware(0): Modeline "1600x1200"x60.0  162.00  1600 1664 1856 2160  1200 1201 1204 1250 +hsync +vsync (75.0 kHz e)
[  7587.357] (II) vmware(0): Modeline "1680x1050"x60.0  146.25  1680 1784 1960 2240  1050 1053 1059 1089 -hsync +vsync (65.3 kHz e)
[  7587.357] (II) vmware(0): Modeline "1400x1050"x60.0  121.75  1400 1488 1632 1864  1050 1053 1057 1089 -hsync +vsync (65.3 kHz e)
[  7587.357] (II) vmware(0): Modeline "1280x1024"x60.0  108.00  1280 1328 1440 1688  1024 1025 1028 1066 +hsync +vsync (64.0 kHz e)
[  7587.357] (II) vmware(0): Modeline "1440x900"x59.9  106.50  1440 1520 1672 1904  900 903 909 934 -hsync +vsync (55.9 kHz e)
[  7587.357] (II) vmware(0): Modeline "1280x960"x60.0  108.00  1280 1376 1488 1800  960 961 964 1000 +hsync +vsync (60.0 kHz e)
[  7587.357] (II) vmware(0): Modeline "1360x768"x60.0   85.50  1360 1424 1536 1792  768 771 777 795 +hsync +vsync (47.7 kHz e)
[  7587.358] (II) vmware(0): Modeline "1280x800"x59.8   83.50  1280 1352 1480 1680  800 803 809 831 +hsync -vsync (49.7 kHz e)
[  7587.358] (II) vmware(0): Modeline "1152x864"x75.0  108.00  1152 1216 1344 1600  864 865 868 900 +hsync +vsync (67.5 kHz e)
[  7587.358] (II) vmware(0): Modeline "1280x768"x59.9   79.50  1280 1344 1472 1664  768 771 778 798 -hsync +vsync (47.8 kHz e)
[  7587.358] (II) vmware(0): Modeline "1024x768"x60.0   65.00  1024 1048 1184 1344  768 771 777 806 -hsync -vsync (48.4 kHz e)
[  7587.359] (II) vmware(0): Modeline "800x600"x60.3   40.00  800 840 968 1056  600 601 605 628 +hsync +vsync (37.9 kHz e)
[  7587.359] (II) vmware(0): Modeline "640x480"x59.9   25.18  640 656 752 800  480 489 492 525 -hsync -vsync (31.5 kHz e)
[  7587.359] (II) vmware(0): EDID for output Virtual2
[  7587.361] (II) vmware(0): EDID for output Virtual3
[  7587.362] (II) vmware(0): EDID for output Virtual4
[  7587.362] (II) vmware(0): EDID for output Virtual5
[  7587.363] (II) vmware(0): EDID for output Virtual6
[  7587.363] (II) vmware(0): EDID for output Virtual7
[  7587.364] (II) vmware(0): EDID for output Virtual8
[  7587.364] (II) vmware(0): Output Virtual1 connected
[  7587.364] (II) vmware(0): Output Virtual2 disconnected
[  7587.364] (II) vmware(0): Output Virtual3 disconnected
[  7587.364] (II) vmware(0): Output Virtual4 disconnected
[  7587.364] (II) vmware(0): Output Virtual5 disconnected
[  7587.364] (II) vmware(0): Output Virtual6 disconnected
[  7587.364] (II) vmware(0): Output Virtual7 disconnected
[  7587.364] (II) vmware(0): Output Virtual8 disconnected
[  7587.364] (II) vmware(0): Using exact sizes for initial modes
[  7587.364] (II) vmware(0): Output Virtual1 using initial mode 800x600 +0+0
[  7587.364] (==) vmware(0): DPI set to (96, 96)
[  7587.364] (==) vmware(0): Using gamma correction (1.0, 1.0, 1.0)
[  7587.364] (II) Loading sub module "fb"
[  7587.364] (II) LoadModule: "fb"
[  7587.364] (II) Loading /usr/lib/xorg/modules/libfb.so
[  7587.364] (II) Module fb: vendor="X.Org Foundation"
[  7587.364] 	compiled for 1.20.8, module version = 1.0.0
[  7587.364] 	ABI class: X.Org ANSI C Emulation, version 0.4
[  7587.364] (II) Loading sub module "dri2"
[  7587.364] (II) LoadModule: "dri2"
[  7587.364] (II) Module "dri2" already built-in
[  7587.364] (II) Loading sub module "dri3"
[  7587.364] (II) LoadModule: "dri3"
[  7587.364] (II) Module "dri3" already built-in
[  7587.364] (II) UnloadModule: "modesetting"
[  7587.364] (II) Unloading modesetting
[  7587.364] (II) UnloadModule: "fbdev"
[  7587.364] (II) Unloading fbdev
[  7587.364] (II) UnloadSubModule: "fbdevhw"
[  7587.364] (II) Unloading fbdevhw
[  7587.364] (II) UnloadModule: "vesa"
[  7587.364] (II) Unloading vesa
[  7587.365] (II) vmware(0): Initialized VMWARE_CTRL extension version 0.2
[  7587.390] (WW) vmware(0): Failed to initialize Gallium3D Xa. No render acceleration available.
[  7587.390] (WW) vmware(0): Skipped initialization of direct rendering due to lack of render acceleration.
[  7587.390] (--) vmware(0): Render acceleration is disabled.
[  7587.391] (==) vmware(0): Rendercheck mode is disabled.
[  7587.391] (--) vmware(0): Direct rendering (DRI2 3D) is disabled.
[  7587.392] (--) vmware(0): Direct rendering (DRI3 3D) is disabled.
[  7587.392] (==) vmware(0): Backing store enabled
[  7587.392] (==) vmware(0): Silken mouse enabled
[  7587.404] (==) vmware(0): DPMS enabled
[  7587.404] (II) vmware(0): No 3D acceleration. Not setting up textured video.
[  7587.405] (WW) vmware(0): Disabling Xv because no adaptors could be initialized.
[  7587.405] (II) Initializing extension Generic Event Extension
[  7587.405] (II) Initializing extension SHAPE
[  7587.406] (II) Initializing extension MIT-SHM
[  7587.406] (II) Initializing extension XInputExtension
[  7587.408] (II) Initializing extension XTEST
[  7587.408] (II) Initializing extension BIG-REQUESTS
[  7587.409] (II) Initializing extension SYNC
[  7587.411] (II) Initializing extension XKEYBOARD
[  7587.414] (II) Initializing extension XC-MISC
[  7587.415] (II) Initializing extension SECURITY
[  7587.416] (II) Initializing extension XFIXES
[  7587.417] (II) Initializing extension RENDER
[  7587.417] (II) Initializing extension RANDR
[  7587.420] (II) Initializing extension COMPOSITE
[  7587.420] (II) Initializing extension DAMAGE
[  7587.421] (II) Initializing extension MIT-SCREEN-SAVER
[  7587.421] (II) Initializing extension DOUBLE-BUFFER
[  7587.422] (II) Initializing extension RECORD
[  7587.423] (II) Initializing extension DPMS
[  7587.425] (II) Initializing extension Present
[  7587.425] (II) Initializing extension DRI3
[  7587.425] (II) Initializing extension X-Resource
[  7587.426] (II) Initializing extension XVideo
[  7587.430] (II) Initializing extension XVideo-MotionCompensation
[  7587.431] (II) Initializing extension SELinux
[  7587.431] (II) SELinux: Disabled on system
[  7587.431] (II) Initializing extension GLX
[  7587.433] (II) AIGLX: Screen 0 is not DRI2 capable
[  7587.470] (II) IGLX: Loaded and initialized swrast
[  7587.472] (II) GLX: Initialized DRISWRAST GL provider for screen 0
[  7587.473] (II) Initializing extension XFree86-VidModeExtension
[  7587.474] (II) Initializing extension XFree86-DGA
[  7587.475] (II) Initializing extension XFree86-DRI
[  7587.475] (II) Initializing extension DRI2
[  7587.504] (II) vmware(0): Setting screen physical size to 211 x 158
[  7587.795] (II) config/udev: Adding input device Power Button (/dev/input/event0)
[  7587.797] (**) Power Button: Applying InputClass "libinput keyboard catchall"
[  7587.797] (II) LoadModule: "libinput"
[  7587.798] (II) Loading /usr/lib/xorg/modules/input/libinput_drv.so
[  7587.806] (II) Module libinput: vendor="X.Org Foundation"
[  7587.806] 	compiled for 1.20.4, module version = 0.29.0
[  7587.806] 	Module class: X.Org XInput Driver
[  7587.806] 	ABI class: X.Org XInput driver, version 24.1
[  7587.807] (II) Using input driver 'libinput' for 'Power Button'
[  7587.808] (II) systemd-logind: got fd for /dev/input/event0 13:64 fd 21 paused 0
[  7587.808] (**) Power Button: always reports core events
[  7587.808] (**) Option "Device" "/dev/input/event0"
[  7587.809] (**) Option "_source" "server/udev"
[  7587.816] (II) event0  - Power Button: is tagged by udev as: Keyboard
[  7587.816] (II) event0  - Power Button: device is a keyboard
[  7587.822] (II) event0  - Power Button: device removed
[  7587.823] (**) Option "config_info" "udev:/sys/devices/LNXSYSTM:00/LNXPWRBN:00/input/input0/event0"
[  7587.826] (II) XINPUT: Adding extended input device "Power Button" (type: KEYBOARD, id 6)
[  7587.826] (**) Option "xkb_model" "pc105"
[  7587.827] (**) Option "xkb_layout" "us"
[  7587.833] (II) event0  - Power Button: is tagged by udev as: Keyboard
[  7587.834] (II) event0  - Power Button: device is a keyboard
[  7587.835] (II) config/udev: Adding input device Sleep Button (/dev/input/event1)
[  7587.835] (**) Sleep Button: Applying InputClass "libinput keyboard catchall"
[  7587.836] (II) Using input driver 'libinput' for 'Sleep Button'
[  7587.837] (II) systemd-logind: got fd for /dev/input/event1 13:65 fd 24 paused 0
[  7587.838] (**) Sleep Button: always reports core events
[  7587.838] (**) Option "Device" "/dev/input/event1"
[  7587.838] (**) Option "_source" "server/udev"
[  7587.848] (II) event1  - Sleep Button: is tagged by udev as: Keyboard
[  7587.848] (II) event1  - Sleep Button: device is a keyboard
[  7587.852] (II) event1  - Sleep Button: device removed
[  7587.852] (**) Option "config_info" "udev:/sys/devices/LNXSYSTM:00/LNXSLPBN:00/input/input1/event1"
[  7587.854] (II) XINPUT: Adding extended input device "Sleep Button" (type: KEYBOARD, id 7)
[  7587.854] (**) Option "xkb_model" "pc105"
[  7587.854] (**) Option "xkb_layout" "us"
[  7587.862] (II) event1  - Sleep Button: is tagged by udev as: Keyboard
[  7587.863] (II) event1  - Sleep Button: device is a keyboard
[  7587.864] (II) config/udev: Adding input device Video Bus (/dev/input/event3)
[  7587.865] (**) Video Bus: Applying InputClass "libinput keyboard catchall"
[  7587.865] (II) Using input driver 'libinput' for 'Video Bus'
[  7587.870] (II) systemd-logind: got fd for /dev/input/event3 13:67 fd 25 paused 0
[  7587.872] (**) Video Bus: always reports core events
[  7587.873] (**) Option "Device" "/dev/input/event3"
[  7587.873] (**) Option "_source" "server/udev"
[  7587.876] (II) event3  - Video Bus: is tagged by udev as: Keyboard
[  7587.876] (II) event3  - Video Bus: device is a keyboard
[  7587.876] (II) event3  - Video Bus: device removed
[  7587.876] (**) Option "config_info" "udev:/sys/devices/LNXSYSTM:00/LNXSYBUS:00/PNP0A03:00/LNXVIDEO:00/input/input4/event3"
[  7587.877] (II) XINPUT: Adding extended input device "Video Bus" (type: KEYBOARD, id 8)
[  7587.877] (**) Option "xkb_model" "pc105"
[  7587.877] (**) Option "xkb_layout" "us"
[  7587.882] (II) event3  - Video Bus: is tagged by udev as: Keyboard
[  7587.883] (II) event3  - Video Bus: device is a keyboard
[  7587.891] (II) config/udev: Adding input device VirtualBox mouse integration (/dev/input/event6)
[  7587.893] (**) VirtualBox mouse integration: Applying InputClass "libinput pointer catchall"
[  7587.894] (II) Using input driver 'libinput' for 'VirtualBox mouse integration'
[  7587.896] (II) systemd-logind: got fd for /dev/input/event6 13:70 fd 26 paused 0
[  7587.896] (**) VirtualBox mouse integration: always reports core events
[  7587.896] (**) Option "Device" "/dev/input/event6"
[  7587.896] (**) Option "_source" "server/udev"
[  7587.901] (II) event6  - VirtualBox mouse integration: is tagged by udev as: Mouse
[  7587.903] (II) event6  - VirtualBox mouse integration: device is a pointer
[  7587.903] (II) event6  - VirtualBox mouse integration: device removed
[  7587.903] (**) Option "config_info" "udev:/sys/devices/pci0000:00/0000:00:04.0/input/input7/event6"
[  7587.904] (II) XINPUT: Adding extended input device "VirtualBox mouse integration" (type: MOUSE, id 9)
[  7587.904] (**) Option "AccelerationScheme" "none"
[  7587.904] (**) VirtualBox mouse integration: (accel) selected scheme none/0
[  7587.904] (**) VirtualBox mouse integration: (accel) acceleration factor: 2.000
[  7587.904] (**) VirtualBox mouse integration: (accel) acceleration threshold: 4
[  7587.906] (II) event6  - VirtualBox mouse integration: is tagged by udev as: Mouse
[  7587.911] (II) event6  - VirtualBox mouse integration: device is a pointer
[  7587.918] (II) config/udev: Adding input device VirtualBox mouse integration (/dev/input/js1)
[  7587.918] (II) No input driver specified, ignoring this device.
[  7587.918] (II) This device may have been added with another device file.
[  7587.926] (II) config/udev: Adding input device VirtualBox USB Tablet (/dev/input/event5)
[  7587.926] (**) VirtualBox USB Tablet: Applying InputClass "libinput pointer catchall"
[  7587.926] (II) Using input driver 'libinput' for 'VirtualBox USB Tablet'
[  7587.928] (II) systemd-logind: got fd for /dev/input/event5 13:69 fd 27 paused 0
[  7587.928] (**) VirtualBox USB Tablet: always reports core events
[  7587.928] (**) Option "Device" "/dev/input/event5"
[  7587.929] (**) Option "_source" "server/udev"
[  7587.943] (II) event5  - VirtualBox USB Tablet: is tagged by udev as: Mouse
[  7587.944] (II) event5  - VirtualBox USB Tablet: device is a pointer
[  7587.945] (II) event5  - VirtualBox USB Tablet: device removed
[  7587.945] (**) Option "config_info" "udev:/sys/devices/pci0000:00/0000:00:06.0/usb2/2-1/2-1:1.0/0003:80EE:0021.0001/input/input6/event5"
[  7587.945] (II) XINPUT: Adding extended input device "VirtualBox USB Tablet" (type: MOUSE, id 10)
[  7587.945] (**) Option "AccelerationScheme" "none"
[  7587.945] (**) VirtualBox USB Tablet: (accel) selected scheme none/0
[  7587.946] (**) VirtualBox USB Tablet: (accel) acceleration factor: 2.000
[  7587.946] (**) VirtualBox USB Tablet: (accel) acceleration threshold: 4
[  7587.951] (II) event5  - VirtualBox USB Tablet: is tagged by udev as: Mouse
[  7587.952] (II) event5  - VirtualBox USB Tablet: device is a pointer
[  7587.957] (II) config/udev: Adding input device VirtualBox USB Tablet (/dev/input/js0)
[  7587.957] (II) No input driver specified, ignoring this device.
[  7587.957] (II) This device may have been added with another device file.
[  7587.963] (II) config/udev: Adding input device VirtualBox USB Tablet (/dev/input/mouse1)
[  7587.963] (II) No input driver specified, ignoring this device.
[  7587.963] (II) This device may have been added with another device file.
[  7587.966] (II) config/udev: Adding input device AT Translated Set 2 keyboard (/dev/input/event2)
[  7587.966] (**) AT Translated Set 2 keyboard: Applying InputClass "libinput keyboard catchall"
[  7587.966] (II) Using input driver 'libinput' for 'AT Translated Set 2 keyboard'
[  7587.968] (II) systemd-logind: got fd for /dev/input/event2 13:66 fd 28 paused 0
[  7587.968] (**) AT Translated Set 2 keyboard: always reports core events
[  7587.970] (**) Option "Device" "/dev/input/event2"
[  7587.970] (**) Option "_source" "server/udev"
[  7587.971] (II) event2  - AT Translated Set 2 keyboard: is tagged by udev as: Keyboard
[  7587.972] (II) event2  - AT Translated Set 2 keyboard: device is a keyboard
[  7587.975] (II) event2  - AT Translated Set 2 keyboard: device removed
[  7587.975] (**) Option "config_info" "udev:/sys/devices/platform/i8042/serio0/input/input2/event2"
[  7587.975] (II) XINPUT: Adding extended input device "AT Translated Set 2 keyboard" (type: KEYBOARD, id 11)
[  7587.975] (**) Option "xkb_model" "pc105"
[  7587.975] (**) Option "xkb_layout" "us"
[  7587.986] (II) event2  - AT Translated Set 2 keyboard: is tagged by udev as: Keyboard
[  7587.987] (II) event2  - AT Translated Set 2 keyboard: device is a keyboard
[  7587.989] (II) config/udev: Adding input device ImExPS/2 Generic Explorer Mouse (/dev/input/event4)
[  7587.989] (**) ImExPS/2 Generic Explorer Mouse: Applying InputClass "libinput pointer catchall"
[  7587.989] (II) Using input driver 'libinput' for 'ImExPS/2 Generic Explorer Mouse'
[  7587.991] (II) systemd-logind: got fd for /dev/input/event4 13:68 fd 29 paused 0
[  7587.991] (**) ImExPS/2 Generic Explorer Mouse: always reports core events
[  7587.991] (**) Option "Device" "/dev/input/event4"
[  7587.991] (**) Option "_source" "server/udev"
[  7587.994] (II) event4  - ImExPS/2 Generic Explorer Mouse: is tagged by udev as: Mouse
[  7587.994] (II) event4  - ImExPS/2 Generic Explorer Mouse: device is a pointer
[  7587.995] (II) event4  - ImExPS/2 Generic Explorer Mouse: device removed
[  7587.996] (**) Option "config_info" "udev:/sys/devices/platform/i8042/serio1/input/input5/event4"
[  7587.996] (II) XINPUT: Adding extended input device "ImExPS/2 Generic Explorer Mouse" (type: MOUSE, id 12)
[  7587.997] (**) Option "AccelerationScheme" "none"
[  7587.997] (**) ImExPS/2 Generic Explorer Mouse: (accel) selected scheme none/0
[  7587.997] (**) ImExPS/2 Generic Explorer Mouse: (accel) acceleration factor: 2.000
[  7587.997] (**) ImExPS/2 Generic Explorer Mouse: (accel) acceleration threshold: 4
[  7588.002] (II) event4  - ImExPS/2 Generic Explorer Mouse: is tagged by udev as: Mouse
[  7588.002] (II) event4  - ImExPS/2 Generic Explorer Mouse: device is a pointer
[  7588.007] (II) config/udev: Adding input device ImExPS/2 Generic Explorer Mouse (/dev/input/mouse0)
[  7588.008] (II) No input driver specified, ignoring this device.
[  7588.008] (II) This device may have been added with another device file.
