[   464.725] (--) Log file renamed from "/home/level4/.local/share/xorg/Xorg.pid-2813.log" to "/home/level4/.local/share/xorg/Xorg.0.log"
[   464.727] 
X.Org X Server 1.20.8
X Protocol Version 11, Revision 0
[   464.728] Build Operating System: Linux 4.4.0-184-generic x86_64 Ubuntu
[   464.728] Current Operating System: Linux ubuntu 5.4.0-42-generic #46-Ubuntu SMP Fri Jul 10 00:24:02 UTC 2020 x86_64
[   464.729] Kernel command line: BOOT_IMAGE=/boot/vmlinuz-5.4.0-42-generic root=UUID=f455d465-f1c7-4718-a1c9-59e2a8e8e11d ro maybe-ubiquity
[   464.730] Build Date: 24 June 2020  06:00:21AM
[   464.730] xorg-server 2:1.20.8-2ubuntu2.2 (For technical support please see http://www.ubuntu.com/support) 
[   464.730] Current version of pixman: 0.38.4
[   464.730] 	Before reporting problems, check http://wiki.x.org
	to make sure that you have the latest version.
[   464.731] Markers: (--) probed, (**) from config file, (==) default setting,
	(++) from command line, (!!) notice, (II) informational,
	(WW) warning, (EE) error, (NI) not implemented, (??) unknown.
[   464.733] (==) Log file: "/home/level4/.local/share/xorg/Xorg.0.log", Time: Tue Sep 29 05:02:56 2020
[   464.733] (==) Using system config directory "/usr/share/X11/xorg.conf.d"
[   464.737] (==) No Layout section.  Using the first Screen section.
[   464.737] (==) No screen section available. Using defaults.
[   464.737] (**) |-->Screen "Default Screen Section" (0)
[   464.737] (**) |   |-->Monitor "<default monitor>"
[   464.741] (==) No monitor specified for screen "Default Screen Section".
	Using a default monitor configuration.
[   464.742] (==) Automatically adding devices
[   464.743] (==) Automatically enabling devices
[   464.743] (==) Automatically adding GPU devices
[   464.743] (==) Automatically binding GPU devices
[   464.743] (==) Max clients allowed: 256, resource mask: 0x1fffff
[   464.743] (WW) The directory "/usr/share/fonts/X11/cyrillic" does not exist.
[   464.744] 	Entry deleted from font path.
[   464.745] (WW) The directory "/usr/share/fonts/X11/100dpi/" does not exist.
[   464.745] 	Entry deleted from font path.
[   464.745] (WW) The directory "/usr/share/fonts/X11/75dpi/" does not exist.
[   464.745] 	Entry deleted from font path.
[   464.745] (WW) The directory "/usr/share/fonts/X11/100dpi" does not exist.
[   464.745] 	Entry deleted from font path.
[   464.745] (WW) The directory "/usr/share/fonts/X11/75dpi" does not exist.
[   464.745] 	Entry deleted from font path.
[   464.745] (==) FontPath set to:
	/usr/share/fonts/X11/misc,
	/usr/share/fonts/X11/Type1,
	built-ins
[   464.746] (==) ModulePath set to "/usr/lib/xorg/modules"
[   464.746] (II) The server relies on udev to provide the list of input devices.
	If no devices become available, reconfigure udev or disable AutoAddDevices.
[   464.746] (II) Loader magic: 0x556f07fbc020
[   464.746] (II) Module ABI versions:
[   464.746] 	X.Org ANSI C Emulation: 0.4
[   464.746] 	X.Org Video Driver: 24.1
[   464.746] 	X.Org XInput driver : 24.1
[   464.746] 	X.Org Server Extension : 10.0
[   464.779] (++) using VT number 2

[   464.873] (II) systemd-logind: took control of session /org/freedesktop/login1/session/_35
[   464.874] (II) xfree86: Adding drm device (/dev/dri/card0)
[   464.876] (II) systemd-logind: got fd for /dev/dri/card0 226:0 fd 12 paused 0
[   464.878] (--) PCI:*(0@0:2:0) 15ad:0405:15ad:0405 rev 0, Mem @ 0xf0000000/16777216, 0xf1000000/2097152, I/O @ 0x0000d000/16, BIOS @ 0x????????/131072
[   464.878] (II) LoadModule: "glx"
[   464.878] (II) Loading /usr/lib/xorg/modules/extensions/libglx.so
[   464.879] (II) Module glx: vendor="X.Org Foundation"
[   464.879] 	compiled for 1.20.8, module version = 1.0.0
[   464.879] 	ABI class: X.Org Server Extension, version 10.0
[   464.879] (==) Matched vmware as autoconfigured driver 0
[   464.879] (==) Matched modesetting as autoconfigured driver 1
[   464.879] (==) Matched fbdev as autoconfigured driver 2
[   464.879] (==) Matched vesa as autoconfigured driver 3
[   464.879] (==) Assigned the driver to the xf86ConfigLayout
[   464.879] (II) LoadModule: "vmware"
[   464.886] (II) Loading /usr/lib/xorg/modules/drivers/vmware_drv.so
[   464.959] (II) Module vmware: vendor="X.Org Foundation"
[   464.959] 	compiled for 1.20.8, module version = 13.3.0
[   464.959] 	Module class: X.Org Video Driver
[   464.963] 	ABI class: X.Org Video Driver, version 24.1
[   464.964] (II) LoadModule: "modesetting"
[   464.965] (II) Loading /usr/lib/xorg/modules/drivers/modesetting_drv.so
[   464.965] (II) Module modesetting: vendor="X.Org Foundation"
[   464.965] 	compiled for 1.20.8, module version = 1.20.8
[   464.967] 	Module class: X.Org Video Driver
[   464.968] 	ABI class: X.Org Video Driver, version 24.1
[   464.968] (II) LoadModule: "fbdev"
[   464.968] (II) Loading /usr/lib/xorg/modules/drivers/fbdev_drv.so
[   464.968] (II) Module fbdev: vendor="X.Org Foundation"
[   464.968] 	compiled for 1.20.1, module version = 0.5.0
[   464.968] 	Module class: X.Org Video Driver
[   464.968] 	ABI class: X.Org Video Driver, version 24.0
[   464.968] (II) LoadModule: "vesa"
[   464.969] (II) Loading /usr/lib/xorg/modules/drivers/vesa_drv.so
[   464.969] (II) Module vesa: vendor="X.Org Foundation"
[   464.969] 	compiled for 1.20.4, module version = 2.4.0
[   464.969] 	Module class: X.Org Video Driver
[   464.969] 	ABI class: X.Org Video Driver, version 24.0
[   464.969] (II) vmware: driver for VMware SVGA: vmware0405, vmware0710
[   464.969] (II) modesetting: Driver for Modesetting Kernel Drivers: kms
[   464.969] (II) FBDEV: driver for framebuffer: fbdev
[   464.970] (II) VESA: driver for VESA chipsets: vesa
[   464.970] xf86EnableIOPorts: failed to set IOPL for I/O (Operation not permitted)
[   464.970] (WW) Falling back to old probe method for modesetting
[   464.973] (WW) Falling back to old probe method for fbdev
[   464.975] (II) Loading sub module "fbdevhw"
[   464.975] (II) LoadModule: "fbdevhw"
[   464.976] (II) Loading /usr/lib/xorg/modules/libfbdevhw.so
[   464.976] (II) Module fbdevhw: vendor="X.Org Foundation"
[   464.976] 	compiled for 1.20.8, module version = 0.0.2
[   464.976] 	ABI class: X.Org Video Driver, version 24.1
[   464.977] (EE) open /dev/fb0: Permission denied
[   464.977] (WW) VGA arbiter: cannot open kernel arbiter, no multi-card support
[   464.977] (II) vmware(0): Creating default Display subsection in Screen section
	"Default Screen Section" for depth/fbbpp 24/32
[   464.977] (--) vmware(0): DRM driver version is 2.15.0
[   464.977] (==) vmware(0): Depth 24, (--) framebuffer bpp 32
[   464.978] (==) vmware(0): RGB weight 888
[   464.978] (==) vmware(0): Default visual is TrueColor
[   464.978] (--) vmware(0): Min width 1, Max Width 8192.
[   464.978] (--) vmware(0): Min height 1, Max Height 8192.
[   464.978] (II) vmware(0): Output Virtual1 has no monitor section
[   464.979] (II) vmware(0): Output Virtual2 has no monitor section
[   464.979] (II) vmware(0): Output Virtual3 has no monitor section
[   464.979] (II) vmware(0): Output Virtual4 has no monitor section
[   464.979] (II) vmware(0): Output Virtual5 has no monitor section
[   464.979] (II) vmware(0): Output Virtual6 has no monitor section
[   464.979] (II) vmware(0): Output Virtual7 has no monitor section
[   464.980] (II) vmware(0): Output Virtual8 has no monitor section
[   464.980] (II) vmware(0): Printing probed modes for output Virtual1
[   464.984] (II) vmware(0): Modeline "800x600"x60.0   42.75  800 850 900 950  600 650 700 750 -hsync +vsync (45.0 kHz eP)
[   464.986] (II) vmware(0): Modeline "2560x1600"x60.0  348.50  2560 2752 3032 3504  1600 1603 1609 1658 -hsync +vsync (99.5 kHz e)
[   464.986] (II) vmware(0): Modeline "1920x1440"x60.0  234.00  1920 2048 2256 2600  1440 1441 1444 1500 -hsync +vsync (90.0 kHz e)
[   464.986] (II) vmware(0): Modeline "1856x1392"x60.0  218.25  1856 1952 2176 2528  1392 1393 1396 1439 -hsync +vsync (86.3 kHz e)
[   464.986] (II) vmware(0): Modeline "1792x1344"x60.0  204.75  1792 1920 2120 2448  1344 1345 1348 1394 -hsync +vsync (83.6 kHz e)
[   464.986] (II) vmware(0): Modeline "1920x1200"x59.9  193.25  1920 2056 2256 2592  1200 1203 1209 1245 -hsync +vsync (74.6 kHz e)
[   464.986] (II) vmware(0): Modeline "1600x1200"x60.0  162.00  1600 1664 1856 2160  1200 1201 1204 1250 +hsync +vsync (75.0 kHz e)
[   464.986] (II) vmware(0): Modeline "1680x1050"x60.0  146.25  1680 1784 1960 2240  1050 1053 1059 1089 -hsync +vsync (65.3 kHz e)
[   464.986] (II) vmware(0): Modeline "1400x1050"x60.0  121.75  1400 1488 1632 1864  1050 1053 1057 1089 -hsync +vsync (65.3 kHz e)
[   464.986] (II) vmware(0): Modeline "1280x1024"x60.0  108.00  1280 1328 1440 1688  1024 1025 1028 1066 +hsync +vsync (64.0 kHz e)
[   464.986] (II) vmware(0): Modeline "1440x900"x59.9  106.50  1440 1520 1672 1904  900 903 909 934 -hsync +vsync (55.9 kHz e)
[   464.986] (II) vmware(0): Modeline "1280x960"x60.0  108.00  1280 1376 1488 1800  960 961 964 1000 +hsync +vsync (60.0 kHz e)
[   464.986] (II) vmware(0): Modeline "1360x768"x60.0   85.50  1360 1424 1536 1792  768 771 777 795 +hsync +vsync (47.7 kHz e)
[   464.986] (II) vmware(0): Modeline "1280x800"x59.8   83.50  1280 1352 1480 1680  800 803 809 831 +hsync -vsync (49.7 kHz e)
[   464.986] (II) vmware(0): Modeline "1152x864"x75.0  108.00  1152 1216 1344 1600  864 865 868 900 +hsync +vsync (67.5 kHz e)
[   464.986] (II) vmware(0): Modeline "1280x768"x59.9   79.50  1280 1344 1472 1664  768 771 778 798 -hsync +vsync (47.8 kHz e)
[   464.986] (II) vmware(0): Modeline "1024x768"x60.0   65.00  1024 1048 1184 1344  768 771 777 806 -hsync -vsync (48.4 kHz e)
[   464.986] (II) vmware(0): Modeline "800x600"x60.3   40.00  800 840 968 1056  600 601 605 628 +hsync +vsync (37.9 kHz e)
[   464.986] (II) vmware(0): Modeline "640x480"x59.9   25.18  640 656 752 800  480 489 492 525 -hsync -vsync (31.5 kHz e)
[   464.986] (II) vmware(0): EDID for output Virtual2
[   464.986] (II) vmware(0): EDID for output Virtual3
[   464.986] (II) vmware(0): EDID for output Virtual4
[   464.986] (II) vmware(0): EDID for output Virtual5
[   464.986] (II) vmware(0): EDID for output Virtual6
[   464.986] (II) vmware(0): EDID for output Virtual7
[   464.986] (II) vmware(0): EDID for output Virtual8
[   464.986] (II) vmware(0): Output Virtual1 connected
[   464.986] (II) vmware(0): Output Virtual2 disconnected
[   464.986] (II) vmware(0): Output Virtual3 disconnected
[   464.986] (II) vmware(0): Output Virtual4 disconnected
[   464.986] (II) vmware(0): Output Virtual5 disconnected
[   464.986] (II) vmware(0): Output Virtual6 disconnected
[   464.986] (II) vmware(0): Output Virtual7 disconnected
[   464.986] (II) vmware(0): Output Virtual8 disconnected
[   464.986] (II) vmware(0): Using exact sizes for initial modes
[   464.986] (II) vmware(0): Output Virtual1 using initial mode 800x600 +0+0
[   464.986] (==) vmware(0): DPI set to (96, 96)
[   464.986] (==) vmware(0): Using gamma correction (1.0, 1.0, 1.0)
[   464.986] (II) Loading sub module "fb"
[   464.986] (II) LoadModule: "fb"
[   464.986] (II) Loading /usr/lib/xorg/modules/libfb.so
[   464.986] (II) Module fb: vendor="X.Org Foundation"
[   464.986] 	compiled for 1.20.8, module version = 1.0.0
[   464.986] 	ABI class: X.Org ANSI C Emulation, version 0.4
[   464.986] (II) Loading sub module "dri2"
[   464.986] (II) LoadModule: "dri2"
[   464.986] (II) Module "dri2" already built-in
[   464.986] (II) Loading sub module "dri3"
[   464.986] (II) LoadModule: "dri3"
[   464.986] (II) Module "dri3" already built-in
[   464.986] (II) UnloadModule: "modesetting"
[   464.986] (II) Unloading modesetting
[   464.987] (II) UnloadModule: "fbdev"
[   464.987] (II) Unloading fbdev
[   464.987] (II) UnloadSubModule: "fbdevhw"
[   464.987] (II) Unloading fbdevhw
[   464.987] (II) UnloadModule: "vesa"
[   464.987] (II) Unloading vesa
[   464.987] (II) vmware(0): Initialized VMWARE_CTRL extension version 0.2
[   465.008] (WW) vmware(0): Failed to initialize Gallium3D Xa. No render acceleration available.
[   465.008] (WW) vmware(0): Skipped initialization of direct rendering due to lack of render acceleration.
[   465.008] (--) vmware(0): Render acceleration is disabled.
[   465.008] (==) vmware(0): Rendercheck mode is disabled.
[   465.008] (--) vmware(0): Direct rendering (DRI2 3D) is disabled.
[   465.008] (--) vmware(0): Direct rendering (DRI3 3D) is disabled.
[   465.008] (==) vmware(0): Backing store enabled
[   465.008] (==) vmware(0): Silken mouse enabled
[   465.008] (==) vmware(0): DPMS enabled
[   465.008] (II) vmware(0): No 3D acceleration. Not setting up textured video.
[   465.008] (WW) vmware(0): Disabling Xv because no adaptors could be initialized.
[   465.008] (II) Initializing extension Generic Event Extension
[   465.008] (II) Initializing extension SHAPE
[   465.009] (II) Initializing extension MIT-SHM
[   465.020] (II) Initializing extension XInputExtension
[   465.049] (II) Initializing extension XTEST
[   465.055] (II) Initializing extension BIG-REQUESTS
[   465.056] (II) Initializing extension SYNC
[   465.057] (II) Initializing extension XKEYBOARD
[   465.059] (II) Initializing extension XC-MISC
[   465.063] (II) Initializing extension SECURITY
[   465.067] (II) Initializing extension XFIXES
[   465.068] (II) Initializing extension RENDER
[   465.069] (II) Initializing extension RANDR
[   465.077] (II) Initializing extension COMPOSITE
[   465.077] (II) Initializing extension DAMAGE
[   465.078] (II) Initializing extension MIT-SCREEN-SAVER
[   465.079] (II) Initializing extension DOUBLE-BUFFER
[   465.082] (II) Initializing extension RECORD
[   465.096] (II) Initializing extension DPMS
[   465.103] (II) Initializing extension Present
[   465.117] (II) Initializing extension DRI3
[   465.117] (II) Initializing extension X-Resource
[   465.117] (II) Initializing extension XVideo
[   465.117] (II) Initializing extension XVideo-MotionCompensation
[   465.117] (II) Initializing extension SELinux
[   465.118] (II) SELinux: Disabled on system
[   465.118] (II) Initializing extension GLX
[   465.119] (II) AIGLX: Screen 0 is not DRI2 capable
[   465.179] (II) IGLX: Loaded and initialized swrast
[   465.179] (II) GLX: Initialized DRISWRAST GL provider for screen 0
[   465.179] (II) Initializing extension XFree86-VidModeExtension
[   465.183] (II) Initializing extension XFree86-DGA
[   465.186] (II) Initializing extension XFree86-DRI
[   465.186] (II) Initializing extension DRI2
[   465.195] (II) vmware(0): Setting screen physical size to 211 x 158
[   465.392] (II) config/udev: Adding input device Power Button (/dev/input/event0)
[   465.392] (**) Power Button: Applying InputClass "libinput keyboard catchall"
[   465.392] (II) LoadModule: "libinput"
[   465.393] (II) Loading /usr/lib/xorg/modules/input/libinput_drv.so
[   465.396] (II) Module libinput: vendor="X.Org Foundation"
[   465.396] 	compiled for 1.20.4, module version = 0.29.0
[   465.396] 	Module class: X.Org XInput Driver
[   465.396] 	ABI class: X.Org XInput driver, version 24.1
[   465.396] (II) Using input driver 'libinput' for 'Power Button'
[   465.398] (II) systemd-logind: got fd for /dev/input/event0 13:64 fd 20 paused 0
[   465.398] (**) Power Button: always reports core events
[   465.398] (**) Option "Device" "/dev/input/event0"
[   465.398] (**) Option "_source" "server/udev"
[   465.407] (II) event0  - Power Button: is tagged by udev as: Keyboard
[   465.407] (II) event0  - Power Button: device is a keyboard
[   465.407] (II) event0  - Power Button: device removed
[   465.408] (**) Option "config_info" "udev:/sys/devices/LNXSYSTM:00/LNXPWRBN:00/input/input0/event0"
[   465.408] (II) XINPUT: Adding extended input device "Power Button" (type: KEYBOARD, id 6)
[   465.408] (**) Option "xkb_model" "pc105"
[   465.408] (**) Option "xkb_layout" "us"
[   465.411] (II) event0  - Power Button: is tagged by udev as: Keyboard
[   465.411] (II) event0  - Power Button: device is a keyboard
[   465.412] (II) config/udev: Adding input device Sleep Button (/dev/input/event1)
[   465.412] (**) Sleep Button: Applying InputClass "libinput keyboard catchall"
[   465.412] (II) Using input driver 'libinput' for 'Sleep Button'
[   465.414] (II) systemd-logind: got fd for /dev/input/event1 13:65 fd 23 paused 0
[   465.414] (**) Sleep Button: always reports core events
[   465.414] (**) Option "Device" "/dev/input/event1"
[   465.414] (**) Option "_source" "server/udev"
[   465.421] (II) event1  - Sleep Button: is tagged by udev as: Keyboard
[   465.422] (II) event1  - Sleep Button: device is a keyboard
[   465.422] (II) event1  - Sleep Button: device removed
[   465.422] (**) Option "config_info" "udev:/sys/devices/LNXSYSTM:00/LNXSLPBN:00/input/input1/event1"
[   465.422] (II) XINPUT: Adding extended input device "Sleep Button" (type: KEYBOARD, id 7)
[   465.422] (**) Option "xkb_model" "pc105"
[   465.422] (**) Option "xkb_layout" "us"
[   465.425] (II) event1  - Sleep Button: is tagged by udev as: Keyboard
[   465.425] (II) event1  - Sleep Button: device is a keyboard
[   465.427] (II) config/udev: Adding input device Video Bus (/dev/input/event3)
[   465.427] (**) Video Bus: Applying InputClass "libinput keyboard catchall"
[   465.427] (II) Using input driver 'libinput' for 'Video Bus'
[   465.428] (II) systemd-logind: got fd for /dev/input/event3 13:67 fd 24 paused 0
[   465.428] (**) Video Bus: always reports core events
[   465.428] (**) Option "Device" "/dev/input/event3"
[   465.429] (**) Option "_source" "server/udev"
[   465.431] (II) event3  - Video Bus: is tagged by udev as: Keyboard
[   465.431] (II) event3  - Video Bus: device is a keyboard
[   465.431] (II) event3  - Video Bus: device removed
[   465.431] (**) Option "config_info" "udev:/sys/devices/LNXSYSTM:00/LNXSYBUS:00/PNP0A03:00/LNXVIDEO:00/input/input4/event3"
[   465.432] (II) XINPUT: Adding extended input device "Video Bus" (type: KEYBOARD, id 8)
[   465.432] (**) Option "xkb_model" "pc105"
[   465.432] (**) Option "xkb_layout" "us"
[   465.438] (II) event3  - Video Bus: is tagged by udev as: Keyboard
[   465.438] (II) event3  - Video Bus: device is a keyboard
[   465.440] (II) config/udev: Adding input device VirtualBox mouse integration (/dev/input/event6)
[   465.440] (**) VirtualBox mouse integration: Applying InputClass "libinput pointer catchall"
[   465.441] (II) Using input driver 'libinput' for 'VirtualBox mouse integration'
[   465.443] (II) systemd-logind: got fd for /dev/input/event6 13:70 fd 25 paused 0
[   465.443] (**) VirtualBox mouse integration: always reports core events
[   465.443] (**) Option "Device" "/dev/input/event6"
[   465.443] (**) Option "_source" "server/udev"
[   465.447] (II) event6  - VirtualBox mouse integration: is tagged by udev as: Mouse
[   465.447] (II) event6  - VirtualBox mouse integration: device is a pointer
[   465.448] (II) event6  - VirtualBox mouse integration: device removed
[   465.448] (**) Option "config_info" "udev:/sys/devices/pci0000:00/0000:00:04.0/input/input7/event6"
[   465.449] (II) XINPUT: Adding extended input device "VirtualBox mouse integration" (type: MOUSE, id 9)
[   465.449] (**) Option "AccelerationScheme" "none"
[   465.449] (**) VirtualBox mouse integration: (accel) selected scheme none/0
[   465.449] (**) VirtualBox mouse integration: (accel) acceleration factor: 2.000
[   465.449] (**) VirtualBox mouse integration: (accel) acceleration threshold: 4
[   465.462] (II) event6  - VirtualBox mouse integration: is tagged by udev as: Mouse
[   465.462] (II) event6  - VirtualBox mouse integration: device is a pointer
[   465.464] (II) config/udev: Adding input device VirtualBox mouse integration (/dev/input/js1)
[   465.464] (II) No input driver specified, ignoring this device.
[   465.464] (II) This device may have been added with another device file.
[   465.468] (II) config/udev: Adding input device VirtualBox USB Tablet (/dev/input/event5)
[   465.468] (**) VirtualBox USB Tablet: Applying InputClass "libinput pointer catchall"
[   465.470] (II) Using input driver 'libinput' for 'VirtualBox USB Tablet'
[   465.529] (II) systemd-logind: got fd for /dev/input/event5 13:69 fd 26 paused 0
[   465.529] (**) VirtualBox USB Tablet: always reports core events
[   465.529] (**) Option "Device" "/dev/input/event5"
[   465.529] (**) Option "_source" "server/udev"
[   465.531] (II) event5  - VirtualBox USB Tablet: is tagged by udev as: Mouse
[   465.531] (II) event5  - VirtualBox USB Tablet: device is a pointer
[   465.531] (II) event5  - VirtualBox USB Tablet: device removed
[   465.531] (**) Option "config_info" "udev:/sys/devices/pci0000:00/0000:00:06.0/usb2/2-1/2-1:1.0/0003:80EE:0021.0001/input/input6/event5"
[   465.531] (II) XINPUT: Adding extended input device "VirtualBox USB Tablet" (type: MOUSE, id 10)
[   465.531] (**) Option "AccelerationScheme" "none"
[   465.531] (**) VirtualBox USB Tablet: (accel) selected scheme none/0
[   465.531] (**) VirtualBox USB Tablet: (accel) acceleration factor: 2.000
[   465.531] (**) VirtualBox USB Tablet: (accel) acceleration threshold: 4
[   465.538] (II) event5  - VirtualBox USB Tablet: is tagged by udev as: Mouse
[   465.540] (II) event5  - VirtualBox USB Tablet: device is a pointer
[   465.554] (II) config/udev: Adding input device VirtualBox USB Tablet (/dev/input/js0)
[   465.555] (II) No input driver specified, ignoring this device.
[   465.555] (II) This device may have been added with another device file.
[   465.556] (II) config/udev: Adding input device VirtualBox USB Tablet (/dev/input/mouse1)
[   465.556] (II) No input driver specified, ignoring this device.
[   465.556] (II) This device may have been added with another device file.
[   465.557] (II) config/udev: Adding input device AT Translated Set 2 keyboard (/dev/input/event2)
[   465.557] (**) AT Translated Set 2 keyboard: Applying InputClass "libinput keyboard catchall"
[   465.557] (II) Using input driver 'libinput' for 'AT Translated Set 2 keyboard'
[   465.559] (II) systemd-logind: got fd for /dev/input/event2 13:66 fd 27 paused 0
[   465.559] (**) AT Translated Set 2 keyboard: always reports core events
[   465.559] (**) Option "Device" "/dev/input/event2"
[   465.559] (**) Option "_source" "server/udev"
[   465.565] (II) event2  - AT Translated Set 2 keyboard: is tagged by udev as: Keyboard
[   465.565] (II) event2  - AT Translated Set 2 keyboard: device is a keyboard
[   465.566] (II) event2  - AT Translated Set 2 keyboard: device removed
[   465.566] (**) Option "config_info" "udev:/sys/devices/platform/i8042/serio0/input/input2/event2"
[   465.566] (II) XINPUT: Adding extended input device "AT Translated Set 2 keyboard" (type: KEYBOARD, id 11)
[   465.566] (**) Option "xkb_model" "pc105"
[   465.566] (**) Option "xkb_layout" "us"
[   465.568] (II) event2  - AT Translated Set 2 keyboard: is tagged by udev as: Keyboard
[   465.568] (II) event2  - AT Translated Set 2 keyboard: device is a keyboard
[   465.575] (II) config/udev: Adding input device ImExPS/2 Generic Explorer Mouse (/dev/input/event4)
[   465.575] (**) ImExPS/2 Generic Explorer Mouse: Applying InputClass "libinput pointer catchall"
[   465.575] (II) Using input driver 'libinput' for 'ImExPS/2 Generic Explorer Mouse'
[   465.576] (II) systemd-logind: got fd for /dev/input/event4 13:68 fd 28 paused 0
[   465.577] (**) ImExPS/2 Generic Explorer Mouse: always reports core events
[   465.577] (**) Option "Device" "/dev/input/event4"
[   465.577] (**) Option "_source" "server/udev"
[   465.578] (II) event4  - ImExPS/2 Generic Explorer Mouse: is tagged by udev as: Mouse
[   465.579] (II) event4  - ImExPS/2 Generic Explorer Mouse: device is a pointer
[   465.580] (II) event4  - ImExPS/2 Generic Explorer Mouse: device removed
[   465.580] (**) Option "config_info" "udev:/sys/devices/platform/i8042/serio1/input/input5/event4"
[   465.580] (II) XINPUT: Adding extended input device "ImExPS/2 Generic Explorer Mouse" (type: MOUSE, id 12)
[   465.580] (**) Option "AccelerationScheme" "none"
[   465.584] (**) ImExPS/2 Generic Explorer Mouse: (accel) selected scheme none/0
[   465.584] (**) ImExPS/2 Generic Explorer Mouse: (accel) acceleration factor: 2.000
[   465.588] (**) ImExPS/2 Generic Explorer Mouse: (accel) acceleration threshold: 4
[   465.596] (II) event4  - ImExPS/2 Generic Explorer Mouse: is tagged by udev as: Mouse
[   465.596] (II) event4  - ImExPS/2 Generic Explorer Mouse: device is a pointer
[   465.605] (II) config/udev: Adding input device ImExPS/2 Generic Explorer Mouse (/dev/input/mouse0)
[   465.605] (II) No input driver specified, ignoring this device.
[   465.605] (II) This device may have been added with another device file.
[   484.555] (II) event4  - ImExPS/2 Generic Explorer Mouse: Enabling spurious button debouncing, see https://wayland.freedesktop.org/libinput/doc/1.15.5/button-debouncing.html for details
[   663.922] (**) Option "fd" "20"
[   663.922] (II) event0  - Power Button: device removed
[   663.922] (**) Option "fd" "23"
[   663.923] (II) event1  - Sleep Button: device removed
[   663.923] (**) Option "fd" "24"
[   663.923] (II) event3  - Video Bus: device removed
[   663.923] (**) Option "fd" "25"
[   663.923] (II) event6  - VirtualBox mouse integration: device removed
[   663.923] (**) Option "fd" "26"
[   663.924] (II) event5  - VirtualBox USB Tablet: device removed
[   663.924] (**) Option "fd" "27"
[   663.924] (II) event2  - AT Translated Set 2 keyboard: device removed
[   663.924] (**) Option "fd" "28"
[   663.924] (II) event4  - ImExPS/2 Generic Explorer Mouse: device removed
[   663.926] (II) UnloadModule: "libinput"
[   663.927] (II) systemd-logind: releasing fd for 13:68
[   663.931] (II) UnloadModule: "libinput"
[   663.932] (II) systemd-logind: releasing fd for 13:66
[   663.935] (II) UnloadModule: "libinput"
[   663.941] (II) systemd-logind: releasing fd for 13:69
[   663.961] (II) UnloadModule: "libinput"
[   663.962] (II) systemd-logind: releasing fd for 13:70
[   663.963] (II) UnloadModule: "libinput"
[   663.963] (II) systemd-logind: releasing fd for 13:67
[   663.967] (II) UnloadModule: "libinput"
[   663.967] (II) systemd-logind: releasing fd for 13:65
[   663.972] (II) UnloadModule: "libinput"
[   663.972] (II) systemd-logind: releasing fd for 13:64
[   664.080] (II) Server terminated successfully (0). Closing log file.
